Fri Apr 17 13:02:36 2015

Tid	Sleep	Eat	VE Work	Leisure	
00:01:03	1.000000	0.400000	0.200000	0.400000	
00:02:02	1.000000	0.400000	0.200000	0.400000	
00:03:02	1.000000	0.400000	0.200000	0.400000	
00:04:03	1.000000	0.400000	0.200000	0.400000	
00:05:02	1.000000	0.396000	0.202800	0.398000	
00:06:02	1.000000	0.392000	0.205600	0.396000	
00:07:03	1.000000	0.388000	0.208400	0.394000	
00:08:02	1.000000	0.384000	0.211200	0.392000	
00:09:02	1.000000	0.380000	0.214000	0.390000	
00:10:02	1.000000	0.376000	0.216800	0.388000	
00:11:02	1.000000	0.372000	0.219600	0.386000	
00:12:02	1.000000	0.368000	0.222400	0.384000	
00:13:03	1.000000	0.364000	0.225200	0.382000	
00:14:03	1.000000	0.360000	0.228000	0.380000	
00:15:03	1.000000	0.356000	0.230800	0.378000	
00:16:02	1.000000	0.352000	0.233600	0.376000	
00:17:02	1.000000	0.348000	0.236400	0.374000	
00:18:02	1.000000	0.344000	0.239200	0.372000	
00:19:02	1.000000	0.340000	0.242000	0.370000	
00:20:02	1.000000	0.336000	0.244800	0.368000	
00:21:02	1.000000	0.332000	0.247600	0.366000	
00:22:02	1.000000	0.328000	0.250400	0.364000	
00:23:02	1.000000	0.324000	0.253200	0.362000	
00:24:02	1.000000	0.320000	0.256000	0.360000	
00:25:03	1.000000	0.316000	0.258800	0.358000	
00:26:03	1.000000	0.312000	0.261600	0.356000	
00:27:03	1.000000	0.308000	0.264400	0.354000	
00:28:03	1.000000	0.304000	0.267200	0.352000	
00:29:03	1.000000	0.300000	0.270000	0.350000	
00:30:02	1.000000	0.296000	0.272800	0.348000	
00:31:02	1.000000	0.292000	0.275600	0.346000	
00:32:02	1.000000	0.288000	0.278400	0.344000	
00:33:02	1.000000	0.284000	0.281200	0.342000	
00:34:02	1.000000	0.280000	0.284000	0.340000	
00:35:02	1.000000	0.276000	0.286800	0.338000	
00:36:02	1.000000	0.272000	0.289600	0.336000	
00:37:02	1.000000	0.268000	0.292400	0.334000	
00:38:03	1.000000	0.264000	0.295200	0.332000	
00:39:03	1.000000	0.260000	0.298000	0.330000	
00:40:03	1.000000	0.256000	0.300800	0.328000	
00:41:03	1.000000	0.252000	0.303600	0.326000	
00:42:03	1.000000	0.248000	0.306400	0.324000	
00:43:02	1.000000	0.244000	0.309200	0.322000	
00:44:02	1.000000	0.240000	0.312000	0.320000	
00:45:02	1.000000	0.236000	0.314800	0.318000	
00:46:02	1.000000	0.232000	0.317600	0.316000	
00:47:02	1.000000	0.228000	0.320400	0.314000	
00:48:02	1.000000	0.224000	0.323200	0.312000	
00:49:02	1.000000	0.220000	0.326000	0.310000	
00:50:02	1.000000	0.216000	0.328800	0.308000	
00:51:02	1.000000	0.212000	0.331600	0.306000	
00:52:02	1.000000	0.208000	0.334400	0.304000	
00:53:03	1.000000	0.204000	0.337200	0.302000	
00:54:03	1.000000	0.200000	0.340000	0.300000	
00:55:03	1.000000	0.196000	0.342800	0.298000	
00:56:02	1.000000	0.192000	0.345600	0.296000	
00:57:02	1.000000	0.188000	0.348400	0.294000	
00:58:02	1.000000	0.184000	0.351200	0.292000	
00:59:02	1.000000	0.180000	0.354000	0.290000	
00:60:02	1.000000	0.176000	0.356800	0.288000	
01:01:02	1.000000	0.172000	0.359600	0.286000	
01:02:02	1.000000	0.168000	0.362400	0.284000	
01:03:02	1.000000	0.164000	0.365200	0.282000	
01:04:02	1.000000	0.160000	0.368000	0.280000	
01:05:02	1.000000	0.156000	0.370800	0.278000	
01:06:02	1.000000	0.152000	0.373599	0.276000	
01:07:02	1.000000	0.148000	0.376399	0.274000	
01:08:02	1.000000	0.144000	0.379199	0.272000	
01:09:02	1.000000	0.140000	0.381999	0.270000	
01:10:02	1.000000	0.136000	0.384799	0.268000	
01:11:02	1.000000	0.132000	0.387599	0.266000	
01:12:02	1.000000	0.132000	0.387599	0.266000	
01:13:02	1.000000	0.132000	0.387599	0.266000	
01:14:02	1.000000	0.149000	0.382699	0.266000	
01:15:02	1.000000	0.166000	0.377799	0.266000	
01:16:02	1.000000	0.183000	0.372899	0.266000	
01:17:02	1.000000	0.200000	0.367999	0.266000	
01:18:02	1.000000	0.217000	0.363099	0.266000	
01:19:02	1.000000	0.234000	0.358199	0.266000	
01:20:03	1.000000	0.251000	0.353299	0.266000	
01:21:02	1.000000	0.268000	0.348399	0.266000	
01:22:02	1.000000	0.285000	0.343499	0.266000	
01:23:03	1.000000	0.302000	0.338599	0.266000	
01:24:03	1.000000	0.319000	0.333699	0.266000	
01:25:03	1.000000	0.336000	0.328799	0.266000	
01:26:03	1.000000	0.353000	0.323899	0.266000	
01:27:02	1.000000	0.370000	0.318999	0.266000	
01:28:02	1.000000	0.387000	0.314099	0.266000	
01:29:02	1.000000	0.404000	0.309199	0.266000	
01:30:03	1.000000	0.421000	0.304299	0.266000	
01:31:02	1.000000	0.438000	0.299399	0.266000	
01:32:02	1.000000	0.455000	0.294499	0.266000	
01:33:03	1.000000	0.472000	0.289599	0.266000	
01:34:03	1.000000	0.489000	0.284699	0.266000	
01:35:02	1.000000	0.506000	0.279799	0.266000	
01:36:02	1.000000	0.523000	0.274899	0.266000	
01:37:03	1.000000	0.540000	0.269999	0.266000	
01:38:03	1.000000	0.557000	0.265099	0.266000	
01:39:03	1.000000	0.574000	0.260199	0.266000	
01:40:03	1.000000	0.591000	0.255299	0.266000	
01:41:03	1.000000	0.608000	0.250399	0.266000	
01:42:02	1.000000	0.625000	0.245499	0.266000	
01:43:02	1.000000	0.642000	0.240599	0.266000	
01:44:03	1.000000	0.659000	0.235699	0.266000	
01:45:03	1.000000	0.676000	0.230799	0.266000	
01:46:03	1.000000	0.693000	0.225899	0.266000	
01:47:03	1.000000	0.710000	0.220999	0.266000	
01:48:02	1.000000	0.727000	0.216099	0.266000	
01:49:02	1.000000	0.744000	0.211199	0.266000	
01:50:03	1.000000	0.761000	0.206299	0.266000	
01:51:03	1.000000	0.778000	0.201399	0.266000	
01:52:03	1.000000	0.795000	0.196499	0.266000	
01:53:03	1.000000	0.812000	0.191599	0.266000	
01:54:02	1.000000	0.829000	0.186699	0.266000	
01:55:03	1.000000	0.846000	0.181799	0.266000	
01:56:02	1.000000	0.863000	0.176899	0.266000	
01:57:03	1.000000	0.880000	0.171999	0.266000	
01:58:03	1.000000	0.897000	0.167099	0.266000	
01:59:03	1.000000	0.914000	0.162199	0.266000	
01:60:02	1.000000	0.931000	0.157299	0.266000	
02:01:02	1.000000	0.948000	0.152399	0.266000	
02:02:02	1.000000	0.965000	0.147499	0.266000	
02:03:02	1.000000	0.982000	0.142599	0.266000	
02:04:03	1.000000	0.999000	0.137699	0.266000	
02:05:03	1.000000	1.000000	0.132799	0.266000	
02:06:02	1.000000	1.000000	0.127899	0.266000	
02:07:02	1.000000	1.000000	0.122999	0.266000	
02:08:02	1.000000	1.000000	0.118099	0.266000	
02:09:03	1.000000	1.000000	0.113199	0.266000	
02:10:03	1.000000	1.000000	0.108299	0.266000	
02:11:02	1.000000	1.000000	0.103399	0.266000	
02:12:02	1.000000	1.000000	0.098499	0.266000	
02:13:02	1.000000	1.000000	0.093599	0.266000	
02:14:03	1.000000	1.000000	0.088699	0.266000	
02:15:03	1.000000	1.000000	0.083799	0.266000	
02:16:03	1.000000	1.000000	0.078899	0.266000	
02:17:03	1.000000	1.000000	0.073999	0.266000	
02:18:03	1.000000	1.000000	0.069099	0.266000	
02:19:02	1.000000	1.000000	0.064199	0.266000	
02:20:02	1.000000	1.000000	0.059299	0.266000	
02:21:03	1.000000	1.000000	0.054399	0.266000	
02:22:03	1.000000	1.000000	0.049499	0.266000	
02:23:03	1.000000	1.000000	0.044599	0.266000	
02:24:03	1.000000	1.000000	0.039699	0.266000	
02:25:02	1.000000	1.000000	0.034799	0.266000	
02:26:03	1.000000	1.000000	0.029899	0.266000	
02:27:02	1.000000	1.000000	0.024999	0.266000	
02:28:02	1.000000	1.000000	0.024999	0.266000	
02:29:03	1.000000	0.997920	0.024999	0.266000	
02:30:03	1.000000	0.995840	0.024999	0.266000	
02:31:03	1.000000	0.993760	0.024999	0.266000	
02:32:03	1.000000	0.991680	0.024999	0.266000	
02:33:02	1.000000	0.989600	0.024999	0.266000	
02:34:03	1.000000	0.987520	0.024999	0.266000	
02:35:02	1.000000	0.985440	0.024999	0.266000	
02:36:03	1.000000	0.983360	0.024999	0.266000	
02:37:02	1.000000	0.981280	0.024999	0.266000	
02:38:03	1.000000	0.979200	0.024999	0.266000	
02:39:03	1.000000	0.977120	0.024999	0.266000	
02:40:02	1.000000	0.975040	0.024999	0.266000	
02:41:02	1.000000	0.972960	0.024999	0.266000	
02:42:02	1.000000	0.970880	0.024999	0.266000	
02:43:03	1.000000	0.968800	0.024999	0.266000	
02:44:03	1.000000	0.966720	0.024999	0.266000	
02:45:03	1.000000	0.964640	0.024999	0.266000	
02:46:03	1.000000	0.962560	0.024999	0.266000	
02:47:03	1.000000	0.960480	0.024999	0.266000	
02:48:02	1.000000	0.958400	0.024999	0.266000	
02:49:02	1.000000	0.956320	0.024999	0.266000	
02:50:02	1.000000	0.954239	0.024999	0.266000	
02:51:03	1.000000	0.952159	0.024999	0.266000	
02:52:03	1.000000	0.950079	0.024999	0.266000	
02:53:03	1.000000	0.947999	0.024999	0.266000	
02:54:03	1.000000	0.945919	0.024999	0.266000	
02:55:02	1.000000	0.943839	0.024999	0.266000	
02:56:02	1.000000	0.941759	0.024999	0.266000	
02:57:02	1.000000	0.939679	0.024999	0.266000	
02:58:03	1.000000	0.937599	0.024999	0.266000	
02:59:03	1.000000	0.935519	0.024999	0.266000	
02:60:03	1.000000	0.933439	0.024999	0.266000	
03:01:03	1.000000	0.931359	0.024999	0.266000	
03:02:03	1.000000	0.929279	0.024999	0.266000	
03:03:03	1.000000	0.927199	0.024999	0.266000	
03:04:03	1.000000	0.925119	0.024999	0.266000	
03:05:03	1.000000	0.923039	0.024999	0.266000	
03:06:03	1.000000	0.920959	0.024999	0.266000	
03:07:03	1.000000	0.918879	0.024999	0.266000	
03:08:02	1.000000	0.916799	0.024999	0.266000	
03:09:02	1.000000	0.914719	0.024999	0.266000	
03:10:02	1.000000	0.912639	0.024999	0.266000	
03:11:03	1.000000	0.910559	0.024999	0.266000	
03:12:03	1.000000	0.908479	0.024999	0.266000	
03:13:02	1.000000	0.906399	0.024999	0.266000	
03:14:02	1.000000	0.904319	0.024999	0.266000	
