Fri Apr 17 13:02:36 2015

NPC	Object	Score	Positiv	nNegativ
Avstnd
Erik	Matplats1	0.940204	0.014167	0.003675	3514.390625
Erik	EriksHus	0.981821	0.008400	0.001733	1242.291870
Erik	Fritidsplats1	0.914075	0.008333	0.007500	4337.910645
Erik	SmartHouse8	0.875399	0.014167	0.003675	6754.636719
Erik	ArbetsplatsBoelErik	0.853991	0.002100	0.004083	7201.276855
Erik	Matplats1	0.921718	0.014266	0.003675	4443.607422
Erik	EriksHus	1.004363	0.008061	0.001745	97.639305
Erik	Fritidsplats1	0.920776	0.008392	0.007500	4005.760010
Erik	SmartHouse8	0.866671	0.014266	0.003675	7195.986816
Erik	ArbetsplatsBoelErik	0.852484	0.002100	0.004107	7275.469238
Erik	Matplats1	0.921869	0.014417	0.003675	4443.607422
Erik	EriksHus	1.003885	0.007602	0.001764	97.639305
Erik	Fritidsplats1	0.920865	0.008480	0.007500	4005.760010
Erik	SmartHouse8	0.866822	0.014417	0.003675	7195.986816
Erik	ArbetsplatsBoelErik	0.852448	0.002100	0.004142	7275.469238
Erik	Matplats1	0.922024	0.014571	0.003675	4443.607422
Erik	EriksHus	1.003456	0.007192	0.001783	97.639305
Erik	Fritidsplats1	0.920956	0.008571	0.007500	4005.760010
Erik	SmartHouse8	0.866976	0.014571	0.003675	7195.986816
Erik	ArbetsplatsBoelErik	0.852412	0.002100	0.004178	7275.469238
Erik	Matplats1	0.922181	0.014728	0.003675	4443.607422
Erik	EriksHus	1.003069	0.006824	0.001802	97.639305
Erik	Fritidsplats1	0.921049	0.008664	0.007500	4005.760010
Erik	SmartHouse8	0.867134	0.014728	0.003675	7195.986816
Erik	ArbetsplatsBoelErik	0.852375	0.002100	0.004215	7275.469238
Erik	Matplats1	0.922342	0.014889	0.003675	4443.607422
Erik	EriksHus	1.002717	0.006491	0.001822	97.639305
Erik	Fritidsplats1	0.921143	0.008758	0.007500	4005.760010
Erik	SmartHouse8	0.867295	0.014889	0.003675	7195.986816
Erik	ArbetsplatsBoelErik	0.852337	0.002100	0.004253	7275.469238
Erik	Matplats1	0.922507	0.015054	0.003675	4443.607422
Erik	EriksHus	1.002396	0.006190	0.001842	97.639305
Erik	Fritidsplats1	0.921240	0.008855	0.007500	4005.760010
Erik	SmartHouse8	0.867459	0.015054	0.003675	7195.986816
Erik	ArbetsplatsBoelErik	0.852298	0.002100	0.004292	7275.469238
Erik	Matplats1	0.922675	0.015222	0.003675	4443.607422
Erik	EriksHus	1.002100	0.005915	0.001862	97.639305
Erik	Fritidsplats1	0.921339	0.008954	0.007500	4005.760010
Erik	SmartHouse8	0.867627	0.015222	0.003675	7195.986816
Erik	ArbetsplatsBoelErik	0.852259	0.002100	0.004332	7275.469238
Erik	Matplats1	0.922847	0.015394	0.003675	4443.607422
Erik	EriksHus	1.001828	0.005664	0.001884	97.639305
Erik	Fritidsplats1	0.921440	0.009055	0.007500	4005.760010
Erik	SmartHouse8	0.867799	0.015394	0.003675	7195.986816
Erik	ArbetsplatsBoelErik	0.852219	0.002100	0.004372	7275.469238
Erik	Matplats1	0.923023	0.015570	0.003675	4443.607422
Erik	EriksHus	1.001576	0.005433	0.001905	97.639305
Erik	Fritidsplats1	0.921544	0.009159	0.007500	4005.760010
Erik	SmartHouse8	0.867975	0.015570	0.003675	7195.986816
Erik	ArbetsplatsBoelErik	0.852177	0.002100	0.004414	7275.469238
Erik	Matplats1	0.923203	0.015750	0.003675	4443.607422
Erik	EriksHus	1.001341	0.005221	0.001927	97.639305
Erik	Fritidsplats1	0.921650	0.009265	0.007500	4005.760010
Erik	SmartHouse8	0.868155	0.015750	0.003675	7195.986816
Erik	ArbetsplatsBoelErik	0.852135	0.002100	0.004456	7275.469238
Erik	Matplats1	0.923387	0.015934	0.003675	4443.607422
Erik	EriksHus	1.001122	0.005024	0.001950	97.639305
Erik	Fritidsplats1	0.921758	0.009373	0.007500	4005.760010
Erik	SmartHouse8	0.868340	0.015934	0.003675	7195.986816
Erik	ArbetsplatsBoelErik	0.852091	0.002100	0.004499	7275.469238
Erik	Matplats1	0.923576	0.016123	0.003675	4443.607422
Erik	EriksHus	1.000916	0.004841	0.001973	97.639305
Erik	Fritidsplats1	0.921869	0.009484	0.007500	4005.760010
Erik	SmartHouse8	0.868528	0.016123	0.003675	7195.986816
Erik	ArbetsplatsBoelErik	0.852047	0.002100	0.004544	7275.469238
Erik	Matplats1	0.923769	0.016316	0.003675	4443.607422
Erik	EriksHus	1.000723	0.004672	0.001996	97.639305
Erik	Fritidsplats1	0.921983	0.009598	0.007500	4005.760010
Erik	SmartHouse8	0.868721	0.016316	0.003675	7195.986816
Erik	ArbetsplatsBoelErik	0.852002	0.002100	0.004589	7275.469238
Erik	Matplats1	0.923967	0.016514	0.003675	4443.607422
Erik	EriksHus	1.000540	0.004514	0.002021	97.639305
Erik	Fritidsplats1	0.922099	0.009714	0.007500	4005.760010
Erik	SmartHouse8	0.868919	0.016514	0.003675	7195.986816
Erik	ArbetsplatsBoelErik	0.851955	0.002100	0.004636	7275.469238
Erik	Matplats1	0.924169	0.016717	0.003675	4443.607422
Erik	EriksHus	1.000368	0.004366	0.002045	97.639305
Erik	Fritidsplats1	0.922218	0.009833	0.007500	4005.760010
Erik	SmartHouse8	0.869122	0.016717	0.003675	7195.986816
Erik	ArbetsplatsBoelErik	0.851907	0.002100	0.004683	7275.469238
Erik	Matplats1	0.924307	0.016854	0.003675	4443.607422
Erik	EriksHus	1.000258	0.004273	0.002062	97.639305
Erik	Fritidsplats1	0.922299	0.009914	0.007500	4005.760010
Erik	SmartHouse8	0.869260	0.016854	0.003675	7195.986816
Erik	ArbetsplatsBoelErik	0.851875	0.002100	0.004716	7275.469238
Erik	Matplats1	0.924518	0.017066	0.003675	4443.607422
Erik	EriksHus	1.000099	0.004140	0.002088	97.639305
Erik	Fritidsplats1	0.922423	0.010039	0.007500	4005.760010
Erik	SmartHouse8	0.869471	0.017066	0.003675	7195.986816
Erik	ArbetsplatsBoelErik	0.851825	0.002100	0.004765	7275.469238
Erik	Matplats1	0.924735	0.017282	0.003675	4443.607422
Erik	EriksHus	0.999948	0.004015	0.002115	97.639305
Erik	Fritidsplats1	0.922551	0.010166	0.007500	4005.760010
Erik	SmartHouse8	0.869687	0.017282	0.003675	7195.986816
Erik	ArbetsplatsBoelErik	0.851774	0.002100	0.004816	7275.469238
Erik	Matplats1	0.924957	0.017504	0.003675	4443.607422
Erik	EriksHus	0.999803	0.003898	0.002142	97.639305
Erik	Fritidsplats1	0.922681	0.010297	0.007500	4005.760010
Erik	SmartHouse8	0.869909	0.017504	0.003675	7195.986816
Erik	ArbetsplatsBoelErik	0.851722	0.002100	0.004869	7275.469238
Erik	Matplats1	0.925185	0.017732	0.003675	4443.607422
Erik	EriksHus	0.999665	0.003787	0.002170	97.639305
Erik	Fritidsplats1	0.922815	0.010431	0.007500	4005.760010
Erik	SmartHouse8	0.870137	0.017732	0.003675	7195.986816
Erik	ArbetsplatsBoelErik	0.851668	0.002100	0.004922	7275.469238
Erik	Matplats1	0.925419	0.017966	0.003675	4443.607422
Erik	EriksHus	0.999532	0.003683	0.002198	97.639305
Erik	Fritidsplats1	0.922953	0.010568	0.007500	4005.760010
Erik	SmartHouse8	0.870371	0.017966	0.003675	7195.986816
Erik	ArbetsplatsBoelErik	0.851613	0.002100	0.004977	7275.469238
Erik	Matplats1	0.925659	0.018206	0.003675	4443.607422
Erik	EriksHus	0.999403	0.003584	0.002228	97.639305
Erik	Fritidsplats1	0.923094	0.010709	0.007500	4005.760010
Erik	SmartHouse8	0.870611	0.018206	0.003675	7195.986816
Erik	ArbetsplatsBoelErik	0.851557	0.002100	0.005034	7275.469238
Erik	Matplats1	0.925906	0.018453	0.003675	4443.607422
Erik	EriksHus	0.999279	0.003490	0.002258	97.639305
Erik	Fritidsplats1	0.923239	0.010854	0.007500	4005.760010
Erik	SmartHouse8	0.870858	0.018453	0.003675	7195.986816
Erik	ArbetsplatsBoelErik	0.851499	0.002100	0.005092	7275.469238
Erik	Matplats1	0.926159	0.018706	0.003675	4443.607422
Erik	EriksHus	0.999159	0.003401	0.002289	97.639305
Erik	Fritidsplats1	0.923388	0.011004	0.007500	4005.760010
Erik	SmartHouse8	0.871111	0.018706	0.003675	7195.986816
Erik	ArbetsplatsBoelErik	0.851439	0.002100	0.005151	7275.469238
Erik	Matplats1	0.926419	0.018966	0.003675	4443.607422
Erik	EriksHus	0.999043	0.003316	0.002321	97.639305
Erik	Fritidsplats1	0.923542	0.011157	0.007500	4005.760010
Erik	SmartHouse8	0.871372	0.018966	0.003675	7195.986816
Erik	ArbetsplatsBoelErik	0.851378	0.002100	0.005213	7275.469238
Erik	Matplats1	0.926687	0.019234	0.003675	4443.607422
Erik	EriksHus	0.998930	0.003236	0.002353	97.639305
Erik	Fritidsplats1	0.923699	0.011314	0.007500	4005.760010
Erik	SmartHouse8	0.871640	0.019234	0.003675	7195.986816
Erik	ArbetsplatsBoelErik	0.851315	0.002100	0.005276	7275.469238
Erik	Matplats1	0.926870	0.019417	0.003675	4443.607422
Erik	EriksHus	0.998856	0.003184	0.002376	97.639305
Erik	Fritidsplats1	0.923807	0.011422	0.007500	4005.760010
Erik	SmartHouse8	0.871822	0.019417	0.003675	7195.986816
Erik	ArbetsplatsBoelErik	0.851272	0.002100	0.005319	7275.469238
Erik	Matplats1	0.927151	0.019698	0.003675	4443.607422
Erik	EriksHus	0.998747	0.003110	0.002410	97.639305
Erik	Fritidsplats1	0.923972	0.011587	0.007500	4005.760010
Erik	SmartHouse8	0.872103	0.019698	0.003675	7195.986816
Erik	ArbetsplatsBoelErik	0.851206	0.002100	0.005385	7275.469238
Erik	Matplats1	0.927440	0.019987	0.003675	4443.607422
Erik	EriksHus	0.998641	0.003039	0.002445	97.639305
Erik	Fritidsplats1	0.924142	0.011757	0.007500	4005.760010
Erik	SmartHouse8	0.872392	0.019987	0.003675	7195.986816
Erik	ArbetsplatsBoelErik	0.851138	0.002100	0.005453	7275.469238
Erik	Matplats1	0.927737	0.020285	0.003675	4443.607422
Erik	EriksHus	0.998537	0.002971	0.002482	97.639305
Erik	Fritidsplats1	0.924317	0.011932	0.007500	4005.760010
Erik	SmartHouse8	0.872690	0.020285	0.003675	7195.986816
Erik	ArbetsplatsBoelErik	0.851068	0.002100	0.005523	7275.469238
Erik	Matplats1	0.928044	0.020591	0.003675	4443.607422
Erik	EriksHus	0.998434	0.002907	0.002519	97.639305
Erik	Fritidsplats1	0.924497	0.012112	0.007500	4005.760010
Erik	SmartHouse8	0.872996	0.020591	0.003675	7195.986816
Erik	ArbetsplatsBoelErik	0.850996	0.002100	0.005595	7275.469238
Erik	Matplats1	0.928360	0.020907	0.003675	4443.607422
Erik	EriksHus	0.998334	0.002845	0.002558	97.639305
Erik	Fritidsplats1	0.924683	0.012298	0.007500	4005.760010
Erik	SmartHouse8	0.873312	0.020907	0.003675	7195.986816
Erik	ArbetsplatsBoelErik	0.850921	0.002100	0.005669	7275.469238
Erik	Matplats1	0.928576	0.021123	0.003675	4443.607422
Erik	EriksHus	0.998267	0.002805	0.002584	97.639305
Erik	Fritidsplats1	0.924810	0.012425	0.007500	4005.760010
Erik	SmartHouse8	0.873529	0.021123	0.003675	7195.986816
Erik	ArbetsplatsBoelErik	0.850870	0.002100	0.005720	7275.469238
Erik	Matplats1	0.928909	0.021456	0.003675	4443.607422
Erik	EriksHus	0.998169	0.002747	0.002625	97.639305
Erik	Fritidsplats1	0.925006	0.012621	0.007500	4005.760010
Erik	SmartHouse8	0.873861	0.021456	0.003675	7195.986816
Erik	ArbetsplatsBoelErik	0.850792	0.002100	0.005798	7275.469238
Erik	Matplats1	0.929252	0.021799	0.003675	4443.607422
Erik	EriksHus	0.998071	0.002691	0.002667	97.639305
Erik	Fritidsplats1	0.925208	0.012823	0.007500	4005.760010
Erik	SmartHouse8	0.874205	0.021799	0.003675	7195.986816
Erik	ArbetsplatsBoelErik	0.850711	0.002100	0.005879	7275.469238
Erik	Matplats1	0.929607	0.022154	0.003675	4443.607422
Erik	EriksHus	0.997975	0.002638	0.002711	97.639305
Erik	Fritidsplats1	0.925416	0.013032	0.007500	4005.760010
Erik	SmartHouse8	0.874559	0.022154	0.003675	7195.986816
Erik	ArbetsplatsBoelErik	0.850628	0.002100	0.005963	7275.469238
Erik	Matplats1	0.929973	0.022520	0.003675	4443.607422
Erik	EriksHus	0.997879	0.002587	0.002755	97.639305
Erik	Fritidsplats1	0.925632	0.013247	0.007500	4005.760010
Erik	SmartHouse8	0.874925	0.022520	0.003675	7195.986816
Erik	ArbetsplatsBoelErik	0.850542	0.002100	0.006049	7275.469238
Erik	Matplats1	0.930224	0.022771	0.003675	4443.607422
Erik	EriksHus	0.997815	0.002554	0.002786	97.639305
Erik	Fritidsplats1	0.925780	0.013395	0.007500	4005.760010
Erik	SmartHouse8	0.875176	0.022771	0.003675	7195.986816
Erik	ArbetsplatsBoelErik	0.850483	0.002100	0.006108	7275.469238
Erik	Matplats1	0.930611	0.023158	0.003675	4443.607422
Erik	EriksHus	0.997720	0.002506	0.002833	97.639305
Erik	Fritidsplats1	0.926007	0.013623	0.007500	4005.760010
Erik	SmartHouse8	0.875564	0.023158	0.003675	7195.986816
Erik	ArbetsplatsBoelErik	0.850392	0.002100	0.006199	7275.469238
Erik	Matplats1	0.931012	0.023559	0.003675	4443.607422
Erik	EriksHus	0.997624	0.002460	0.002882	97.639305
Erik	Fritidsplats1	0.926243	0.013858	0.007500	4005.760010
Erik	SmartHouse8	0.875964	0.023559	0.003675	7195.986816
Erik	ArbetsplatsBoelErik	0.850297	0.002100	0.006293	7275.469238
Erik	Matplats1	0.931426	0.023973	0.003675	4443.607422
Erik	EriksHus	0.997529	0.002415	0.002933	97.639305
Erik	Fritidsplats1	0.926487	0.014102	0.007500	4005.760010
Erik	SmartHouse8	0.876379	0.023973	0.003675	7195.986816
Erik	ArbetsplatsBoelErik	0.850200	0.002100	0.006391	7275.469238
Erik	Matplats1	0.931711	0.024258	0.003675	4443.607422
Erik	EriksHus	0.997466	0.002386	0.002968	97.639305
Erik	Fritidsplats1	0.926654	0.014269	0.007500	4005.760010
Erik	SmartHouse8	0.876663	0.024258	0.003675	7195.986816
Erik	ArbetsplatsBoelErik	0.850133	0.002100	0.006458	7275.469238
Erik	Matplats1	0.932151	0.024698	0.003675	4443.607422
Erik	EriksHus	0.997370	0.002344	0.003022	97.639305
Erik	Fritidsplats1	0.926913	0.014528	0.007500	4005.760010
Erik	SmartHouse8	0.877103	0.024698	0.003675	7195.986816
Erik	ArbetsplatsBoelErik	0.850029	0.002100	0.006561	7275.469238
Erik	Matplats1	0.932607	0.025154	0.003675	4443.607422
Erik	EriksHus	0.997273	0.002304	0.003078	97.639305
Erik	Fritidsplats1	0.927181	0.014796	0.007500	4005.760010
Erik	SmartHouse8	0.877559	0.025154	0.003675	7195.986816
Erik	ArbetsplatsBoelErik	0.849922	0.002100	0.006669	7275.469238
Erik	Matplats1	0.933080	0.025627	0.003675	4443.607422
Erik	EriksHus	0.997176	0.002265	0.003136	97.639305
Erik	Fritidsplats1	0.927460	0.015075	0.007500	4005.760010
Erik	SmartHouse8	0.878032	0.025627	0.003675	7195.986816
Erik	ArbetsplatsBoelErik	0.849811	0.002100	0.006780	7275.469238
Erik	Matplats1	0.933406	0.025953	0.003675	4443.607422
Erik	EriksHus	0.997111	0.002239	0.003175	97.639305
Erik	Fritidsplats1	0.927651	0.015266	0.007500	4005.760010
Erik	SmartHouse8	0.878358	0.025953	0.003675	7195.986816
Erik	ArbetsplatsBoelErik	0.849734	0.002100	0.006857	7275.469238
Erik	Matplats1	0.933910	0.026457	0.003675	4443.607422
Erik	EriksHus	0.997013	0.002202	0.003237	97.639305
Erik	Fritidsplats1	0.927948	0.015563	0.007500	4005.760010
Erik	SmartHouse8	0.878862	0.026457	0.003675	7195.986816
Erik	ArbetsplatsBoelErik	0.849615	0.002100	0.006975	7275.469238
Erik	Matplats1	0.934434	0.026981	0.003675	4443.607422
Erik	EriksHus	0.996913	0.002167	0.003301	97.639305
Erik	Fritidsplats1	0.928256	0.015871	0.007500	4005.760010
Erik	SmartHouse8	0.879386	0.026981	0.003675	7195.986816
Erik	ArbetsplatsBoelErik	0.849492	0.002100	0.007098	7275.469238
Erik	Matplats1	0.934979	0.027526	0.003675	4443.607422
Erik	EriksHus	0.996811	0.002132	0.003368	97.639305
Erik	Fritidsplats1	0.928577	0.016192	0.007500	4005.760010
Erik	SmartHouse8	0.879931	0.027526	0.003675	7195.986816
Erik	ArbetsplatsBoelErik	0.849364	0.002100	0.007227	7275.469238
Erik	Matplats1	0.935546	0.028094	0.003675	4443.607422
Erik	EriksHus	0.996708	0.002098	0.003437	97.639305
Erik	Fritidsplats1	0.928910	0.016526	0.007500	4005.760010
Erik	SmartHouse8	0.880499	0.028094	0.003675	7195.986816
Erik	ArbetsplatsBoelErik	0.849230	0.002100	0.007360	7275.469238
Erik	Matplats1	0.935938	0.028485	0.003675	4443.607422
Erik	EriksHus	0.996639	0.002077	0.003485	97.639305
Erik	Fritidsplats1	0.929141	0.016756	0.007500	4005.760010
Erik	SmartHouse8	0.880891	0.028485	0.003675	7195.986816
Erik	ArbetsplatsBoelErik	0.849138	0.002100	0.007452	7275.469238
Erik	Matplats1	0.936547	0.029094	0.003675	4443.607422
Erik	EriksHus	0.996532	0.002045	0.003560	97.639305
Erik	Fritidsplats1	0.929499	0.017114	0.007500	4005.760010
Erik	SmartHouse8	0.881499	0.029094	0.003675	7195.986816
Erik	ArbetsplatsBoelErik	0.848995	0.002100	0.007596	7275.469238
Erik	Matplats1	0.937182	0.029729	0.003675	4443.607422
Erik	EriksHus	0.996424	0.002014	0.003637	97.639305
Erik	Fritidsplats1	0.929872	0.017487	0.007500	4005.760010
Erik	SmartHouse8	0.882134	0.029729	0.003675	7195.986816
Erik	ArbetsplatsBoelErik	0.848846	0.002100	0.007745	7275.469238
Erik	Matplats1	0.937845	0.030392	0.003675	4443.607422
Erik	EriksHus	0.996313	0.001984	0.003719	97.639305
Erik	Fritidsplats1	0.930262	0.017878	0.007500	4005.760010
Erik	SmartHouse8	0.882797	0.030392	0.003675	7195.986816
Erik	ArbetsplatsBoelErik	0.848690	0.002100	0.007901	7275.469238
Erik	Matplats1	0.938538	0.031085	0.003675	4443.607422
Erik	EriksHus	0.996199	0.001955	0.003803	97.639305
Erik	Fritidsplats1	0.930670	0.018286	0.007500	4005.760010
Erik	SmartHouse8	0.883491	0.031085	0.003675	7195.986816
Erik	ArbetsplatsBoelErik	0.848526	0.002100	0.008064	7275.469238
Erik	Matplats1	0.939264	0.031811	0.003675	4443.607422
Erik	EriksHus	0.996082	0.001927	0.003892	97.639305
Erik	Fritidsplats1	0.931097	0.018713	0.007500	4005.760010
Erik	SmartHouse8	0.884217	0.031811	0.003675	7195.986816
Erik	ArbetsplatsBoelErik	0.848356	0.002100	0.008235	7275.469238
Erik	Matplats1	0.939767	0.032315	0.003675	4443.607422
Erik	EriksHus	0.996002	0.001908	0.003954	97.639305
Erik	Fritidsplats1	0.931393	0.019009	0.007500	4005.760010
Erik	SmartHouse8	0.884720	0.032315	0.003675	7195.986816
Erik	ArbetsplatsBoelErik	0.848237	0.002100	0.008353	7275.469238
Erik	Matplats1	0.940553	0.033100	0.003675	4443.607422
Erik	EriksHus	0.995879	0.001881	0.004050	97.639305
Erik	Fritidsplats1	0.931855	0.019470	0.007500	4005.760010
Erik	SmartHouse8	0.885505	0.033100	0.003675	7195.986816
Erik	ArbetsplatsBoelErik	0.848052	0.002100	0.008538	7275.469238
Erik	Matplats1	0.941377	0.033924	0.003675	4443.607422
Erik	EriksHus	0.995752	0.001855	0.004151	97.639305
Erik	Fritidsplats1	0.932340	0.019955	0.007500	4005.760010
Erik	SmartHouse8	0.886329	0.033924	0.003675	7195.986816
Erik	ArbetsplatsBoelErik	0.847858	0.002100	0.008732	7275.469238
Erik	Matplats1	0.942243	0.034790	0.003675	4443.607422
Erik	EriksHus	0.995620	0.001830	0.004257	97.639305
Erik	Fritidsplats1	0.932850	0.020465	0.007500	4005.760010
Erik	SmartHouse8	0.887196	0.034790	0.003675	7195.986816
Erik	ArbetsplatsBoelErik	0.847655	0.002100	0.008936	7275.469238
Erik	Matplats1	0.943155	0.035702	0.003675	4443.607422
Erik	EriksHus	0.995484	0.001805	0.004368	97.639305
Erik	Fritidsplats1	0.933386	0.021001	0.007500	4005.760010
Erik	SmartHouse8	0.888108	0.035702	0.003675	7195.986816
Erik	ArbetsplatsBoelErik	0.847440	0.002100	0.009151	7275.469238
Erik	Matplats1	0.944116	0.036663	0.003675	4443.607422
Erik	EriksHus	0.995342	0.001781	0.004486	97.639305
Erik	Fritidsplats1	0.933951	0.021567	0.007500	4005.760010
Erik	SmartHouse8	0.889069	0.036663	0.003675	7195.986816
Erik	ArbetsplatsBoelErik	0.847214	0.002100	0.009377	7275.469238
Erik	Matplats1	0.944786	0.037333	0.003675	4443.607422
Erik	EriksHus	0.995245	0.001765	0.004568	97.639305
Erik	Fritidsplats1	0.934345	0.021961	0.007500	4005.760010
Erik	SmartHouse8	0.889738	0.037333	0.003675	7195.986816
Erik	ArbetsplatsBoelErik	0.847056	0.002100	0.009534	7275.469238
Erik	Matplats1	0.945838	0.038385	0.003675	4443.607422
Erik	EriksHus	0.995093	0.001742	0.004697	97.639305
Erik	Fritidsplats1	0.934964	0.022580	0.007500	4005.760010
Erik	SmartHouse8	0.890790	0.038385	0.003675	7195.986816
Erik	ArbetsplatsBoelErik	0.846809	0.002100	0.009782	7275.469238
Erik	Matplats1	0.946951	0.039498	0.003675	4443.607422
Erik	EriksHus	0.994934	0.001720	0.004833	97.639305
Erik	Fritidsplats1	0.935619	0.023234	0.007500	4005.760010
Erik	SmartHouse8	0.891904	0.039498	0.003675	7195.986816
Erik	ArbetsplatsBoelErik	0.846547	0.002100	0.010044	7275.469238
Erik	Matplats1	0.948131	0.040678	0.003675	4443.607422
Erik	EriksHus	0.994768	0.001698	0.004977	97.639305
Erik	Fritidsplats1	0.936313	0.023928	0.007500	4005.760010
Erik	SmartHouse8	0.893083	0.040678	0.003675	7195.986816
Erik	ArbetsplatsBoelErik	0.846269	0.002100	0.010321	7275.469238
Erik	Matplats1	0.949383	0.041930	0.003675	4443.607422
Erik	EriksHus	0.994593	0.001676	0.005130	97.639305
Erik	Fritidsplats1	0.937049	0.024665	0.007500	4005.760010
Erik	SmartHouse8	0.894335	0.041930	0.003675	7195.986816
Erik	ArbetsplatsBoelErik	0.845975	0.002100	0.010616	7275.469238
