	NPC: SmartNPC_bp_C_2	Object: SmartHouse_34	Score: 0.000000	PossyB: 0.000000	NeggoB: 0.000000	Distance: 1721.039551	Cost: 0.125807
	NPC: SmartNPC_bp_C_2	Object: SmartHouse_34	Score: 0.000000	PossyB: 0.000000	NeggoB: 0.000000	Distance: 1721.039551	Cost: 0.125807
	NPC: SmartNPC_bp_C_2	Object: SmartHouse_34	Score: 0.000900	PossyB: 0.000900	NeggoB: 0.000000	Distance: 1721.039551	Cost: 0.125807
	NPC: SmartNPC_bp_C_2	Object: SmartHouse_34	Score: -0.001000	PossyB: 0.000000	NeggoB: 0.001000	Distance: 1721.039551	Cost: 0.125807
	NPC: SmartNPC_bp_C_2	Object: SmartHouse2_421	Score: 0.000000	PossyB: 0.000000	NeggoB: 0.000000	Distance: 1230.112549	Cost: 0.089921
	NPC: SmartNPC_bp_C_2	Object: SmartHouse2_421	Score: 0.000000	PossyB: 0.000000	NeggoB: 0.000000	Distance: 1230.112549	Cost: 0.089921
	NPC: SmartNPC_bp_C_2	Object: SmartHouse2_421	Score: -0.000900	PossyB: 0.000000	NeggoB: 0.000900	Distance: 1230.112549	Cost: 0.089921
	NPC: SmartNPC_bp_C_2	Object: SmartHouse2_421	Score: 0.001000	PossyB: 0.001000	NeggoB: 0.000000	Distance: 1230.112549	Cost: 0.089921
	NPC: SmartNPC_bp_C_2	Object: SmartHouse3	Score: -0.000749	PossyB: 0.000000	NeggoB: 0.000749	Distance: 1403.594360	Cost: 0.102602
	NPC: SmartNPC_bp_C_2	Object: SmartHouse3	Score: 0.001992	PossyB: 0.001992	NeggoB: 0.000000	Distance: 1403.594360	Cost: 0.102602
	NPC: SmartNPC_bp_C_2	Object: SmartHouse3	Score: 0.000000	PossyB: 0.000000	NeggoB: 0.000000	Distance: 1403.594360	Cost: 0.102602
	NPC: SmartNPC_bp_C_2	Object: SmartHouse3	Score: 0.000000	PossyB: 0.000000	NeggoB: 0.000000	Distance: 1403.594360	Cost: 0.102602
	NPC: SmartNPC_bp_C_2	Object: SmartHouse4	Score: 0.000749	PossyB: 0.000749	NeggoB: 0.000000	Distance: 1362.526001	Cost: 0.099600
	NPC: SmartNPC_bp_C_2	Object: SmartHouse4	Score: -0.001992	PossyB: 0.000000	NeggoB: 0.001992	Distance: 1362.526001	Cost: 0.099600
	NPC: SmartNPC_bp_C_2	Object: SmartHouse4	Score: 0.000000	PossyB: 0.000000	NeggoB: 0.000000	Distance: 1362.526001	Cost: 0.099600
	NPC: SmartNPC_bp_C_2	Object: SmartHouse4	Score: 0.000000	PossyB: 0.000000	NeggoB: 0.000000	Distance: 1362.526001	Cost: 0.099600
	NPC: SmartNPC_bp_C_2	Object: SmartHouse_34	Score: 0.000000	PossyB: 0.000000	NeggoB: 0.000000	Distance: 1802.001099	Cost: 0.131725
	NPC: SmartNPC_bp_C_2	Object: SmartHouse_34	Score: 0.000000	PossyB: 0.000000	NeggoB: 0.000000	Distance: 1802.001099	Cost: 0.131725
	NPC: SmartNPC_bp_C_2	Object: SmartHouse_34	Score: 0.000900	PossyB: 0.000900	NeggoB: 0.000000	Distance: 1802.001099	Cost: 0.131725
	NPC: SmartNPC_bp_C_2	Object: SmartHouse_34	Score: -0.001000	PossyB: 0.000000	NeggoB: 0.001000	Distance: 1802.001099	Cost: 0.131725
	NPC: SmartNPC_bp_C_2	Object: SmartHouse2_421	Score: 0.000000	PossyB: 0.000000	NeggoB: 0.000000	Distance: 2136.721924	Cost: 0.156193
	NPC: SmartNPC_bp_C_2	Object: SmartHouse2_421	Score: 0.000000	PossyB: 0.000000	NeggoB: 0.000000	Distance: 2136.721924	Cost: 0.156193
	NPC: SmartNPC_bp_C_2	Object: SmartHouse2_421	Score: -0.000900	PossyB: 0.000000	NeggoB: 0.000900	Distance: 2136.721924	Cost: 0.156193
	NPC: SmartNPC_bp_C_2	Object: SmartHouse2_421	Score: 0.001000	PossyB: 0.001000	NeggoB: 0.000000	Distance: 2136.721924	Cost: 0.156193
	NPC: SmartNPC_bp_C_2	Object: SmartHouse3	Score: -0.000672	PossyB: 0.000000	NeggoB: 0.000672	Distance: 97.279861	Cost: 0.007111
	NPC: SmartNPC_bp_C_2	Object: SmartHouse3	Score: 0.002079	PossyB: 0.002079	NeggoB: 0.000000	Distance: 97.279861	Cost: 0.007111
	NPC: SmartNPC_bp_C_2	Object: SmartHouse3	Score: 0.000000	PossyB: 0.000000	NeggoB: 0.000000	Distance: 97.279861	Cost: 0.007111
	NPC: SmartNPC_bp_C_2	Object: SmartHouse3	Score: 0.000000	PossyB: 0.000000	NeggoB: 0.000000	Distance: 97.279861	Cost: 0.007111
	NPC: SmartNPC_bp_C_2	Object: SmartHouse4	Score: 0.000672	PossyB: 0.000672	NeggoB: 0.000000	Distance: 2688.242432	Cost: 0.196509
	NPC: SmartNPC_bp_C_2	Object: SmartHouse4	Score: -0.002079	PossyB: 0.000000	NeggoB: 0.002079	Distance: 2688.242432	Cost: 0.196509
	NPC: SmartNPC_bp_C_2	Object: SmartHouse4	Score: 0.000000	PossyB: 0.000000	NeggoB: 0.000000	Distance: 2688.242432	Cost: 0.196509
	NPC: SmartNPC_bp_C_2	Object: SmartHouse4	Score: 0.000000	PossyB: 0.000000	NeggoB: 0.000000	Distance: 2688.242432	Cost: 0.196509
	NPC: SmartNPC_bp_C_2	Object: SmartHouse_34	Score: 0.000000	PossyB: 0.000000	NeggoB: 0.000000	Distance: 1846.206177	Cost: 0.134957
	NPC: SmartNPC_bp_C_2	Object: SmartHouse_34	Score: 0.000000	PossyB: 0.000000	NeggoB: 0.000000	Distance: 1846.206177	Cost: 0.134957
	NPC: SmartNPC_bp_C_2	Object: SmartHouse_34	Score: 0.000900	PossyB: 0.000900	NeggoB: 0.000000	Distance: 1846.206177	Cost: 0.134957
	NPC: SmartNPC_bp_C_2	Object: SmartHouse_34	Score: -0.001000	PossyB: 0.000000	NeggoB: 0.001000	Distance: 1846.206177	Cost: 0.134957
	NPC: SmartNPC_bp_C_2	Object: SmartHouse2_421	Score: 0.000000	PossyB: 0.000000	NeggoB: 0.000000	Distance: 2136.721924	Cost: 0.156193
	NPC: SmartNPC_bp_C_2	Object: SmartHouse2_421	Score: 0.000000	PossyB: 0.000000	NeggoB: 0.000000	Distance: 2136.721924	Cost: 0.156193
	NPC: SmartNPC_bp_C_2	Object: SmartHouse2_421	Score: -0.000900	PossyB: 0.000000	NeggoB: 0.000900	Distance: 2136.721924	Cost: 0.156193
	NPC: SmartNPC_bp_C_2	Object: SmartHouse2_421	Score: 0.001000	PossyB: 0.001000	NeggoB: 0.000000	Distance: 2136.721924	Cost: 0.156193
	NPC: SmartNPC_bp_C_2	Object: SmartHouse3	Score: -0.000521	PossyB: 0.000000	NeggoB: 0.000521	Distance: 97.279861	Cost: 0.007111
	NPC: SmartNPC_bp_C_2	Object: SmartHouse3	Score: 0.002267	PossyB: 0.002267	NeggoB: 0.000000	Distance: 97.279861	Cost: 0.007111
	NPC: SmartNPC_bp_C_2	Object: SmartHouse3	Score: 0.000000	PossyB: 0.000000	NeggoB: 0.000000	Distance: 97.279861	Cost: 0.007111
	NPC: SmartNPC_bp_C_2	Object: SmartHouse3	Score: 0.000000	PossyB: 0.000000	NeggoB: 0.000000	Distance: 97.279861	Cost: 0.007111
	NPC: SmartNPC_bp_C_2	Object: SmartHouse4	Score: 0.000521	PossyB: 0.000521	NeggoB: 0.000000	Distance: 2688.242432	Cost: 0.196509
	NPC: SmartNPC_bp_C_2	Object: SmartHouse4	Score: -0.002267	PossyB: 0.000000	NeggoB: 0.002267	Distance: 2688.242432	Cost: 0.196509
	NPC: SmartNPC_bp_C_2	Object: SmartHouse4	Score: 0.000000	PossyB: 0.000000	NeggoB: 0.000000	Distance: 2688.242432	Cost: 0.196509
	NPC: SmartNPC_bp_C_2	Object: SmartHouse4	Score: 0.000000	PossyB: 0.000000	NeggoB: 0.000000	Distance: 2688.242432	Cost: 0.196509
	NPC: SmartNPC_bp_C_2	Object: SmartHouse_34	Score: 0.000000	PossyB: 0.000000	NeggoB: 0.000000	Distance: 1846.206177	Cost: 0.134957
	NPC: SmartNPC_bp_C_2	Object: SmartHouse_34	Score: 0.000000	PossyB: 0.000000	NeggoB: 0.000000	Distance: 1846.206177	Cost: 0.134957
	NPC: SmartNPC_bp_C_2	Object: SmartHouse_34	Score: 0.000900	PossyB: 0.000900	NeggoB: 0.000000	Distance: 1846.206177	Cost: 0.134957
	NPC: SmartNPC_bp_C_2	Object: SmartHouse_34	Score: -0.001000	PossyB: 0.000000	NeggoB: 0.001000	Distance: 1846.206177	Cost: 0.134957
	NPC: SmartNPC_bp_C_2	Object: SmartHouse2_421	Score: 0.000000	PossyB: 0.000000	NeggoB: 0.000000	Distance: 2136.721924	Cost: 0.156193
	NPC: SmartNPC_bp_C_2	Object: SmartHouse2_421	Score: 0.000000	PossyB: 0.000000	NeggoB: 0.000000	Distance: 2136.721924	Cost: 0.156193
	NPC: SmartNPC_bp_C_2	Object: SmartHouse2_421	Score: -0.000900	PossyB: 0.000000	NeggoB: 0.000900	Distance: 2136.721924	Cost: 0.156193
	NPC: SmartNPC_bp_C_2	Object: SmartHouse2_421	Score: 0.001000	PossyB: 0.001000	NeggoB: 0.000000	Distance: 2136.721924	Cost: 0.156193
	NPC: SmartNPC_bp_C_2	Object: SmartHouse3	Score: -0.000369	PossyB: 0.000000	NeggoB: 0.000369	Distance: 97.279861	Cost: 0.007111
	NPC: SmartNPC_bp_C_2	Object: SmartHouse3	Score: 0.002454	PossyB: 0.002454	NeggoB: 0.000000	Distance: 97.279861	Cost: 0.007111
	NPC: SmartNPC_bp_C_2	Object: SmartHouse3	Score: 0.000000	PossyB: 0.000000	NeggoB: 0.000000	Distance: 97.279861	Cost: 0.007111
	NPC: SmartNPC_bp_C_2	Object: SmartHouse3	Score: 0.000000	PossyB: 0.000000	NeggoB: 0.000000	Distance: 97.279861	Cost: 0.007111
	NPC: SmartNPC_bp_C_2	Object: SmartHouse4	Score: 0.000369	PossyB: 0.000369	NeggoB: 0.000000	Distance: 2688.242432	Cost: 0.196509
	NPC: SmartNPC_bp_C_2	Object: SmartHouse4	Score: -0.002454	PossyB: 0.000000	NeggoB: 0.002454	Distance: 2688.242432	Cost: 0.196509
	NPC: SmartNPC_bp_C_2	Object: SmartHouse4	Score: 0.000000	PossyB: 0.000000	NeggoB: 0.000000	Distance: 2688.242432	Cost: 0.196509
	NPC: SmartNPC_bp_C_2	Object: SmartHouse4	Score: 0.000000	PossyB: 0.000000	NeggoB: 0.000000	Distance: 2688.242432	Cost: 0.196509
	NPC: SmartNPC_bp_C_2	Object: SmartHouse_34	Score: 0.000000	PossyB: 0.000000	NeggoB: 0.000000	Distance: 1846.206177	Cost: 0.134957
	NPC: SmartNPC_bp_C_2	Object: SmartHouse_34	Score: 0.000000	PossyB: 0.000000	NeggoB: 0.000000	Distance: 1846.206177	Cost: 0.134957
	NPC: SmartNPC_bp_C_2	Object: SmartHouse_34	Score: 0.000900	PossyB: 0.000900	NeggoB: 0.000000	Distance: 1846.206177	Cost: 0.134957
	NPC: SmartNPC_bp_C_2	Object: SmartHouse_34	Score: -0.001000	PossyB: 0.000000	NeggoB: 0.001000	Distance: 1846.206177	Cost: 0.134957
	NPC: SmartNPC_bp_C_2	Object: SmartHouse2_421	Score: 0.000000	PossyB: 0.000000	NeggoB: 0.000000	Distance: 2136.721924	Cost: 0.156193
	NPC: SmartNPC_bp_C_2	Object: SmartHouse2_421	Score: 0.000000	PossyB: 0.000000	NeggoB: 0.000000	Distance: 2136.721924	Cost: 0.156193
	NPC: SmartNPC_bp_C_2	Object: SmartHouse2_421	Score: -0.000900	PossyB: 0.000000	NeggoB: 0.000900	Distance: 2136.721924	Cost: 0.156193
	NPC: SmartNPC_bp_C_2	Object: SmartHouse2_421	Score: 0.001000	PossyB: 0.001000	NeggoB: 0.000000	Distance: 2136.721924	Cost: 0.156193
	NPC: SmartNPC_bp_C_2	Object: SmartHouse3	Score: -0.000218	PossyB: 0.000000	NeggoB: 0.000218	Distance: 97.279861	Cost: 0.007111
	NPC: SmartNPC_bp_C_2	Object: SmartHouse3	Score: 0.002642	PossyB: 0.002642	NeggoB: 0.000000	Distance: 97.279861	Cost: 0.007111
	NPC: SmartNPC_bp_C_2	Object: SmartHouse3	Score: 0.000000	PossyB: 0.000000	NeggoB: 0.000000	Distance: 97.279861	Cost: 0.007111
	NPC: SmartNPC_bp_C_2	Object: SmartHouse3	Score: 0.000000	PossyB: 0.000000	NeggoB: 0.000000	Distance: 97.279861	Cost: 0.007111
	NPC: SmartNPC_bp_C_2	Object: SmartHouse4	Score: 0.000218	PossyB: 0.000218	NeggoB: 0.000000	Distance: 2688.242432	Cost: 0.196509
	NPC: SmartNPC_bp_C_2	Object: SmartHouse4	Score: -0.002642	PossyB: 0.000000	NeggoB: 0.002642	Distance: 2688.242432	Cost: 0.196509
	NPC: SmartNPC_bp_C_2	Object: SmartHouse4	Score: 0.000000	PossyB: 0.000000	NeggoB: 0.000000	Distance: 2688.242432	Cost: 0.196509
	NPC: SmartNPC_bp_C_2	Object: SmartHouse4	Score: 0.000000	PossyB: 0.000000	NeggoB: 0.000000	Distance: 2688.242432	Cost: 0.196509
	NPC: SmartNPC_bp_C_2	Object: SmartHouse_34	Score: 0.000000	PossyB: 0.000000	NeggoB: 0.000000	Distance: 1846.206177	Cost: 0.134957
	NPC: SmartNPC_bp_C_2	Object: SmartHouse_34	Score: 0.000000	PossyB: 0.000000	NeggoB: 0.000000	Distance: 1846.206177	Cost: 0.134957
	NPC: SmartNPC_bp_C_2	Object: SmartHouse_34	Score: 0.000900	PossyB: 0.000900	NeggoB: 0.000000	Distance: 1846.206177	Cost: 0.134957
	NPC: SmartNPC_bp_C_2	Object: SmartHouse_34	Score: -0.001000	PossyB: 0.000000	NeggoB: 0.001000	Distance: 1846.206177	Cost: 0.134957
	NPC: SmartNPC_bp_C_2	Object: SmartHouse2_421	Score: 0.000000	PossyB: 0.000000	NeggoB: 0.000000	Distance: 2136.721924	Cost: 0.156193
	NPC: SmartNPC_bp_C_2	Object: SmartHouse2_421	Score: 0.000000	PossyB: 0.000000	NeggoB: 0.000000	Distance: 2136.721924	Cost: 0.156193
	NPC: SmartNPC_bp_C_2	Object: SmartHouse2_421	Score: -0.000900	PossyB: 0.000000	NeggoB: 0.000900	Distance: 2136.721924	Cost: 0.156193
	NPC: SmartNPC_bp_C_2	Object: SmartHouse2_421	Score: 0.001000	PossyB: 0.001000	NeggoB: 0.000000	Distance: 2136.721924	Cost: 0.156193
	NPC: SmartNPC_bp_C_2	Object: SmartHouse3	Score: -0.000066	PossyB: 0.000000	NeggoB: 0.000066	Distance: 97.279861	Cost: 0.007111
	NPC: SmartNPC_bp_C_2	Object: SmartHouse3	Score: 0.002829	PossyB: 0.002829	NeggoB: 0.000000	Distance: 97.279861	Cost: 0.007111
	NPC: SmartNPC_bp_C_2	Object: SmartHouse3	Score: 0.000000	PossyB: 0.000000	NeggoB: 0.000000	Distance: 97.279861	Cost: 0.007111
	NPC: SmartNPC_bp_C_2	Object: SmartHouse3	Score: 0.000000	PossyB: 0.000000	NeggoB: 0.000000	Distance: 97.279861	Cost: 0.007111
	NPC: SmartNPC_bp_C_2	Object: SmartHouse4	Score: 0.000066	PossyB: 0.000066	NeggoB: 0.000000	Distance: 2688.242432	Cost: 0.196509
	NPC: SmartNPC_bp_C_2	Object: SmartHouse4	Score: -0.002829	PossyB: 0.000000	NeggoB: 0.002829	Distance: 2688.242432	Cost: 0.196509
	NPC: SmartNPC_bp_C_2	Object: SmartHouse4	Score: 0.000000	PossyB: 0.000000	NeggoB: 0.000000	Distance: 2688.242432	Cost: 0.196509
	NPC: SmartNPC_bp_C_2	Object: SmartHouse4	Score: 0.000000	PossyB: 0.000000	NeggoB: 0.000000	Distance: 2688.242432	Cost: 0.196509
	NPC: SmartNPC_bp_C_2	Object: SmartHouse_34	Score: 0.000000	PossyB: 0.000000	NeggoB: 0.000000	Distance: 1846.206177	Cost: 0.134957
	NPC: SmartNPC_bp_C_2	Object: SmartHouse_34	Score: 0.000000	PossyB: 0.000000	NeggoB: 0.000000	Distance: 1846.206177	Cost: 0.134957
	NPC: SmartNPC_bp_C_2	Object: SmartHouse_34	Score: 0.000900	PossyB: 0.000900	NeggoB: 0.000000	Distance: 1846.206177	Cost: 0.134957
	NPC: SmartNPC_bp_C_2	Object: SmartHouse_34	Score: -0.001000	PossyB: 0.000000	NeggoB: 0.001000	Distance: 1846.206177	Cost: 0.134957
	NPC: SmartNPC_bp_C_2	Object: SmartHouse2_421	Score: 0.000000	PossyB: 0.000000	NeggoB: 0.000000	Distance: 2136.721924	Cost: 0.156193
	NPC: SmartNPC_bp_C_2	Object: SmartHouse2_421	Score: 0.000000	PossyB: 0.000000	NeggoB: 0.000000	Distance: 2136.721924	Cost: 0.156193
	NPC: SmartNPC_bp_C_2	Object: SmartHouse2_421	Score: -0.000900	PossyB: 0.000000	NeggoB: 0.000900	Distance: 2136.721924	Cost: 0.156193
	NPC: SmartNPC_bp_C_2	Object: SmartHouse2_421	Score: 0.001000	PossyB: 0.001000	NeggoB: 0.000000	Distance: 2136.721924	Cost: 0.156193
	NPC: SmartNPC_bp_C_2	Object: SmartHouse3	Score: -0.000000	PossyB: 0.000000	NeggoB: 0.000000	Distance: 97.279861	Cost: 0.007111
	NPC: SmartNPC_bp_C_2	Object: SmartHouse3	Score: 0.003017	PossyB: 0.003017	NeggoB: 0.000000	Distance: 97.279861	Cost: 0.007111
	NPC: SmartNPC_bp_C_2	Object: SmartHouse3	Score: 0.000000	PossyB: 0.000000	NeggoB: 0.000000	Distance: 97.279861	Cost: 0.007111
	NPC: SmartNPC_bp_C_2	Object: SmartHouse3	Score: 0.000000	PossyB: 0.000000	NeggoB: 0.000000	Distance: 97.279861	Cost: 0.007111
	NPC: SmartNPC_bp_C_2	Object: SmartHouse4	Score: 0.000000	PossyB: 0.000000	NeggoB: 0.000000	Distance: 2688.242432	Cost: 0.196509
	NPC: SmartNPC_bp_C_2	Object: SmartHouse4	Score: -0.003017	PossyB: 0.000000	NeggoB: 0.003017	Distance: 2688.242432	Cost: 0.196509
	NPC: SmartNPC_bp_C_2	Object: SmartHouse4	Score: 0.000000	PossyB: 0.000000	NeggoB: 0.000000	Distance: 2688.242432	Cost: 0.196509
	NPC: SmartNPC_bp_C_2	Object: SmartHouse4	Score: 0.000000	PossyB: 0.000000	NeggoB: 0.000000	Distance: 2688.242432	Cost: 0.196509
	NPC: SmartNPC_bp_C_2	Object: SmartHouse_34	Score: 0.000000	PossyB: 0.000000	NeggoB: 0.000000	Distance: 1846.206177	Cost: 0.134957
	NPC: SmartNPC_bp_C_2	Object: SmartHouse_34	Score: 0.000000	PossyB: 0.000000	NeggoB: 0.000000	Distance: 1846.206177	Cost: 0.134957
	NPC: SmartNPC_bp_C_2	Object: SmartHouse_34	Score: 0.000900	PossyB: 0.000900	NeggoB: 0.000000	Distance: 1846.206177	Cost: 0.134957
	NPC: SmartNPC_bp_C_2	Object: SmartHouse_34	Score: -0.001000	PossyB: 0.000000	NeggoB: 0.001000	Distance: 1846.206177	Cost: 0.134957
	NPC: SmartNPC_bp_C_2	Object: SmartHouse2_421	Score: 0.000000	PossyB: 0.000000	NeggoB: 0.000000	Distance: 2136.721924	Cost: 0.156193
	NPC: SmartNPC_bp_C_2	Object: SmartHouse2_421	Score: 0.000000	PossyB: 0.000000	NeggoB: 0.000000	Distance: 2136.721924	Cost: 0.156193
	NPC: SmartNPC_bp_C_2	Object: SmartHouse2_421	Score: -0.000900	PossyB: 0.000000	NeggoB: 0.000900	Distance: 2136.721924	Cost: 0.156193
	NPC: SmartNPC_bp_C_2	Object: SmartHouse2_421	Score: 0.001000	PossyB: 0.001000	NeggoB: 0.000000	Distance: 2136.721924	Cost: 0.156193
	NPC: SmartNPC_bp_C_2	Object: SmartHouse3	Score: -0.000000	PossyB: 0.000000	NeggoB: 0.000000	Distance: 97.279861	Cost: 0.007111
	NPC: SmartNPC_bp_C_2	Object: SmartHouse3	Score: 0.003204	PossyB: 0.003204	NeggoB: 0.000000	Distance: 97.279861	Cost: 0.007111
	NPC: SmartNPC_bp_C_2	Object: SmartHouse3	Score: 0.000000	PossyB: 0.000000	NeggoB: 0.000000	Distance: 97.279861	Cost: 0.007111
	NPC: SmartNPC_bp_C_2	Object: SmartHouse3	Score: 0.000000	PossyB: 0.000000	NeggoB: 0.000000	Distance: 97.279861	Cost: 0.007111
	NPC: SmartNPC_bp_C_2	Object: SmartHouse4	Score: 0.000000	PossyB: 0.000000	NeggoB: 0.000000	Distance: 2688.242432	Cost: 0.196509
	NPC: SmartNPC_bp_C_2	Object: SmartHouse4	Score: -0.003204	PossyB: 0.000000	NeggoB: 0.003204	Distance: 2688.242432	Cost: 0.196509
	NPC: SmartNPC_bp_C_2	Object: SmartHouse4	Score: 0.000000	PossyB: 0.000000	NeggoB: 0.000000	Distance: 2688.242432	Cost: 0.196509
	NPC: SmartNPC_bp_C_2	Object: SmartHouse4	Score: 0.000000	PossyB: 0.000000	NeggoB: 0.000000	Distance: 2688.242432	Cost: 0.196509
	NPC: SmartNPC_bp_C_2	Object: SmartHouse_34	Score: 0.000000	PossyB: 0.000000	NeggoB: 0.000000	Distance: 1846.206177	Cost: 0.134957
	NPC: SmartNPC_bp_C_2	Object: SmartHouse_34	Score: 0.000000	PossyB: 0.000000	NeggoB: 0.000000	Distance: 1846.206177	Cost: 0.134957
	NPC: SmartNPC_bp_C_2	Object: SmartHouse_34	Score: 0.000900	PossyB: 0.000900	NeggoB: 0.000000	Distance: 1846.206177	Cost: 0.134957
	NPC: SmartNPC_bp_C_2	Object: SmartHouse_34	Score: -0.001000	PossyB: 0.000000	NeggoB: 0.001000	Distance: 1846.206177	Cost: 0.134957
	NPC: SmartNPC_bp_C_2	Object: SmartHouse2_421	Score: 0.000000	PossyB: 0.000000	NeggoB: 0.000000	Distance: 2136.721924	Cost: 0.156193
	NPC: SmartNPC_bp_C_2	Object: SmartHouse2_421	Score: 0.000000	PossyB: 0.000000	NeggoB: 0.000000	Distance: 2136.721924	Cost: 0.156193
	NPC: SmartNPC_bp_C_2	Object: SmartHouse2_421	Score: -0.000900	PossyB: 0.000000	NeggoB: 0.000900	Distance: 2136.721924	Cost: 0.156193
	NPC: SmartNPC_bp_C_2	Object: SmartHouse2_421	Score: 0.001000	PossyB: 0.001000	NeggoB: 0.000000	Distance: 2136.721924	Cost: 0.156193
	NPC: SmartNPC_bp_C_2	Object: SmartHouse3	Score: -0.000000	PossyB: 0.000000	NeggoB: 0.000000	Distance: 97.279861	Cost: 0.007111
	NPC: SmartNPC_bp_C_2	Object: SmartHouse3	Score: 0.003392	PossyB: 0.003392	NeggoB: 0.000000	Distance: 97.279861	Cost: 0.007111
	NPC: SmartNPC_bp_C_2	Object: SmartHouse3	Score: 0.000000	PossyB: 0.000000	NeggoB: 0.000000	Distance: 97.279861	Cost: 0.007111
	NPC: SmartNPC_bp_C_2	Object: SmartHouse3	Score: 0.000000	PossyB: 0.000000	NeggoB: 0.000000	Distance: 97.279861	Cost: 0.007111
	NPC: SmartNPC_bp_C_2	Object: SmartHouse4	Score: 0.000000	PossyB: 0.000000	NeggoB: 0.000000	Distance: 2688.242432	Cost: 0.196509
	NPC: SmartNPC_bp_C_2	Object: SmartHouse4	Score: -0.003392	PossyB: 0.000000	NeggoB: 0.003392	Distance: 2688.242432	Cost: 0.196509
	NPC: SmartNPC_bp_C_2	Object: SmartHouse4	Score: 0.000000	PossyB: 0.000000	NeggoB: 0.000000	Distance: 2688.242432	Cost: 0.196509
	NPC: SmartNPC_bp_C_2	Object: SmartHouse4	Score: 0.000000	PossyB: 0.000000	NeggoB: 0.000000	Distance: 2688.242432	Cost: 0.196509
	NPC: SmartNPC_bp_C_2	Object: SmartHouse_34	Score: 0.000000	PossyB: 0.000000	NeggoB: 0.000000	Distance: 1846.206177	Cost: 0.134957
	NPC: SmartNPC_bp_C_2	Object: SmartHouse_34	Score: 0.000000	PossyB: 0.000000	NeggoB: 0.000000	Distance: 1846.206177	Cost: 0.134957
	NPC: SmartNPC_bp_C_2	Object: SmartHouse_34	Score: 0.000900	PossyB: 0.000900	NeggoB: 0.000000	Distance: 1846.206177	Cost: 0.134957
	NPC: SmartNPC_bp_C_2	Object: SmartHouse_34	Score: -0.001000	PossyB: 0.000000	NeggoB: 0.001000	Distance: 1846.206177	Cost: 0.134957
	NPC: SmartNPC_bp_C_2	Object: SmartHouse2_421	Score: 0.000000	PossyB: 0.000000	NeggoB: 0.000000	Distance: 2136.721924	Cost: 0.156193
	NPC: SmartNPC_bp_C_2	Object: SmartHouse2_421	Score: 0.000000	PossyB: 0.000000	NeggoB: 0.000000	Distance: 2136.721924	Cost: 0.156193
	NPC: SmartNPC_bp_C_2	Object: SmartHouse2_421	Score: -0.000900	PossyB: 0.000000	NeggoB: 0.000900	Distance: 2136.721924	Cost: 0.156193
	NPC: SmartNPC_bp_C_2	Object: SmartHouse2_421	Score: 0.001000	PossyB: 0.001000	NeggoB: 0.000000	Distance: 2136.721924	Cost: 0.156193
	NPC: SmartNPC_bp_C_2	Object: SmartHouse3	Score: -0.000000	PossyB: 0.000000	NeggoB: 0.000000	Distance: 97.279861	Cost: 0.007111
	NPC: SmartNPC_bp_C_2	Object: SmartHouse3	Score: 0.003579	PossyB: 0.003579	NeggoB: 0.000000	Distance: 97.279861	Cost: 0.007111
	NPC: SmartNPC_bp_C_2	Object: SmartHouse3	Score: 0.000000	PossyB: 0.000000	NeggoB: 0.000000	Distance: 97.279861	Cost: 0.007111
	NPC: SmartNPC_bp_C_2	Object: SmartHouse3	Score: 0.000000	PossyB: 0.000000	NeggoB: 0.000000	Distance: 97.279861	Cost: 0.007111
	NPC: SmartNPC_bp_C_2	Object: SmartHouse4	Score: 0.000000	PossyB: 0.000000	NeggoB: 0.000000	Distance: 2688.242432	Cost: 0.196509
	NPC: SmartNPC_bp_C_2	Object: SmartHouse4	Score: -0.003579	PossyB: 0.000000	NeggoB: 0.003579	Distance: 2688.242432	Cost: 0.196509
	NPC: SmartNPC_bp_C_2	Object: SmartHouse4	Score: 0.000000	PossyB: 0.000000	NeggoB: 0.000000	Distance: 2688.242432	Cost: 0.196509
	NPC: SmartNPC_bp_C_2	Object: SmartHouse4	Score: 0.000000	PossyB: 0.000000	NeggoB: 0.000000	Distance: 2688.242432	Cost: 0.196509
	NPC: SmartNPC_bp_C_2	Object: SmartHouse_34	Score: 0.000000	PossyB: 0.000000	NeggoB: 0.000000	Distance: 1846.206177	Cost: 0.134957
	NPC: SmartNPC_bp_C_2	Object: SmartHouse_34	Score: 0.000000	PossyB: 0.000000	NeggoB: 0.000000	Distance: 1846.206177	Cost: 0.134957
	NPC: SmartNPC_bp_C_2	Object: SmartHouse_34	Score: 0.000900	PossyB: 0.000900	NeggoB: 0.000000	Distance: 1846.206177	Cost: 0.134957
	NPC: SmartNPC_bp_C_2	Object: SmartHouse_34	Score: -0.001000	PossyB: 0.000000	NeggoB: 0.001000	Distance: 1846.206177	Cost: 0.134957
	NPC: SmartNPC_bp_C_2	Object: SmartHouse2_421	Score: 0.000000	PossyB: 0.000000	NeggoB: 0.000000	Distance: 2136.721924	Cost: 0.156193
	NPC: SmartNPC_bp_C_2	Object: SmartHouse2_421	Score: 0.000000	PossyB: 0.000000	NeggoB: 0.000000	Distance: 2136.721924	Cost: 0.156193
	NPC: SmartNPC_bp_C_2	Object: SmartHouse2_421	Score: -0.000900	PossyB: 0.000000	NeggoB: 0.000900	Distance: 2136.721924	Cost: 0.156193
	NPC: SmartNPC_bp_C_2	Object: SmartHouse2_421	Score: 0.001000	PossyB: 0.001000	NeggoB: 0.000000	Distance: 2136.721924	Cost: 0.156193
	NPC: SmartNPC_bp_C_2	Object: SmartHouse3	Score: -0.000000	PossyB: 0.000000	NeggoB: 0.000000	Distance: 97.279861	Cost: 0.007111
	NPC: SmartNPC_bp_C_2	Object: SmartHouse3	Score: 0.003767	PossyB: 0.003767	NeggoB: 0.000000	Distance: 97.279861	Cost: 0.007111
	NPC: SmartNPC_bp_C_2	Object: SmartHouse3	Score: 0.000000	PossyB: 0.000000	NeggoB: 0.000000	Distance: 97.279861	Cost: 0.007111
	NPC: SmartNPC_bp_C_2	Object: SmartHouse3	Score: 0.000000	PossyB: 0.000000	NeggoB: 0.000000	Distance: 97.279861	Cost: 0.007111
	NPC: SmartNPC_bp_C_2	Object: SmartHouse4	Score: 0.000000	PossyB: 0.000000	NeggoB: 0.000000	Distance: 2688.242432	Cost: 0.196509
	NPC: SmartNPC_bp_C_2	Object: SmartHouse4	Score: -0.003767	PossyB: 0.000000	NeggoB: 0.003767	Distance: 2688.242432	Cost: 0.196509
	NPC: SmartNPC_bp_C_2	Object: SmartHouse4	Score: 0.000000	PossyB: 0.000000	NeggoB: 0.000000	Distance: 2688.242432	Cost: 0.196509
	NPC: SmartNPC_bp_C_2	Object: SmartHouse4	Score: 0.000000	PossyB: 0.000000	NeggoB: 0.000000	Distance: 2688.242432	Cost: 0.196509
