Thu Apr 02 13:42:41 2015

Tid	Sleep	Eat	VE Work	Leisure	
00:01:03	0.500000	1.000000	0.900000	1.000000	
00:02:02	0.499653	0.997917	0.900000	1.000000	
00:03:02	0.499305	0.995833	0.900000	1.000000	
00:04:03	0.498958	0.993750	0.900000	1.000000	
00:05:02	0.498611	0.991666	0.900000	1.000000	
00:06:02	0.482264	1.189583	0.900000	1.000000	
00:07:03	0.449917	1.587499	0.900000	1.000000	
00:08:02	0.425569	1.885416	0.900000	1.000000	
00:09:02	0.401222	2.183332	0.900000	1.000000	
00:10:03	0.368875	2.581248	0.900000	1.000000	
00:11:02	0.344528	2.879164	0.900000	1.000000	
00:12:02	0.320180	3.177080	0.900000	1.000000	
00:13:03	0.311833	3.274997	0.900000	1.000000	
00:14:02	0.311486	3.272913	0.900000	1.000000	
00:15:02	0.311139	3.270830	0.900000	1.000000	
00:16:02	0.310791	3.268746	0.900000	1.000000	
00:17:02	0.311444	3.266163	0.900000	1.000000	
00:18:03	0.315097	3.262079	0.900000	1.000000	
00:19:02	0.317750	3.258496	0.900000	1.000000	
00:20:02	0.320402	3.254912	0.900000	1.000000	
00:21:03	0.324055	3.250829	0.900000	1.000000	
00:22:02	0.326708	3.247246	0.900000	1.000000	
00:23:02	0.329360	3.243662	0.900000	1.000000	
00:24:03	0.333013	3.239579	0.900000	1.000000	
00:25:03	0.335666	3.235995	0.900000	1.000000	
00:26:02	0.338318	3.232412	0.900000	1.000000	
00:27:03	0.341971	3.228328	0.900000	1.000000	
00:28:03	0.344624	3.224745	0.900000	1.000000	
00:29:02	0.347277	3.221162	0.900000	1.000000	
00:30:02	0.349929	3.217578	0.900000	1.000000	
00:31:03	0.353582	3.213495	0.900000	1.000000	
00:32:02	0.356235	3.209911	0.900000	1.000000	
00:33:02	0.358887	3.206328	0.900000	1.000000	
00:34:03	0.362540	3.202245	0.900000	1.000000	
00:35:03	0.365193	3.198661	0.900000	1.000000	
00:36:02	0.367846	3.195078	0.900000	1.000000	
00:37:02	0.370498	3.191494	0.900000	1.000000	
00:38:03	0.374151	3.187411	0.900000	1.000000	
00:39:02	0.376804	3.183827	0.900000	1.000000	
00:40:02	0.379456	3.180244	0.900000	1.000000	
00:41:03	0.383109	3.176161	0.900000	1.000000	
00:42:02	0.385762	3.172577	0.900000	1.000000	
00:43:02	0.385414	3.170494	0.900000	1.000000	
00:44:03	0.385067	3.168410	0.900000	1.000000	
00:45:03	0.384720	3.166327	0.900000	1.000000	
00:46:02	0.384373	3.164243	0.900000	1.000000	
00:47:02	0.376025	3.262159	0.900000	1.000000	
00:48:03	0.351678	3.560076	0.900000	1.000000	
00:49:02	0.351331	3.557992	0.900000	1.000000	
00:50:02	0.350984	3.555908	0.900000	1.000000	
00:51:03	0.350636	3.553825	0.900000	1.000000	
00:52:02	0.350289	3.551741	0.900000	1.000000	
00:53:02	0.351942	3.548658	0.900000	1.000000	
00:54:03	0.355595	3.544574	0.900000	1.000000	
00:55:03	0.358247	3.540991	0.900000	1.000000	
00:56:02	0.360900	3.537408	0.900000	1.000000	
00:57:02	0.363553	3.533824	0.900000	1.000000	
00:58:03	0.367205	3.529741	0.900000	1.000000	
00:59:02	0.369858	3.526157	0.900000	1.000000	
00:60:02	0.372511	3.522574	0.900000	1.000000	
01:01:03	0.376164	3.518491	0.900000	1.000000	
01:02:02	0.378816	3.514907	0.900000	1.000000	
01:03:02	0.381469	3.511324	0.900000	1.000000	
01:04:03	0.385122	3.507240	0.900000	1.000000	
01:05:03	0.387774	3.503657	0.900000	1.000000	
01:06:02	0.390427	3.500073	0.900000	1.000000	
01:07:02	0.393080	3.496490	0.900000	1.000000	
01:08:03	0.396732	3.492407	0.900000	1.000000	
01:09:02	0.399385	3.488823	0.900000	1.000000	
01:10:02	0.402038	3.485240	0.900000	1.000000	
01:11:03	0.405691	3.481156	0.900000	1.000000	
01:12:02	0.408343	3.477573	0.900000	1.000000	
01:13:02	0.410996	3.473989	0.900000	1.000000	
01:14:03	0.414649	3.469906	0.900000	1.000000	
01:15:03	0.417301	3.466323	0.900000	1.000000	
01:16:02	0.419954	3.462739	0.900000	1.000000	
01:17:03	0.423607	3.458656	0.900000	1.000000	
01:18:03	0.425259	3.455572	0.900000	1.000000	
01:19:02	0.424912	3.453489	0.900000	1.000000	
01:20:02	0.424565	3.451405	0.900000	1.000000	
01:21:03	0.424218	3.449322	0.900000	1.000000	
01:22:02	0.423870	3.447238	0.900000	1.000000	
01:23:02	0.407523	3.645154	0.900000	1.000000	
01:24:02	0.391176	3.843071	0.900000	1.000000	
01:25:03	0.390829	3.840987	0.900000	1.000000	
01:26:02	0.390481	3.838904	0.900000	1.000000	
01:27:02	0.390134	3.836820	0.900000	1.000000	
01:28:03	0.389787	3.834737	0.900000	1.000000	
01:29:02	0.392440	3.831153	0.900000	1.000000	
01:30:02	0.395092	3.827570	0.900000	1.000000	
01:31:02	0.397745	3.823986	0.900000	1.000000	
01:32:03	0.401398	3.819903	0.900000	1.000000	
01:33:02	0.404050	3.816319	0.900000	1.000000	
01:34:02	0.406703	3.812736	0.900000	1.000000	
01:35:03	0.410356	3.808653	0.900000	1.000000	
01:36:03	0.413009	3.805069	0.900000	1.000000	
01:37:02	0.415661	3.801486	0.900000	1.000000	
01:38:02	0.418314	3.797902	0.900000	1.000000	
01:39:03	0.421967	3.793819	0.900000	1.000000	
01:40:02	0.424619	3.790236	0.900000	1.000000	
01:41:02	0.427272	3.786652	0.900000	1.000000	
01:42:03	0.430925	3.782569	0.900000	1.000000	
01:43:02	0.433577	3.778985	0.900000	1.000000	
01:44:02	0.436230	3.775402	0.900000	1.000000	
01:45:03	0.439883	3.771318	0.900000	1.000000	
01:46:02	0.442536	3.767735	0.900000	1.000000	
01:47:02	0.445188	3.764152	0.900000	1.000000	
01:48:03	0.448841	3.760068	0.900000	1.000000	
01:49:02	0.451494	3.756485	0.900000	1.000000	
01:50:02	0.454146	3.752901	0.900000	1.000000	
01:51:03	0.455799	3.749818	0.900000	1.000000	
01:52:03	0.455452	3.747734	0.900000	1.000000	
01:53:02	0.455105	3.745651	0.900000	1.000000	
01:54:02	0.454757	3.743567	0.900000	1.000000	
01:55:03	0.454410	3.741484	0.900000	1.000000	
01:56:02	0.430063	4.039400	0.900000	1.000000	
01:57:02	0.421716	4.137317	0.900000	1.000000	
01:58:03	0.421368	4.135233	0.900000	1.000000	
01:59:02	0.421021	4.133150	0.900000	1.000000	
01:60:02	0.420674	4.131067	0.900000	1.000000	
02:01:03	0.421327	4.128483	0.900000	1.000000	
02:02:02	0.423979	4.124899	0.900000	1.000000	
02:03:02	0.426632	4.121315	0.900000	1.000000	
02:04:03	0.430285	4.117231	0.900000	1.000000	
02:05:02	0.432937	4.113647	0.900000	1.000000	
02:06:02	0.435590	4.110064	0.900000	1.000000	
02:07:03	0.439243	4.105979	0.900000	1.000000	
02:08:03	0.441895	4.102396	0.900000	1.000000	
02:09:02	0.444548	4.098812	0.900000	1.000000	
02:10:02	0.447201	4.095228	0.900000	1.000000	
02:11:03	0.450854	4.091144	0.900000	1.000000	
02:12:02	0.453506	4.087560	0.900000	1.000000	
02:13:02	0.456159	4.083976	0.900000	1.000000	
02:14:03	0.459812	4.079892	0.900000	1.000000	
02:15:02	0.462464	4.076308	0.900000	1.000000	
02:16:02	0.465117	4.072724	0.900000	1.000000	
02:17:03	0.468770	4.068640	0.900000	1.000000	
02:18:02	0.471422	4.065056	0.900000	1.000000	
02:19:02	0.474075	4.061472	0.900000	1.000000	
02:20:03	0.477728	4.057388	0.900000	1.000000	
02:21:03	0.480381	4.053804	0.900000	1.000000	
02:22:02	0.483033	4.050220	0.900000	1.000000	
02:23:02	0.485686	4.046636	0.900000	1.000000	
02:24:03	0.486339	4.044053	0.900000	1.000000	
02:25:02	0.485991	4.041969	0.900000	1.000000	
02:26:02	0.485644	4.039886	0.900000	1.000000	
02:27:03	0.485297	4.037803	0.900000	1.000000	
02:28:02	0.484950	4.035719	0.900000	1.000000	
02:29:02	0.484602	4.033636	0.900000	1.000000	
02:30:02	0.487255	4.030052	0.900000	1.000000	
02:31:03	0.490908	4.025968	0.900000	1.000000	
02:32:02	0.493561	4.022384	0.900000	1.000000	
02:33:02	0.493213	4.020301	0.900000	1.000000	
02:34:03	0.492866	4.018218	0.900000	1.000000	
02:35:02	0.492519	4.016134	0.900000	1.000000	
02:36:02	0.492171	4.014051	0.900000	1.000000	
02:37:02	0.483824	4.111968	0.900000	1.000000	
02:38:03	0.451477	4.509884	0.900000	1.000000	
02:39:02	0.451130	4.507801	0.900000	1.000000	
02:40:02	0.450783	4.505717	0.900000	1.000000	
02:41:03	0.450435	4.503634	0.900000	1.000000	
02:42:02	0.450088	4.501551	0.900000	1.000000	
02:43:02	0.450741	4.498967	0.900000	1.000000	
02:44:03	0.454393	4.494883	0.900000	1.000000	
02:45:03	0.457046	4.491299	0.900000	1.000000	
02:46:02	0.459699	4.487715	0.900000	1.000000	
02:47:02	0.462352	4.484131	0.900000	1.000000	
02:48:02	0.465004	4.480547	0.900000	1.000000	
02:49:03	0.468657	4.476463	0.900000	1.000000	
02:50:03	0.471310	4.472879	0.900000	1.000000	
02:51:02	0.473962	4.469296	0.900000	1.000000	
02:52:02	0.476615	4.465712	0.900000	1.000000	
02:53:02	0.479268	4.462128	0.900000	1.000000	
02:54:02	0.481920	4.458544	0.900000	1.000000	
02:55:03	0.485573	4.454460	0.900000	1.000000	
02:56:03	0.488226	4.450876	0.900000	1.000000	
02:57:02	0.490879	4.447292	0.900000	1.000000	
02:58:02	0.493531	4.443708	0.900000	1.000000	
02:59:02	0.496184	4.440124	0.900000	1.000000	
02:60:02	0.498837	4.436540	0.900000	1.000000	
03:01:02	0.501489	4.432956	0.900000	1.000000	
03:02:03	0.505142	4.428872	0.900000	1.000000	
03:03:03	0.507795	4.425288	0.900000	1.000000	
03:04:03	0.510448	4.421704	0.900000	1.000000	
03:05:02	0.513100	4.418120	0.900000	1.000000	
03:06:02	0.515753	4.414536	0.900000	1.000000	
03:07:02	0.518406	4.410953	0.900000	1.000000	
03:08:02	0.521058	4.407369	0.900000	1.000000	
03:09:02	0.523711	4.403785	0.900000	1.000000	
03:10:03	0.527364	4.399701	0.900000	1.000000	
03:11:03	0.530016	4.396117	0.900000	1.000000	
03:12:03	0.532669	4.392533	0.900000	1.000000	
03:13:03	0.535322	4.388949	0.900000	1.000000	
03:14:02	0.535975	4.386365	0.900000	1.000000	
03:15:02	0.535627	4.384282	0.900000	1.000000	
03:16:02	0.535280	4.382199	0.900000	1.000000	
03:17:02	0.534933	4.380116	0.900000	1.000000	
03:18:02	0.534586	4.378032	0.900000	1.000000	
03:19:03	0.502238	4.775949	0.900000	1.000000	
03:20:03	0.493891	4.873865	0.900000	1.000000	
03:21:03	0.493544	4.871782	0.900000	1.000000	
03:22:03	0.493196	4.869699	0.900000	1.000000	
03:23:02	0.492849	4.867615	0.900000	1.000000	
03:24:02	0.493502	4.865032	0.900000	1.000000	
03:25:02	0.496155	4.861448	0.900000	1.000000	
03:26:02	0.498807	4.857864	0.900000	1.000000	
03:27:03	0.502460	4.853780	0.900000	1.000000	
03:28:03	0.505113	4.850196	0.900000	1.000000	
03:29:03	0.507765	4.846612	0.900000	1.000000	
03:30:03	0.510418	4.843028	0.900000	1.000000	
03:31:02	0.513071	4.839444	0.900000	1.000000	
03:32:02	0.515724	4.835860	0.900000	1.000000	
03:33:02	0.518376	4.832276	0.900000	1.000000	
03:34:02	0.521029	4.828692	0.900000	1.000000	
03:35:03	0.524682	4.824608	0.900000	1.000000	
03:36:03	0.527334	4.821024	0.900000	1.000000	
03:37:03	0.529987	4.817441	0.900000	1.000000	
03:38:03	0.532640	4.813857	0.900000	1.000000	
03:39:02	0.535293	4.810273	0.900000	1.000000	
03:40:02	0.537945	4.806689	0.900000	1.000000	
03:41:02	0.540598	4.803105	0.900000	1.000000	
03:42:02	0.543251	4.799521	0.900000	1.000000	
03:43:03	0.546903	4.795437	0.900000	1.000000	
03:44:03	0.549556	4.791853	0.900000	1.000000	
03:45:03	0.552209	4.788269	0.900000	1.000000	
03:46:03	0.554861	4.784685	0.900000	1.000000	
03:47:02	0.557514	4.781101	0.900000	1.000000	
03:48:02	0.560167	4.777517	0.900000	1.000000	
03:49:02	0.562820	4.773933	0.900000	1.000000	
03:50:02	0.565472	4.770350	0.900000	1.000000	
03:51:02	0.568125	4.766766	0.900000	1.000000	
03:52:03	0.571778	4.762681	0.900000	1.000000	
03:53:03	0.574430	4.759098	0.900000	1.000000	
03:54:03	0.577083	4.755514	0.900000	1.000000	
03:55:03	0.577736	4.752930	0.900000	1.000000	
03:56:02	0.577389	4.750847	0.900000	1.000000	
03:57:02	0.577041	4.748764	0.900000	1.000000	
03:58:02	0.576694	4.746680	0.900000	1.000000	
03:59:02	0.576347	4.744597	0.900000	1.000000	
03:60:02	0.551999	5.042513	0.900000	1.000000	
04:01:02	0.535652	5.240430	0.900000	1.000000	
04:02:02	0.535305	5.238347	0.900000	1.000000	
04:03:03	0.534958	5.236263	0.900000	1.000000	
04:04:03	0.534610	5.234180	0.900000	1.000000	
04:05:03	0.535263	5.231596	0.900000	1.000000	
04:06:03	0.537916	5.228013	0.900000	1.000000	
04:07:02	0.540569	5.224429	0.900000	1.000000	
04:08:02	0.543221	5.220845	0.900000	1.000000	
04:09:02	0.545874	5.217261	0.900000	1.000000	
04:10:02	0.548527	5.213677	0.900000	1.000000	
04:11:02	0.551179	5.210093	0.900000	1.000000	
04:12:03	0.554832	5.206009	0.900000	1.000000	
04:13:03	0.557485	5.202425	0.900000	1.000000	
04:14:03	0.560137	5.198841	0.900000	1.000000	
04:15:03	0.562790	5.195257	0.900000	1.000000	
04:16:02	0.565443	5.191673	0.900000	1.000000	
04:17:02	0.568096	5.188089	0.900000	1.000000	
04:18:02	0.570748	5.184505	0.900000	1.000000	
04:19:02	0.573401	5.180922	0.900000	1.000000	
04:20:02	0.576054	5.177338	0.900000	1.000000	
04:21:03	0.579706	5.173254	0.900000	1.000000	
04:22:03	0.582359	5.169670	0.900000	1.000000	
04:23:03	0.585012	5.166086	0.900000	1.000000	
04:24:03	0.587664	5.162502	0.900000	1.000000	
04:25:02	0.590317	5.158918	0.900000	1.000000	
04:26:02	0.592970	5.155334	0.900000	1.000000	
04:27:02	0.595623	5.151750	0.900000	1.000000	
04:28:02	0.598275	5.148166	0.900000	1.000000	
04:29:02	0.600928	5.144582	0.900000	1.000000	
04:30:03	0.604581	5.140498	0.900000	1.000000	
04:31:03	0.607233	5.136914	0.900000	1.000000	
04:32:03	0.609886	5.133330	0.900000	1.000000	
04:33:02	0.612539	5.129746	0.900000	1.000000	
04:34:02	0.615192	5.126163	0.900000	1.000000	
04:35:02	0.617844	5.122579	0.900000	1.000000	
04:36:02	0.619497	5.119495	0.900000	1.000000	
04:37:02	0.619150	5.117412	0.900000	1.000000	
04:38:02	0.618802	5.115328	0.900000	1.000000	
04:39:03	0.618455	5.113245	0.900000	1.000000	
04:40:03	0.618108	5.111162	0.900000	1.000000	
04:41:03	0.593761	5.409078	0.900000	1.000000	
04:42:03	0.585413	5.506995	0.900000	1.000000	
04:43:02	0.585066	5.504911	0.900000	1.000000	
04:44:02	0.584719	5.502828	0.900000	1.000000	
04:45:02	0.584372	5.500745	0.900000	1.000000	
04:46:02	0.584024	5.498662	0.900000	1.000000	
04:47:02	0.586677	5.495078	0.900000	1.000000	
04:48:02	0.589330	5.491494	0.900000	1.000000	
04:49:03	0.592982	5.487410	0.900000	1.000000	
04:50:03	0.595635	5.483826	0.900000	1.000000	
04:51:03	0.598288	5.480242	0.900000	1.000000	
04:52:02	0.600941	5.476658	0.900000	1.000000	
04:53:02	0.603593	5.473074	0.900000	1.000000	
04:54:02	0.606246	5.469490	0.900000	1.000000	
04:55:02	0.608899	5.465906	0.900000	1.000000	
04:56:03	0.612551	5.461822	0.900000	1.000000	
04:57:03	0.615204	5.458238	0.900000	1.000000	
04:58:03	0.617857	5.454654	0.900000	1.000000	
04:59:02	0.620509	5.451070	0.900000	1.000000	
04:60:02	0.623162	5.447486	0.900000	1.000000	
05:01:02	0.625815	5.443902	0.900000	1.000000	
05:02:02	0.628468	5.440319	0.900000	1.000000	
05:03:03	0.632120	5.436234	0.900000	1.000000	
05:04:03	0.634773	5.432651	0.900000	1.000000	
05:05:03	0.637426	5.429067	0.900000	1.000000	
05:06:03	0.640078	5.425483	0.900000	1.000000	
05:07:02	0.642731	5.421899	0.900000	1.000000	
05:08:02	0.645384	5.418315	0.900000	1.000000	
05:09:02	0.648036	5.414731	0.900000	1.000000	
05:10:02	0.650689	5.411147	0.900000	1.000000	
05:11:03	0.653342	5.407563	0.900000	1.000000	
05:12:03	0.652995	5.405480	0.900000	1.000000	
05:13:03	0.652647	5.403397	0.900000	1.000000	
05:14:03	0.652300	5.401313	0.900000	1.000000	
05:15:03	0.651953	5.399230	0.900000	1.000000	
05:16:03	0.635606	5.597147	0.900000	1.000000	
05:17:02	0.611258	5.895063	0.900000	1.000000	
05:18:02	0.610911	5.892980	0.900000	1.000000	
05:19:02	0.610564	5.890896	0.900000	1.000000	
05:20:02	0.610216	5.888813	0.900000	1.000000	
05:21:02	0.609869	5.886730	0.900000	1.000000	
05:22:02	0.611522	5.883646	0.900000	1.000000	
05:23:02	0.614175	5.880062	0.900000	1.000000	
05:24:03	0.617827	5.875978	0.900000	1.000000	
05:25:03	0.620480	5.872394	0.900000	1.000000	
05:26:02	0.623133	5.868810	0.900000	1.000000	
05:27:02	0.625785	5.865226	0.900000	1.000000	
05:28:02	0.628438	5.861642	0.900000	1.000000	
05:29:02	0.631091	5.858058	0.900000	1.000000	
05:30:02	0.633744	5.854475	0.900000	1.000000	
05:31:02	0.636396	5.850891	0.900000	1.000000	
05:32:03	0.640049	5.846807	0.900000	1.000000	
05:33:03	0.642702	5.843223	0.900000	1.000000	
05:34:03	0.645354	5.839639	0.900000	1.000000	
05:35:03	0.648007	5.836055	0.900000	1.000000	
05:36:02	0.650660	5.832471	0.900000	1.000000	
05:37:02	0.653313	5.828887	0.900000	1.000000	
05:38:02	0.655965	5.825303	0.900000	1.000000	
05:39:02	0.658618	5.821719	0.900000	1.000000	
05:40:02	0.661271	5.818135	0.900000	1.000000	
05:41:03	0.664923	5.814051	0.900000	1.000000	
05:42:03	0.667576	5.810467	0.900000	1.000000	
05:43:03	0.670229	5.806883	0.900000	1.000000	
05:44:02	0.672881	5.803299	0.900000	1.000000	
05:45:02	0.675534	5.799716	0.900000	1.000000	
05:46:02	0.678187	5.796132	0.900000	1.000000	
05:47:02	0.680840	5.792548	0.900000	1.000000	
05:48:02	0.683492	5.788964	0.900000	1.000000	
05:49:03	0.687145	5.784880	0.900000	1.000000	
05:50:03	0.689798	5.781296	0.900000	1.000000	
05:51:03	0.692450	5.777712	0.900000	1.000000	
05:52:03	0.695103	5.774128	0.900000	1.000000	
05:53:02	0.694756	5.772045	0.900000	1.000000	
05:54:02	0.694409	5.769961	0.900000	1.000000	
05:55:02	0.694061	5.767878	0.900000	1.000000	
05:56:02	0.693714	5.765795	0.900000	1.000000	
05:57:03	0.677367	5.963711	0.900000	1.000000	
05:58:03	0.653019	6.261628	0.900000	1.000000	
05:59:03	0.652672	6.259544	0.900000	1.000000	
05:60:03	0.652325	6.257461	0.900000	1.000000	
06:01:02	0.651978	6.255378	0.900000	1.000000	
06:02:02	0.651630	6.253294	0.900000	1.000000	
06:03:02	0.652283	6.250711	0.900000	1.000000	
06:04:02	0.654936	6.247127	0.900000	1.000000	
06:05:02	0.657589	6.243543	0.900000	1.000000	
06:06:02	0.660241	6.239959	0.900000	1.000000	
06:07:03	0.663894	6.235875	0.900000	1.000000	
06:08:03	0.666547	6.232291	0.900000	1.000000	
06:09:03	0.669199	6.228707	0.900000	1.000000	
06:10:03	0.671852	6.225123	0.900000	1.000000	
06:11:02	0.674505	6.221539	0.900000	1.000000	
06:12:02	0.677157	6.217956	0.900000	1.000000	
06:13:02	0.679810	6.214372	0.900000	1.000000	
06:14:02	0.682463	6.210788	0.900000	1.000000	
06:15:02	0.685116	6.207204	0.900000	1.000000	
06:16:03	0.688768	6.203120	0.900000	1.000000	
06:17:03	0.691421	6.199536	0.900000	1.000000	
06:18:03	0.694074	6.195952	0.900000	1.000000	
06:19:03	0.696726	6.192368	0.900000	1.000000	
06:20:03	0.699379	6.188784	0.900000	1.000000	
06:21:02	0.702032	6.185200	0.900000	1.000000	
06:22:02	0.704684	6.181616	0.900000	1.000000	
06:23:02	0.707337	6.178032	0.900000	1.000000	
06:24:02	0.709990	6.174448	0.900000	1.000000	
06:25:02	0.712643	6.170865	0.900000	1.000000	
06:26:03	0.716295	6.166780	0.900000	1.000000	
06:27:03	0.718948	6.163197	0.900000	1.000000	
06:28:03	0.721601	6.159613	0.900000	1.000000	
06:29:02	0.724253	6.156029	0.900000	1.000000	
06:30:02	0.726906	6.152445	0.900000	1.000000	
06:31:02	0.729559	6.148861	0.900000	1.000000	
06:32:02	0.732212	6.145277	0.900000	1.000000	
06:33:02	0.734864	6.141693	0.900000	1.000000	
06:34:03	0.738517	6.137609	0.900000	1.000000	
06:35:03	0.741170	6.134025	0.900000	1.000000	
06:36:03	0.743822	6.130441	0.900000	1.000000	
06:37:02	0.744475	6.127858	0.900000	1.000000	
06:38:02	0.744128	6.125774	0.900000	1.000000	
06:39:02	0.743781	6.123691	0.900000	1.000000	
06:40:02	0.743433	6.121608	0.900000	1.000000	
06:41:03	0.735086	6.219524	0.900000	1.000000	
06:42:03	0.710739	6.517441	0.900000	1.000000	
06:43:03	0.710391	6.515357	0.900000	1.000000	
06:44:02	0.710044	6.513274	0.900000	1.000000	
06:45:02	0.709697	6.511191	0.900000	1.000000	
06:46:02	0.709350	6.509108	0.900000	1.000000	
06:47:02	0.710002	6.506524	0.900000	1.000000	
06:48:02	0.712655	6.502940	0.900000	1.000000	
06:49:02	0.715308	6.499356	0.900000	1.000000	
06:50:03	0.718961	6.495272	0.900000	1.000000	
06:51:03	0.721613	6.491688	0.900000	1.000000	
06:52:03	0.724266	6.488104	0.900000	1.000000	
06:53:02	0.726919	6.484520	0.900000	1.000000	
06:54:03	0.730571	6.480436	0.900000	1.000000	
06:55:03	0.733224	6.476852	0.900000	1.000000	
06:56:02	0.735877	6.473269	0.900000	1.000000	
06:57:02	0.738529	6.469685	0.900000	1.000000	
06:58:02	0.741182	6.466101	0.900000	1.000000	
06:59:02	0.743835	6.462517	0.900000	1.000000	
06:60:03	0.747488	6.458433	0.900000	1.000000	
07:01:03	0.750140	6.454849	0.900000	1.000000	
07:02:03	0.752793	6.451265	0.900000	1.000000	
07:03:02	0.755446	6.447681	0.900000	1.000000	
07:04:02	0.758098	6.444097	0.900000	1.000000	
07:05:02	0.760751	6.440513	0.900000	1.000000	
07:06:02	0.763404	6.436929	0.900000	1.000000	
07:07:03	0.767056	6.432845	0.900000	1.000000	
07:08:03	0.769709	6.429261	0.900000	1.000000	
07:09:03	0.772362	6.425677	0.900000	1.000000	
07:10:03	0.775015	6.422093	0.900000	1.000000	
07:11:03	0.777667	6.418509	0.900000	1.000000	
07:12:02	0.779320	6.415426	0.900000	1.000000	
07:13:02	0.778973	6.413342	0.900000	1.000000	
07:14:02	0.778625	6.411259	0.900000	1.000000	
07:15:03	0.778278	6.409176	0.900000	1.000000	
07:16:03	0.777931	6.407093	0.900000	1.000000	
07:17:02	0.753584	6.705009	0.900000	1.000000	
07:18:02	0.745236	6.802926	0.900000	1.000000	
07:19:02	0.744889	6.800842	0.900000	1.000000	
07:20:03	0.744542	6.798759	0.900000	1.000000	
07:21:03	0.744195	6.796676	0.900000	1.000000	
07:22:02	0.743847	6.794592	0.900000	1.000000	
07:23:02	0.746500	6.791008	0.900000	1.000000	
07:24:03	0.750153	6.786924	0.900000	1.000000	
07:25:03	0.752805	6.783340	0.900000	1.000000	
07:26:03	0.755458	6.779757	0.900000	1.000000	
07:27:03	0.758111	6.776173	0.900000	1.000000	
07:28:02	0.760764	6.772589	0.900000	1.000000	
07:29:02	0.763416	6.769005	0.900000	1.000000	
07:30:02	0.766069	6.765421	0.900000	1.000000	
07:31:02	0.768722	6.761837	0.900000	1.000000	
07:32:03	0.772374	6.757753	0.900000	1.000000	
07:33:03	0.775027	6.754169	0.900000	1.000000	
07:34:03	0.777680	6.750585	0.900000	1.000000	
07:35:03	0.780333	6.747001	0.900000	1.000000	
07:36:02	0.782985	6.743417	0.900000	1.000000	
07:37:02	0.785638	6.739833	0.900000	1.000000	
07:38:02	0.788291	6.736249	0.900000	1.000000	
07:39:02	0.790943	6.732666	0.900000	1.000000	
07:40:02	0.793596	6.729082	0.900000	1.000000	
07:41:03	0.797249	6.724998	0.900000	1.000000	
07:42:03	0.799901	6.721414	0.900000	1.000000	
07:43:03	0.802554	6.717830	0.900000	1.000000	
07:44:03	0.805207	6.714246	0.900000	1.000000	
07:45:02	0.807860	6.710662	0.900000	1.000000	
07:46:02	0.810512	6.707078	0.900000	1.000000	
07:47:02	0.813165	6.703494	0.900000	1.000000	
07:48:02	0.812818	6.701411	0.900000	1.000000	
07:49:02	0.812470	6.699327	0.900000	1.000000	
07:50:02	0.812123	6.697244	0.900000	1.000000	
07:51:03	0.811776	6.695161	0.900000	1.000000	
07:52:03	0.787429	6.993077	0.900000	1.000000	
07:53:03	0.771081	7.190994	0.900000	1.000000	
07:54:03	0.770734	7.188910	0.900000	1.000000	
07:55:02	0.770387	7.186827	0.900000	1.000000	
07:56:02	0.770040	7.184744	0.900000	1.000000	
07:57:02	0.769692	7.182661	0.900000	1.000000	
07:58:02	0.771345	7.179577	0.900000	1.000000	
07:59:02	0.773998	7.175993	0.900000	1.000000	
07:60:03	0.777650	7.171909	0.900000	1.000000	
08:01:03	0.780303	7.168325	0.900000	1.000000	
08:02:03	0.782956	7.164741	0.900000	1.000000	
08:03:02	0.785609	7.161157	0.900000	1.000000	
08:04:02	0.788261	7.157573	0.900000	1.000000	
08:05:02	0.790914	7.153989	0.900000	1.000000	
08:06:02	0.793567	7.150405	0.900000	1.000000	
08:07:02	0.796219	7.146821	0.900000	1.000000	
08:08:02	0.798872	7.143238	0.900000	1.000000	
08:09:03	0.802525	7.139153	0.900000	1.000000	
08:10:03	0.805177	7.135570	0.900000	1.000000	
08:11:03	0.807830	7.131986	0.900000	1.000000	
08:12:02	0.810483	7.128402	0.900000	1.000000	
08:13:02	0.813136	7.124818	0.900000	1.000000	
08:14:02	0.815788	7.121234	0.900000	1.000000	
08:15:02	0.818441	7.117650	0.900000	1.000000	
08:16:03	0.822094	7.113566	0.900000	1.000000	
08:17:03	0.824746	7.109982	0.900000	1.000000	
08:18:03	0.827399	7.106398	0.900000	1.000000	
08:19:03	0.830052	7.102814	0.900000	1.000000	
08:20:02	0.832704	7.099230	0.900000	1.000000	
08:21:02	0.835357	7.095646	0.900000	1.000000	
08:22:02	0.838010	7.092062	0.900000	1.000000	
08:23:02	0.840663	7.088479	0.900000	1.000000	
08:24:03	0.844315	7.084394	0.900000	1.000000	
08:25:03	0.846968	7.080811	0.900000	1.000000	
08:26:03	0.849621	7.077227	0.900000	1.000000	
08:27:02	0.852273	7.073643	0.900000	1.000000	
08:28:02	0.854926	7.070059	0.900000	1.000000	
08:29:02	0.854579	7.067976	0.900000	1.000000	
08:30:02	0.854232	7.065892	0.900000	1.000000	
08:31:02	0.853884	7.063809	0.900000	1.000000	
08:32:02	0.853537	7.061726	0.900000	1.000000	
08:33:02	0.845190	7.159642	0.900000	1.000000	
08:34:03	0.820843	7.457559	0.900000	1.000000	
08:35:03	0.820495	7.455475	0.900000	1.000000	
08:36:03	0.820148	7.453392	0.900000	1.000000	
08:37:02	0.819801	7.451309	0.900000	1.000000	
08:38:02	0.819453	7.449225	0.900000	1.000000	
08:39:02	0.821106	7.446142	0.900000	1.000000	
08:40:02	0.823759	7.442558	0.900000	1.000000	
08:41:02	0.826412	7.438974	0.900000	1.000000	
08:42:03	0.830064	7.434890	0.900000	1.000000	
08:43:03	0.832717	7.431306	0.900000	1.000000	
08:44:03	0.835370	7.427722	0.900000	1.000000	
08:45:03	0.838022	7.424138	0.900000	1.000000	
08:46:02	0.840675	7.420554	0.900000	1.000000	
08:47:02	0.843328	7.416970	0.900000	1.000000	
08:48:02	0.845981	7.413386	0.900000	1.000000	
08:49:02	0.848633	7.409802	0.900000	1.000000	
08:50:03	0.852286	7.405718	0.900000	1.000000	
08:51:03	0.854939	7.402134	0.900000	1.000000	
08:52:03	0.857591	7.398551	0.900000	1.000000	
08:53:03	0.860244	7.394967	0.900000	1.000000	
08:54:03	0.862897	7.391383	0.900000	1.000000	
08:55:02	0.865549	7.387799	0.900000	1.000000	
08:56:02	0.868202	7.384215	0.900000	1.000000	
08:57:02	0.870855	7.380631	0.900000	1.000000	
08:58:02	0.873508	7.377047	0.900000	1.000000	
08:59:02	0.876160	7.373463	0.900000	1.000000	
08:60:03	0.879813	7.369379	0.900000	1.000000	
09:01:03	0.882466	7.365795	0.900000	1.000000	
09:02:03	0.885118	7.362211	0.900000	1.000000	
09:03:02	0.887771	7.358627	0.900000	1.000000	
09:04:02	0.887424	7.356544	0.900000	1.000000	
09:05:02	0.887077	7.354461	0.900000	1.000000	
09:06:02	0.886729	7.352377	0.900000	1.000000	
09:07:02	0.886382	7.350294	0.900000	1.000000	
09:08:03	0.870035	7.548211	0.900000	1.000000	
09:09:03	0.845687	7.846127	0.900000	1.000000	
09:10:03	0.845340	7.844044	0.900000	1.000000	
09:11:03	0.844993	7.841960	0.900000	1.000000	
09:12:03	0.844646	7.839877	0.900000	1.000000	
09:13:02	0.844298	7.837794	0.900000	1.000000	
09:14:02	0.845951	7.834710	0.900000	1.000000	
09:15:02	0.848604	7.831126	0.900000	1.000000	
09:16:02	0.851257	7.827542	0.900000	1.000000	
09:17:03	0.854909	7.823458	0.900000	1.000000	
09:18:03	0.857562	7.819874	0.900000	1.000000	
09:19:03	0.860215	7.816290	0.900000	1.000000	
09:20:02	0.862867	7.812706	0.900000	1.000000	
09:21:02	0.865520	7.809123	0.900000	1.000000	
09:22:02	0.868173	7.805539	0.900000	1.000000	
09:23:02	0.870825	7.801955	0.900000	1.000000	
09:24:02	0.873478	7.798371	0.900000	1.000000	
09:25:03	0.877131	7.794287	0.900000	1.000000	
09:26:03	0.879784	7.790703	0.900000	1.000000	
09:27:03	0.882436	7.787119	0.900000	1.000000	
09:28:03	0.885089	7.783535	0.900000	1.000000	
09:29:02	0.887742	7.779951	0.900000	1.000000	
09:30:02	0.890394	7.776367	0.900000	1.000000	
09:31:02	0.893047	7.772783	0.900000	1.000000	
09:32:02	0.895700	7.769199	0.900000	1.000000	
09:33:02	0.898353	7.765615	0.900000	1.000000	
09:34:03	0.902005	7.761531	0.900000	1.000000	
09:35:03	0.904658	7.757947	0.900000	1.000000	
09:36:03	0.907311	7.754364	0.900000	1.000000	
09:37:03	0.909963	7.750780	0.900000	1.000000	
09:38:02	0.912616	7.747196	0.900000	1.000000	
09:39:02	0.915269	7.743612	0.900000	1.000000	
09:40:02	0.917921	7.740028	0.900000	1.000000	
09:41:02	0.920574	7.736444	0.900000	1.000000	
09:42:02	0.923227	7.732860	0.900000	1.000000	
09:43:03	0.926880	7.728776	0.900000	1.000000	
09:44:03	0.929532	7.725192	0.900000	1.000000	
09:45:03	0.929185	7.723109	0.900000	1.000000	
09:46:03	0.928838	7.721025	0.900000	1.000000	
09:47:02	0.928490	7.718942	0.900000	1.000000	
09:48:02	0.928143	7.716859	0.900000	1.000000	
09:49:02	0.919796	7.814775	0.900000	1.000000	
09:50:02	0.895449	8.112693	0.900000	1.000000	
09:51:02	0.887101	8.210609	0.900000	1.000000	
09:52:02	0.886754	8.208526	0.900000	1.000000	
09:53:03	0.886407	8.206442	0.900000	1.000000	
09:54:03	0.886060	8.204358	0.900000	1.000000	
09:55:03	0.886712	8.201775	0.900000	1.000000	
09:56:03	0.889365	8.198192	0.900000	1.000000	
09:57:02	0.892018	8.194609	0.900000	1.000000	
09:58:02	0.894670	8.191026	0.900000	1.000000	
09:59:02	0.897323	8.187443	0.900000	1.000000	
09:60:02	0.899976	8.183860	0.900000	1.000000	
10:01:02	0.902629	8.180277	0.900000	1.000000	
10:02:02	0.905281	8.176694	0.900000	1.000000	
10:03:03	0.908934	8.172611	0.900000	1.000000	
10:04:03	0.911587	8.169028	0.900000	1.000000	
10:05:03	0.914239	8.165445	0.900000	1.000000	
10:06:03	0.916892	8.161862	0.900000	1.000000	
10:07:02	0.919545	8.158279	0.900000	1.000000	
10:08:02	0.922197	8.154696	0.900000	1.000000	
10:09:02	0.924850	8.151114	0.900000	1.000000	
10:10:02	0.927503	8.147531	0.900000	1.000000	
10:11:02	0.930156	8.143948	0.900000	1.000000	
10:12:02	0.932808	8.140365	0.900000	1.000000	
10:13:02	0.935461	8.136782	0.900000	1.000000	
10:14:02	0.938114	8.133199	0.900000	1.000000	
10:15:02	0.940766	8.129616	0.900000	1.000000	
10:16:03	0.944419	8.125533	0.900000	1.000000	
10:17:03	0.947072	8.121950	0.900000	1.000000	
10:18:03	0.949724	8.118367	0.900000	1.000000	
10:19:02	0.952377	8.114784	0.900000	1.000000	
10:20:02	0.955030	8.111201	0.900000	1.000000	
10:21:02	0.957683	8.107618	0.900000	1.000000	
10:22:02	0.960335	8.104035	0.900000	1.000000	
10:23:03	0.963988	8.099953	0.900000	1.000000	
10:24:03	0.966641	8.096370	0.900000	1.000000	
10:25:03	0.969293	8.092787	0.900000	1.000000	
10:26:03	0.971946	8.089204	0.900000	1.000000	
10:27:03	0.974599	8.085621	0.900000	1.000000	
10:28:02	0.977252	8.082038	0.900000	1.000000	
10:29:02	0.977904	8.079454	0.900000	1.000000	
10:30:02	0.977557	8.077371	0.900000	1.000000	
10:31:02	0.977210	8.075287	0.900000	1.000000	
10:32:02	0.976862	8.073203	0.900000	1.000000	
10:33:03	0.968515	8.171120	0.900000	1.000000	
10:34:03	0.944168	8.469037	0.900000	1.000000	
10:35:03	0.935821	8.566954	0.900000	1.000000	
10:36:03	0.935473	8.564870	0.900000	1.000000	
10:37:02	0.935126	8.562786	0.900000	1.000000	
10:38:02	0.934779	8.560702	0.900000	1.000000	
10:39:02	0.934432	8.558619	0.900000	1.000000	
10:40:02	0.937084	8.555036	0.900000	1.000000	
10:41:02	0.939737	8.551453	0.900000	1.000000	
10:42:02	0.942390	8.547870	0.900000	1.000000	
10:43:03	0.946042	8.543787	0.900000	1.000000	
10:44:03	0.948695	8.540204	0.900000	1.000000	
10:45:03	0.951348	8.536621	0.900000	1.000000	
10:46:03	0.954001	8.533038	0.900000	1.000000	
10:47:03	0.956653	8.529455	0.900000	1.000000	
10:48:03	0.959306	8.525872	0.900000	1.000000	
10:49:02	0.961959	8.522289	0.900000	1.000000	
10:50:02	0.964611	8.518706	0.900000	1.000000	
10:51:02	0.967264	8.515123	0.900000	1.000000	
10:52:02	0.969917	8.511540	0.900000	1.000000	
10:53:02	0.972569	8.507957	0.900000	1.000000	
10:54:02	0.975222	8.504375	0.900000	1.000000	
10:55:03	0.978875	8.500292	0.900000	1.000000	
10:56:02	0.980528	8.497209	0.900000	1.000000	
10:57:03	0.984180	8.493126	0.900000	1.000000	
10:58:03	0.986833	8.489543	0.900000	1.000000	
10:59:03	0.989486	8.485960	0.900000	1.000000	
10:60:02	0.992138	8.482377	0.900000	1.000000	
11:01:02	0.994791	8.478794	0.900000	1.000000	
11:02:02	0.997444	8.475211	0.900000	1.000000	
11:03:02	1.000097	8.471628	0.900000	1.000000	
11:04:02	1.002749	8.468045	0.900000	1.000000	
11:05:03	1.006402	8.463963	0.900000	1.000000	
11:06:03	1.009055	8.460380	0.900000	1.000000	
11:07:03	1.011708	8.456797	0.900000	1.000000	
11:08:03	1.014361	8.453214	0.900000	1.000000	
11:09:02	1.017014	8.449631	0.900000	1.000000	
11:10:02	1.018667	8.446548	0.900000	1.000000	
11:11:02	1.018319	8.444464	0.900000	1.000000	
11:12:02	1.017972	8.442380	0.900000	1.000000	
11:13:02	1.017625	8.440296	0.900000	1.000000	
11:14:03	1.017278	8.438212	0.900000	1.000000	
11:15:03	0.992930	8.736130	0.900000	1.000000	
11:16:03	0.984583	8.834046	0.900000	1.000000	
11:17:02	0.984236	8.831963	0.900000	1.000000	
11:18:02	0.983889	8.829879	0.900000	1.000000	
11:19:02	0.983541	8.827795	0.900000	1.000000	
11:20:02	0.983194	8.825711	0.900000	1.000000	
11:21:02	0.985847	8.822128	0.900000	1.000000	
11:22:02	0.988500	8.818545	0.900000	1.000000	
11:23:03	0.992152	8.814463	0.900000	1.000000	
11:24:03	0.994805	8.810880	0.900000	1.000000	
11:25:03	0.997458	8.807297	0.900000	1.000000	
11:26:03	1.000110	8.803714	0.900000	1.000000	
11:27:02	1.002763	8.800131	0.900000	1.000000	
11:28:02	1.005416	8.796548	0.900000	1.000000	
11:29:02	1.008069	8.792965	0.900000	1.000000	
11:30:02	1.010722	8.789382	0.900000	1.000000	
11:31:02	1.013375	8.785799	0.900000	1.000000	
11:32:03	1.017028	8.781716	0.900000	1.000000	
11:33:03	1.019681	8.778133	0.900000	1.000000	
11:34:03	1.022334	8.774550	0.900000	1.000000	
11:35:03	1.024986	8.770967	0.900000	1.000000	
11:36:02	1.027639	8.767385	0.900000	1.000000	
11:37:02	1.030292	8.763802	0.900000	1.000000	
11:38:02	1.032945	8.760219	0.900000	1.000000	
11:39:02	1.035598	8.756636	0.900000	1.000000	
11:40:02	1.038251	8.753053	0.900000	1.000000	
11:41:03	1.041904	8.748970	0.900000	1.000000	
11:42:02	1.044557	8.745387	0.900000	1.000000	
11:43:02	1.047210	8.741804	0.900000	1.000000	
11:44:03	1.050862	8.737721	0.900000	1.000000	
11:45:03	1.052515	8.734638	0.900000	1.000000	
11:46:03	1.052168	8.732554	0.900000	1.000000	
11:47:02	1.051821	8.730471	0.900000	1.000000	
11:48:02	1.051473	8.728387	0.900000	1.000000	
11:49:02	1.051126	8.726303	0.900000	1.000000	
11:50:02	1.034779	8.924220	0.900000	1.000000	
11:51:02	1.018432	9.122137	0.900000	1.000000	
11:52:03	1.018084	9.120053	0.900000	1.000000	
11:53:03	1.017737	9.117970	0.900000	1.000000	
11:54:02	1.017390	9.115886	0.900000	1.000000	
11:55:02	1.017043	9.113802	0.900000	1.000000	
11:56:02	1.018695	9.110719	0.900000	1.000000	
11:57:03	1.022348	9.106636	0.900000	1.000000	
11:58:03	1.025001	9.103053	0.900000	1.000000	
11:59:03	1.027654	9.099470	0.900000	1.000000	
11:60:02	1.030307	9.095887	0.900000	1.000000	
12:01:02	1.032960	9.092304	0.900000	1.000000	
12:02:03	1.036613	9.088222	0.900000	1.000000	
12:03:03	1.039266	9.084639	0.900000	1.000000	
12:04:03	1.041919	9.081056	0.900000	1.000000	
12:05:03	1.044572	9.077473	0.900000	1.000000	
12:06:02	1.047224	9.073890	0.900000	1.000000	
12:07:02	1.049877	9.070307	0.900000	1.000000	
12:08:02	1.052530	9.066724	0.900000	1.000000	
12:09:02	1.055183	9.063141	0.900000	1.000000	
12:10:02	1.057836	9.059558	0.900000	1.000000	
12:11:02	1.060489	9.055975	0.900000	1.000000	
12:12:03	1.064142	9.051892	0.900000	1.000000	
12:13:03	1.066795	9.048309	0.900000	1.000000	
12:14:03	1.069448	9.044726	0.900000	1.000000	
12:15:03	1.072100	9.041143	0.900000	1.000000	
12:16:02	1.074753	9.037560	0.900000	1.000000	
12:17:02	1.077406	9.033978	0.900000	1.000000	
12:18:02	1.080059	9.030395	0.900000	1.000000	
12:19:02	1.082712	9.026812	0.900000	1.000000	
12:20:02	1.085365	9.023229	0.900000	1.000000	
12:21:03	1.086018	9.020645	0.900000	1.000000	
12:22:03	1.085670	9.018561	0.900000	1.000000	
12:23:03	1.085323	9.016478	0.900000	1.000000	
12:24:03	1.084976	9.014394	0.900000	1.000000	
12:25:02	1.076629	9.112310	0.900000	1.000000	
12:26:02	1.052281	9.330228	0.900000	1.000000	
12:27:02	1.051934	9.328144	0.900000	1.000000	
12:28:02	1.051587	9.326060	0.900000	1.000000	
12:29:03	1.051239	9.323977	0.900000	1.000000	
12:30:03	1.050892	9.321893	0.900000	1.000000	
12:31:03	1.052545	9.318810	0.900000	1.000000	
12:32:03	1.055198	9.315227	0.900000	1.000000	
12:33:02	1.057851	9.311644	0.900000	1.000000	
12:34:02	1.060504	9.308061	0.900000	1.000000	
12:35:02	1.063157	9.304478	0.900000	1.000000	
12:36:02	1.065809	9.300895	0.900000	1.000000	
12:37:03	1.069462	9.296812	0.900000	1.000000	
12:38:03	1.072115	9.293229	0.900000	1.000000	
12:39:02	1.074768	9.289646	0.900000	1.000000	
12:40:02	1.077421	9.286063	0.900000	1.000000	
12:41:02	1.080074	9.282480	0.900000	1.000000	
12:42:02	1.082727	9.278897	0.900000	1.000000	
12:43:03	1.086380	9.274815	0.900000	1.000000	
12:44:03	1.089033	9.271232	0.900000	1.000000	
12:45:02	1.091686	9.267649	0.900000	1.000000	
12:46:02	1.094338	9.264066	0.900000	1.000000	
12:47:02	1.096991	9.260483	0.900000	1.000000	
12:48:02	1.099644	9.256900	0.900000	1.000000	
12:49:02	1.102297	9.253317	0.900000	1.000000	
12:50:02	1.104950	9.249734	0.900000	1.000000	
12:51:03	1.108603	9.245651	0.900000	1.000000	
12:52:03	1.111256	9.242068	0.900000	1.000000	
12:53:03	1.111909	9.239485	0.900000	1.000000	
12:54:03	1.111561	9.237401	0.900000	1.000000	
12:55:02	1.111214	9.235317	0.900000	1.000000	
12:56:02	1.110867	9.233233	0.900000	1.000000	
12:57:02	1.110520	9.231150	0.900000	1.000000	
12:58:03	1.078172	9.309068	0.900000	1.000000	
12:59:03	1.077825	9.306984	0.900000	1.000000	
12:60:02	1.077478	9.304900	0.900000	1.000000	
13:01:02	1.077130	9.302816	0.900000	1.000000	
13:02:03	1.076783	9.300733	0.900000	1.000000	
13:03:02	1.077436	9.298149	0.900000	1.000000	
13:04:02	1.080089	9.294566	0.900000	1.000000	
13:05:02	1.082742	9.290983	0.900000	1.000000	
13:06:02	1.085395	9.287400	0.900000	1.000000	
13:07:03	1.089048	9.283318	0.900000	1.000000	
13:08:03	1.091700	9.279735	0.900000	1.000000	
13:09:03	1.094353	9.276152	0.900000	1.000000	
13:10:03	1.097006	9.272569	0.900000	1.000000	
13:11:03	1.099659	9.268986	0.900000	1.000000	
13:12:02	1.102312	9.265403	0.900000	1.000000	
13:13:02	1.104965	9.261820	0.900000	1.000000	
13:14:02	1.107618	9.258237	0.900000	1.000000	
13:15:02	1.110271	9.254654	0.900000	1.000000	
13:16:02	1.112924	9.251071	0.900000	1.000000	
13:17:02	1.115576	9.247488	0.900000	1.000000	
13:18:03	1.119229	9.243405	0.900000	1.000000	
13:19:03	1.120882	9.240322	0.900000	1.000000	
13:20:03	1.120535	9.238238	0.900000	1.000000	
13:21:02	1.120188	9.236155	0.900000	1.000000	
13:22:02	1.119840	9.234071	0.900000	1.000000	
13:23:02	1.119493	9.231987	0.900000	1.000000	
13:24:02	1.119146	9.269904	0.884000	1.000000	
13:25:02	1.118799	9.327822	0.860000	1.000000	
13:26:02	1.118451	9.385739	0.836000	1.000000	
13:27:02	1.118104	9.443657	0.812000	1.000000	
13:28:03	1.117757	9.481574	0.796000	1.000000	
13:29:03	1.117410	9.479490	0.796000	1.000000	
13:30:03	1.117062	9.477407	0.796000	1.000000	
13:31:03	1.116715	9.475323	0.796000	1.000000	
13:32:02	1.116368	9.473239	0.796000	1.000000	
13:33:02	1.119021	9.469656	0.796000	1.000000	
13:34:02	1.121674	9.466073	0.796000	1.000000	
13:35:02	1.124326	9.462490	0.796000	1.000000	
13:36:03	1.127979	9.458407	0.796000	1.000000	
13:37:02	1.130632	9.454824	0.796000	1.000000	
13:38:02	1.133285	9.451241	0.796000	1.000000	
13:39:02	1.135938	9.447659	0.796000	1.000000	
13:40:02	1.136591	9.445075	0.796000	1.000000	
13:41:03	1.136244	9.442991	0.796000	1.000000	
13:42:03	1.135896	9.440907	0.796000	1.000000	
13:43:03	1.135549	9.438824	0.796000	1.000000	
13:44:03	1.135202	9.456740	0.788000	1.000000	
13:45:02	1.134855	9.514658	0.764000	1.000000	
13:46:02	1.134507	9.532575	0.756000	1.000000	
13:47:03	1.134160	9.530491	0.756000	1.000000	
13:48:03	1.133813	9.528407	0.756000	1.000000	
13:49:03	1.133466	9.526323	0.756000	1.000000	
13:50:03	1.134118	9.523740	0.756000	1.000000	
13:51:02	1.136771	9.520157	0.756000	1.000000	
13:52:02	1.139424	9.516574	0.756000	1.000000	
13:53:02	1.142077	9.512991	0.756000	1.000000	
13:54:02	1.144730	9.509408	0.756000	1.000000	
13:55:02	1.144383	9.507324	0.756000	1.000000	
13:56:02	1.144035	9.505240	0.756000	1.000000	
13:57:03	1.143688	9.503157	0.756000	1.000000	
13:58:03	1.143341	9.501073	0.756000	1.000000	
13:59:03	1.142994	9.538990	0.740000	1.000000	
13:60:03	1.142646	9.576907	0.724000	1.000000	
14:01:03	1.142299	9.574823	0.724000	1.000000	
14:02:03	1.141952	9.572740	0.724000	1.000000	
14:03:03	1.141605	9.570656	0.724000	1.000000	
14:04:02	1.141257	9.568572	0.724000	1.000000	
14:05:02	1.142910	9.565489	0.724000	1.000000	
14:06:02	1.145563	9.561906	0.724000	1.000000	
14:07:02	1.148216	9.558323	0.724000	1.000000	
14:08:02	1.150869	9.554740	0.724000	1.000000	
14:09:02	1.152522	9.551657	0.724000	1.000000	
14:10:02	1.152174	9.549573	0.724000	1.000000	
14:11:02	1.151827	9.547489	0.724000	1.000000	
14:12:03	1.151480	9.545405	0.724000	1.000000	
14:13:03	1.151133	9.543322	0.724000	1.000000	
14:14:03	1.150785	9.601239	0.700000	1.000000	
14:15:03	1.150438	9.619156	0.692000	1.000000	
14:16:03	1.150091	9.617072	0.692000	1.000000	
14:17:03	1.149744	9.614988	0.692000	1.000000	
14:18:03	1.149396	9.612905	0.692000	1.000000	
14:19:03	1.149049	9.610821	0.692000	1.000000	
14:20:03	1.151702	9.607238	0.692000	1.000000	
14:21:03	1.154355	9.603655	0.692000	1.000000	
14:22:02	1.157008	9.600072	0.692000	1.000000	
14:23:02	1.159661	9.596489	0.692000	1.000000	
14:24:02	1.160313	9.593905	0.692000	1.000000	
14:25:02	1.159966	9.591822	0.692000	1.000000	
14:26:02	1.159619	9.589738	0.692000	1.000000	
14:27:02	1.159272	9.587654	0.692000	1.000000	
14:28:02	1.158924	9.585570	0.692000	1.000000	
14:29:03	1.158577	9.663488	0.659999	1.000000	
14:30:03	1.158230	9.661405	0.659999	1.000000	
14:31:03	1.157883	9.659321	0.659999	1.000000	
14:32:03	1.157535	9.657237	0.659999	1.000000	
14:33:03	1.157188	9.655153	0.659999	1.000000	
14:34:02	1.157841	9.652570	0.659999	1.000000	
14:35:02	1.160494	9.648987	0.659999	1.000000	
14:36:03	1.161147	9.646403	0.659999	1.000000	
14:37:03	1.160799	9.644320	0.659999	1.000000	
14:38:03	1.160452	9.642236	0.659999	1.000000	
14:39:03	1.160105	9.640152	0.659999	1.000000	
14:40:03	1.159757	9.658069	0.651999	1.000000	
14:41:03	1.159410	9.715986	0.627999	1.000000	
14:42:02	1.159063	9.713902	0.627999	1.000000	
14:43:02	1.158716	9.711819	0.627999	1.000000	
14:44:02	1.158368	9.709735	0.627999	1.000000	
14:45:02	1.158021	9.707651	0.627999	1.000000	
14:46:02	1.158674	9.705068	0.627999	1.000000	
14:47:02	1.161327	9.701485	0.627999	1.000000	
14:48:03	1.164980	9.697402	0.627999	1.000000	
14:49:03	1.167633	9.693819	0.627999	1.000000	
14:50:03	1.169286	9.690736	0.627999	1.000000	
14:51:03	1.168938	9.688652	0.627999	1.000000	
14:52:03	1.168591	9.686568	0.627999	1.000000	
14:53:02	1.168244	9.684484	0.627999	1.000000	
14:54:02	1.167897	9.682401	0.627999	1.000000	
14:55:02	1.167549	9.720318	0.611999	1.000000	
14:56:02	1.167202	9.778235	0.587999	1.000000	
14:57:02	1.166855	9.776152	0.587999	1.000000	
14:58:03	1.166507	9.774068	0.587999	1.000000	
14:59:03	1.166160	9.771984	0.587999	1.000000	
14:60:02	1.165813	9.769900	0.587999	1.000000	
15:01:02	1.167466	9.766817	0.587999	1.000000	
15:02:02	1.170119	9.763234	0.587999	1.000000	
15:03:02	1.172772	9.759651	0.587999	1.000000	
15:04:02	1.175424	9.756068	0.587999	1.000000	
15:05:02	1.177077	9.752985	0.587999	1.000000	
15:06:02	1.176730	9.750901	0.587999	1.000000	
15:07:02	1.176383	9.748817	0.587999	1.000000	
15:08:02	1.176036	9.746734	0.587999	1.000000	
15:09:02	1.175688	9.744650	0.587999	1.000000	
15:10:03	1.175341	9.802567	0.563999	1.000000	
15:11:03	1.174994	9.820484	0.555999	1.000000	
15:12:02	1.174646	9.818400	0.555999	1.000000	
15:13:02	1.174299	9.816317	0.555999	1.000000	
15:14:02	1.173952	9.814233	0.555999	1.000000	
15:15:02	1.173605	9.812149	0.555999	1.000000	
15:16:02	1.176258	9.808566	0.555999	1.000000	
15:17:02	1.178910	9.804983	0.555999	1.000000	
15:18:02	1.181563	9.801400	0.555999	1.000000	
15:19:02	1.184216	9.797817	0.555999	1.000000	
15:20:03	1.185869	9.794734	0.555999	1.000000	
15:21:03	1.185522	9.792650	0.555999	1.000000	
15:22:02	1.185175	9.790566	0.555999	1.000000	
15:23:02	1.184827	9.788483	0.555999	1.000000	
15:24:02	1.184480	9.786399	0.555999	1.000000	
15:25:02	1.184133	9.844316	0.531999	1.000000	
15:26:02	1.183786	9.902234	0.507999	1.000000	
15:27:03	1.183438	9.980152	0.475999	1.000000	
15:28:03	1.183091	10.038070	0.451999	1.000000	
15:29:02	1.182744	10.035986	0.451999	1.000000	
15:30:02	1.182397	10.033902	0.451999	1.000000	
15:31:02	1.182049	10.031818	0.451999	1.000000	
15:32:02	1.181702	10.029735	0.451999	1.000000	
15:33:02	1.182355	10.027151	0.451999	1.000000	
15:34:02	1.185008	10.023568	0.451999	1.000000	
15:35:03	1.188661	10.019485	0.451999	1.000000	
15:36:03	1.191314	10.015903	0.451999	1.000000	
15:37:02	1.193966	10.012320	0.451999	1.000000	
15:38:02	1.196619	10.008737	0.451999	1.000000	
15:39:02	1.199272	10.005154	0.451999	1.000000	
15:40:02	1.201925	10.001571	0.451999	1.000000	
15:41:02	1.204578	9.997988	0.451999	1.000000	
15:42:02	1.207231	9.994405	0.451999	1.000000	
15:43:03	1.209884	9.990822	0.451999	1.000000	
15:44:03	1.209536	9.988738	0.451999	1.000000	
15:45:02	1.209189	9.986654	0.451999	1.000000	
15:46:02	1.208842	9.984571	0.451999	1.000000	
15:47:02	1.208495	9.982487	0.451999	1.000000	
15:48:03	1.208147	10.040404	0.427999	1.000000	
15:49:03	1.207800	10.078321	0.411999	1.000000	
15:50:03	1.207453	10.076238	0.411999	1.000000	
15:51:03	1.207106	10.074154	0.411999	1.000000	
15:52:03	1.206758	10.072070	0.411999	1.000000	
15:53:03	1.206411	10.069986	0.411999	1.000000	
15:54:03	1.209064	10.066403	0.411999	1.000000	
15:55:03	1.210717	10.063320	0.411999	1.000000	
15:56:03	1.210370	10.061236	0.411999	1.000000	
15:57:02	1.210022	10.059153	0.411999	1.000000	
15:58:02	1.209675	10.057069	0.411999	1.000000	
15:59:02	1.209328	10.054985	0.411999	1.000000	
15:60:02	1.208981	10.092902	0.395999	1.000000	
16:01:03	1.208633	10.130819	0.379999	1.000000	
16:02:03	1.208286	10.128736	0.379999	1.000000	
16:03:03	1.207939	10.126652	0.379999	1.000000	
16:04:03	1.207592	10.124568	0.379999	1.000000	
16:05:03	1.207244	10.122484	0.379999	1.000000	
16:06:03	1.209897	10.118901	0.379999	1.000000	
16:07:03	1.212550	10.115318	0.379999	1.000000	
16:08:02	1.215203	10.111735	0.379999	1.000000	
16:09:02	1.217856	10.108152	0.379999	1.000000	
16:10:02	1.218509	10.105569	0.379999	1.000000	
16:11:02	1.218161	10.103485	0.379999	1.000000	
16:12:03	1.217814	10.101401	0.379999	1.000000	
16:13:03	1.217467	10.099318	0.379999	1.000000	
16:14:03	1.217120	10.117234	0.371999	1.000000	
16:15:03	1.216772	10.175152	0.347999	1.000000	
16:16:02	1.216425	10.173068	0.347999	1.000000	
16:17:02	1.216078	10.170984	0.347999	1.000000	
16:18:02	1.215731	10.168900	0.347999	1.000000	
16:19:02	1.215383	10.166817	0.347999	1.000000	
16:20:03	1.217036	10.163733	0.347999	1.000000	
16:21:03	1.219689	10.160151	0.347999	1.000000	
16:22:02	1.222342	10.156568	0.347999	1.000000	
16:23:02	1.224995	10.152985	0.347999	1.000000	
16:24:02	1.227648	10.149402	0.347999	1.000000	
16:25:02	1.230301	10.145819	0.347999	1.000000	
16:26:02	1.232953	10.142236	0.347999	1.000000	
16:27:03	1.236606	10.138153	0.347999	1.000000	
16:28:03	1.239259	10.134570	0.347999	1.000000	
16:29:02	1.241912	10.130987	0.347999	1.000000	
16:30:02	1.244565	10.127404	0.347999	1.000000	
16:31:02	1.247218	10.123821	0.347999	1.000000	
16:32:02	1.249871	10.120238	0.347999	1.000000	
16:33:03	1.253524	10.116156	0.347999	1.000000	
16:34:03	1.256177	10.112573	0.347999	1.000000	
16:35:03	1.258829	10.108990	0.347999	1.000000	
16:36:02	1.261482	10.105407	0.347999	1.000000	
16:37:02	1.264135	10.101824	0.347999	1.000000	
16:38:02	1.266788	10.098241	0.347999	1.000000	
16:39:02	1.269441	10.094658	0.347999	1.000000	
16:40:02	1.272094	10.091075	0.347999	1.000000	
16:41:02	1.274747	10.087492	0.347999	1.000000	
16:42:02	1.277400	10.083909	0.347999	1.000000	
16:43:03	1.281053	10.079826	0.347999	1.000000	
16:44:03	1.283705	10.076243	0.347999	1.000000	
16:45:03	1.286358	10.072660	0.347999	1.000000	
16:46:03	1.289011	10.069077	0.347999	1.000000	
16:47:03	1.291664	10.065495	0.347999	1.000000	
16:48:03	1.294317	10.061912	0.347999	1.000000	
16:49:02	1.296970	10.058329	0.347999	1.000000	
16:50:02	1.299623	10.054746	0.347999	1.000000	
16:51:02	1.302276	10.051163	0.347999	1.000000	
16:52:03	1.305929	10.047080	0.347999	1.000000	
16:53:03	1.308581	10.043497	0.347999	1.000000	
16:54:03	1.311234	10.039914	0.347999	1.000000	
16:55:03	1.313887	10.036331	0.347999	1.000000	
16:56:03	1.316540	10.032748	0.347999	1.000000	
16:57:02	1.319193	10.029165	0.347999	1.000000	
16:58:02	1.321846	10.025582	0.347999	1.000000	
16:59:02	1.324499	10.021999	0.347999	1.000000	
16:60:02	1.327152	10.018416	0.347999	1.000000	
17:01:03	1.330805	10.014334	0.347999	1.000000	
17:02:03	1.333457	10.010751	0.347999	1.000000	
17:03:02	1.336110	10.007168	0.347999	1.000000	
17:04:02	1.338763	10.003585	0.347999	1.000000	
17:05:02	1.341416	10.000002	0.347999	1.000000	
17:06:03	1.345069	9.995919	0.347999	1.000000	
17:07:03	1.347722	9.992336	0.347999	1.000000	
