"E:/Kandra/Kandra.uproject" 1
"../../../Engine/Plugins/2D/Paper2D/Paper2D.uplugin" 2
"../../../Engine/Plugins/Developer/BlankPlugin/BlankPlugin.uplugin" 3
"../../../Engine/Plugins/Developer/GitSourceControl/GitSourceControl.uplugin" 4
"../../../Engine/Plugins/Developer/KDevelopSourceCodeAccess/KDevelopSourceCodeAccess.uplugin" 5
"../../../Engine/Plugins/Developer/PerforceSourceControl/PerforceSourceControl.uplugin" 6
"../../../Engine/Plugins/Developer/SubversionSourceControl/SubversionSourceControl.uplugin" 7
"../../../Engine/Plugins/Developer/UObjectPlugin/UObjectPlugin.uplugin" 8
"../../../Engine/Plugins/Developer/VisualStudioSourceCodeAccess/VisualStudioSourceCodeAccess.uplugin" 9
"../../../Engine/Plugins/Developer/XCodeSourceCodeAccess/XCodeSourceCodeAccess.uplugin" 10
"../../../Engine/Plugins/Editor/EpicSurvey/EpicSurvey.uplugin" 11
"../../../Engine/Plugins/Editor/MacGraphicsSwitching/MacGraphicsSwitching.uplugin" 12
"../../../Engine/Plugins/Editor/PluginsEditor/PluginsEditor.uplugin" 13
"../../../Engine/Plugins/Editor/SpeedTreeImporter/SpeedTreeImporter.uplugin" 14
"../../../Engine/Plugins/Experimental/BlueprintStats/BlueprintStats.uplugin" 15
"../../../Engine/Plugins/Experimental/CharacterAI/CharacterAI.uplugin" 16
"../../../Engine/Plugins/Experimental/CodeView/CodeView.uplugin" 17
"../../../Engine/Plugins/Experimental/LiveEditor/LiveEditor.uplugin" 18
"../../../Engine/Plugins/Experimental/Phya/Phya.uplugin" 19
"../../../Engine/Plugins/Experimental/SimpleHMD/SimpleHMD.uplugin" 20
"../../../Engine/Plugins/Experimental/SteamVR/SteamVR.uplugin" 21
"../../../Engine/Plugins/Media/AndroidMedia/AndroidMedia.uplugin" 22
"../../../Engine/Plugins/Media/AvfMedia/AvfMedia.uplugin" 23
"../../../Engine/Plugins/Media/MediaPlayerEditor/MediaPlayerEditor.uplugin" 24
"../../../Engine/Plugins/Media/WmfMedia/WmfMedia.uplugin" 25
"../../../Engine/Plugins/Messaging/MessagingDebugger/MessagingDebugger.uplugin" 26
"../../../Engine/Plugins/Messaging/ShmMessaging/ShmMessaging.uplugin" 27
"../../../Engine/Plugins/Messaging/UdpMessaging/UdpMessaging.uplugin" 28
"../../../Engine/Plugins/Runtime/Advertising/IOSTapJoy/IOSTapJoy.uplugin" 29
"../../../Engine/Plugins/Runtime/Analytics/AnalyticsBlueprintLibrary/AnalyticsBlueprintLibrary.uplugin" 30
"../../../Engine/Plugins/Runtime/Analytics/Apsalar/IOSApsalar/IOSApsalar.uplugin" 31
"../../../Engine/Plugins/Runtime/Analytics/FileLogging/FileLogging.uplugin" 32
"../../../Engine/Plugins/Runtime/AndroidDeviceProfileSelector/AndroidDeviceProfileSelector.uplugin" 33
"../../../Engine/Plugins/Runtime/AndroidMoviePlayer/AndroidMoviePlayer.uplugin" 34
"../../../Engine/Plugins/Runtime/AppleMoviePlayer/AppleMoviePlayer.uplugin" 35
"../../../Engine/Plugins/Runtime/CableComponent/CableComponent.uplugin" 36
"../../../Engine/Plugins/Runtime/CustomMeshComponent/CustomMeshComponent.uplugin" 37
"../../../Engine/Plugins/Runtime/ExampleDeviceProfileSelector/ExampleDeviceProfileSelector.uplugin" 38
"../../../Engine/Plugins/Runtime/GearVR/GearVR.uplugin" 39
"../../../Engine/Plugins/Runtime/IOSDeviceProfileSelector/IOSDeviceProfileSelector.uplugin" 40
"../../../Engine/Plugins/Runtime/LiveEditorListenServer/LiveEditorListenServer.uplugin" 41
"../../../Engine/Plugins/Runtime/OculusRift/OculusRift.uplugin" 42
"../../../Engine/Plugins/Runtime/SoundMod/SoundMod.uplugin" 43
"../../../Engine/Plugins/Runtime/SoundVisualizations/SoundVisualizations.uplugin" 44
"../../../Engine/Plugins/Runtime/TwitchLiveStreaming/TwitchLiveStreaming.uplugin" 45
"../../../Engine/Plugins/Runtime/WindowsDeviceProfileSelector/WindowsDeviceProfileSelector.uplugin" 46
"../../../Engine/Plugins/Runtime/WindowsMoviePlayer/WindowsMoviePlayer.uplugin" 47
"../../../Engine/Plugins/ScriptGeneratorPlugin/ScriptGeneratorPlugin.uplugin" 48
"../../../Engine/Plugins/ScriptPlugin/ScriptPlugin.uplugin" 49
"../../../Engine/Plugins/Slate/SlateRemote/SlateRemote.uplugin" 50
"..\..\..\Engine\Content\Internationalization\icudt53l\cnvalias.icu" 51
"..\..\..\Engine\Content\Internationalization\icudt53l\en_US_POSIX.res" 52
"..\..\..\Engine\Content\Internationalization\icudt53l\pool.res" 53
"..\..\..\Engine\Content\Internationalization\icudt53l\en_US.res" 54
"..\..\..\Engine\Content\Internationalization\icudt53l\en.res" 55
"..\..\..\Engine\Content\Internationalization\icudt53l\root.res" 56
"..\..\..\Engine\Content\Internationalization\icudt53l\coll\ucadata.icu" 57
"..\..\..\Engine\Content\Internationalization\icudt53l\nfc.nrm" 58
"..\..\..\Engine\Content\Internationalization\icudt53l\coll\en_US_POSIX.res" 59
"..\..\..\Engine\Content\Internationalization\icudt53l\coll\en_US.res" 60
"..\..\..\Engine\Content\Internationalization\icudt53l\coll\en.res" 61
"..\..\..\Engine\Content\Internationalization\icudt53l\coll\root.res" 62
"..\..\..\Engine\Content\Internationalization\icudt53l\numberingSystems.res" 63
"..\..\..\Engine\Content\Internationalization\icudt53l\curr\supplementalData.res" 64
"..\..\..\Engine\Content\Internationalization\icudt53l\curr\pool.res" 65
"..\..\..\Engine\Content\Internationalization\icudt53l\curr\en.res" 66
"..\..\..\Engine\Content\Internationalization\icudt53l\curr\root.res" 67
"..\..\..\Engine\Content\Internationalization\icudt53l\sv_SE.res" 68
"..\..\..\Engine\Content\Internationalization\icudt53l\sv.res" 69
"..\..\..\Engine\Content\Internationalization\icudt53l\plurals.res" 70
"..\..\..\Engine\Content\Internationalization\icudt53l\windowsZones.res" 71
"..\..\..\Engine\Content\Internationalization\icudt53l\zoneinfo64.res" 72
"..\..\..\Engine\Content\Internationalization\icudt53l\keyTypeData.res" 73
"..\..\..\Engine\Content\Internationalization\icudt53l\timezoneTypes.res" 74
"..\..\..\Engine\Content\Internationalization\icudt53l\supplementalData.res" 75
"..\..\..\Engine\Content\Internationalization\icudt53l\likelySubtags.res" 76
"..\..\..\Engine\Content\Internationalization\icudt53l\coll\sv.res" 77
"..\..\..\Engine\Content\Internationalization\icudt53l\curr\sv.res" 78
"../../../Engine/Config/Base.ini" 79
"../../../Engine/Config/BaseEngine.ini" 80
"E:/Kandra/Config/DefaultEngine.ini" 81
"../../../Engine/Config/Windows/WindowsEngine.ini" 82
"E:/Kandra/Saved/Config/Windows/Engine.ini" 83
"E:/Kandra/Intermediate/Config/CoalescedSourceConfigs/Engine.ini" 84
"../../../Engine/Config/BaseGame.ini" 85
"E:/Kandra/Config/DefaultGame.ini" 86
"E:/Kandra/Saved/Config/Windows/Game.ini" 87
"E:/Kandra/Intermediate/Config/CoalescedSourceConfigs/Game.ini" 88
"../../../Engine/Config/BaseInput.ini" 89
"E:/Kandra/Saved/Config/Windows/Input.ini" 90
"E:/Kandra/Intermediate/Config/CoalescedSourceConfigs/Input.ini" 91
"../../../Engine/Config/BaseEditor.ini" 92
"E:/Kandra/Config/DefaultEditor.ini" 93
"E:/Kandra/Saved/Config/Windows/Editor.ini" 94
"E:/Kandra/Intermediate/Config/CoalescedSourceConfigs/Editor.ini" 95
"../../../Engine/Config/BaseEditorLayout.ini" 96
"E:/Kandra/Saved/Config/Windows/EditorLayout.ini" 97
"E:/Kandra/Intermediate/Config/CoalescedSourceConfigs/EditorLayout.ini" 98
"../../../Engine/Config/BaseEditorUserSettings.ini" 99
"E:/Kandra/Saved/Config/Windows/EditorUserSettings.ini" 100
"E:/Kandra/Intermediate/Config/CoalescedSourceConfigs/EditorUserSettings.ini" 101
"../../../Engine/Config/BaseEditorKeyBindings.ini" 102
"E:/Kandra/Saved/Config/Windows/EditorKeyBindings.ini" 103
"E:/Kandra/Intermediate/Config/CoalescedSourceConfigs/EditorKeyBindings.ini" 104
"../../../Engine/Config/BaseCompat.ini" 105
"E:/Kandra/Saved/Config/Windows/Compat.ini" 106
"E:/Kandra/Intermediate/Config/CoalescedSourceConfigs/Compat.ini" 107
"../../../Engine/Config/BaseLightmass.ini" 108
"E:/Kandra/Saved/Config/Windows/Lightmass.ini" 109
"E:/Kandra/Intermediate/Config/CoalescedSourceConfigs/Lightmass.ini" 110
"../../../Engine/Config/BaseScalability.ini" 111
"E:/Kandra/Saved/Config/Windows/Scalability.ini" 112
"E:/Kandra/Intermediate/Config/CoalescedSourceConfigs/Scalability.ini" 113
"E:/Kandra/Saved/Config/Windows/GameUserSettings.ini" 114
"E:/Kandra/Intermediate/Config/CoalescedSourceConfigs/GameUserSettings.ini" 115
"../../../Engine/Config/BaseDeviceProfiles.ini" 116
"E:/Kandra/Saved/Config/Windows/DeviceProfiles.ini" 117
"E:/Kandra/Intermediate/Config/CoalescedSourceConfigs/DeviceProfiles.ini" 118
"../../../Engine/Config/ConsoleVariables.ini" 119
"..\..\..\Engine\Content\Internationalization\icudt53l\es.res" 120
"..\..\..\Engine\Content\Internationalization\icudt53l\coll\es.res" 121
"..\..\..\Engine\Content\Internationalization\icudt53l\curr\es.res" 122
"..\..\..\Engine\Content\Internationalization\icudt53l\es_ES.res" 123
"..\..\..\Engine\Content\Internationalization\icudt53l\ja.res" 124
"..\..\..\Engine\Content\Internationalization\icudt53l\coll\ja.res" 125
"..\..\..\Engine\Content\Internationalization\icudt53l\curr\ja.res" 126
"..\..\..\Engine\Content\Internationalization\icudt53l\ja_JP.res" 127
"..\..\..\Engine\Content\Internationalization\icudt53l\ko.res" 128
"..\..\..\Engine\Content\Internationalization\icudt53l\coll\ko.res" 129
"..\..\..\Engine\Content\Internationalization\icudt53l\curr\ko.res" 130
"..\..\..\Engine\Content\Internationalization\icudt53l\ko_KR.res" 131
"..\..\..\Engine\Content\Internationalization\icudt53l\pt_BR.res" 132
"..\..\..\Engine\Content\Internationalization\icudt53l\pt.res" 133
"..\..\..\Engine\Content\Internationalization\icudt53l\coll\pt.res" 134
"..\..\..\Engine\Content\Internationalization\icudt53l\curr\pt.res" 135
"..\..\..\Engine\Content\Internationalization\icudt53l\zh_CN.res" 136
"..\..\..\Engine\Content\Internationalization\icudt53l\zh_Hans_CN.res" 137
"..\..\..\Engine\Content\Internationalization\icudt53l\zh_Hans.res" 138
"..\..\..\Engine\Content\Internationalization\icudt53l\zh.res" 139
"..\..\..\Engine\Content\Internationalization\icudt53l\coll\zh_CN.res" 140
"..\..\..\Engine\Content\Internationalization\icudt53l\coll\zh_Hans_CN.res" 141
"..\..\..\Engine\Content\Internationalization\icudt53l\coll\zh_Hans.res" 142
"..\..\..\Engine\Content\Internationalization\icudt53l\coll\zh.res" 143
"..\..\..\Engine\Content\Internationalization\icudt53l\curr\zh_CN.res" 144
"..\..\..\Engine\Content\Internationalization\icudt53l\curr\zh_Hans_CN.res" 145
"..\..\..\Engine\Content\Internationalization\icudt53l\curr\zh_Hans.res" 146
"..\..\..\Engine\Content\Internationalization\icudt53l\curr\zh.res" 147
"C:/Program Files/Epic Games/4.7/Engine/Content/Localization/Engine/en/Engine.locres" 148
"C:/Program Files/Epic Games/4.7/Engine/Content/Localization/Editor/en/Editor.locres" 149
"C:/Program Files/Epic Games/4.7/Engine/Content/Localization/EditorTutorials/en/EditorTutorials.locres" 150
"../../../Engine/Content/Slate/Fonts/Roboto-Regular.ttf" 151
"../../../Engine/Content/Slate/Fonts/DroidSansMono.ttf" 152
"../../../Engine/Content/Slate/Fonts/Roboto-Bold.ttf" 153
"../../../Engine/Content/Slate/Fonts/Roboto-Light.ttf" 154
"C:/Program Files/Epic Games/4.7/Engine/Binaries/Win64/../../../Engine/Shaders/ParticleSpriteVertexFactory.usf" 155
"C:/Program Files/Epic Games/4.7/Engine/Binaries/Win64/../../../Engine/Shaders/VertexFactoryCommon.usf" 156
"C:/Program Files/Epic Games/4.7/Engine/Binaries/Win64/../../../Engine/Shaders/Common.usf" 157
"C:/Program Files/Epic Games/4.7/Engine/Binaries/Win64/../../../Engine/Shaders/MetalCommon.usf" 158
"C:/Program Files/Epic Games/4.7/Engine/Binaries/Win64/../../../Engine/Shaders/ShaderVersion.usf" 159
"C:/Program Files/Epic Games/4.7/Engine/Binaries/Win64/../../../Engine/Shaders/Definitions.usf" 160
"C:/Program Files/Epic Games/4.7/Engine/Binaries/Win64/../../../Engine/Shaders/Random.usf" 161
"C:/Program Files/Epic Games/4.7/Engine/Binaries/Win64/../../../Engine/Shaders/ParticleVertexFactoryCommon.usf" 162
"C:/Program Files/Epic Games/4.7/Engine/Binaries/Win64/../../../Engine/Shaders/ParticleGPUSpriteVertexFactory.usf" 163
"C:/Program Files/Epic Games/4.7/Engine/Binaries/Win64/../../../Engine/Shaders/ParticleBeamTrailVertexFactory.usf" 164
"C:/Program Files/Epic Games/4.7/Engine/Binaries/Win64/../../../Engine/Shaders/VectorFieldVisualizationVertexFactory.usf" 165
"C:/Program Files/Epic Games/4.7/Engine/Binaries/Win64/../../../Engine/Shaders/LocalVertexFactory.usf" 166
"C:/Program Files/Epic Games/4.7/Engine/Binaries/Win64/../../../Engine/Shaders/LocalVertexFactoryCommon.usf" 167
"C:/Program Files/Epic Games/4.7/Engine/Binaries/Win64/../../../Engine/Shaders/MeshParticleVertexFactory.usf" 168
"C:/Program Files/Epic Games/4.7/Engine/Binaries/Win64/../../../Engine/Shaders/GpuSkinVertexFactory.usf" 169
"C:/Program Files/Epic Games/4.7/Engine/Binaries/Win64/../../../Engine/Shaders/GpuSkinCacheCommon.usf" 170
"C:/Program Files/Epic Games/4.7/Engine/Binaries/Win64/../../../Engine/Shaders/LandscapeVertexFactory.usf" 171
"C:/Program Files/Epic Games/4.7/Engine/Binaries/Win64/../../../Engine/Shaders/SlateElementPixelShader.usf" 172
"C:/Program Files/Epic Games/4.7/Engine/Binaries/Win64/../../../Engine/Shaders/MaterialTemplate.usf" 173
"C:/Program Files/Epic Games/4.7/Engine/Binaries/Win64/../../../Engine/Shaders/DepthOfFieldCommon.usf" 174
"C:/Program Files/Epic Games/4.7/Engine/Binaries/Win64/../../../Engine/Shaders/SpeedTreeCommon.usf" 175
"C:/Program Files/Epic Games/4.7/Engine/Binaries/Win64/../../../Engine/Shaders/AtmosphereCommon.usf" 176
"C:/Program Files/Epic Games/4.7/Engine/Binaries/Win64/../../../Engine/Shaders/PostProcessCommon.usf" 177
"C:/Program Files/Epic Games/4.7/Engine/Binaries/Win64/../../../Engine/Shaders/DeferredShadingCommon.usf" 178
"C:/Program Files/Epic Games/4.7/Engine/Binaries/Win64/../../../Engine/Shaders/LightAccumulator.usf" 179
"C:/Program Files/Epic Games/4.7/Engine/Binaries/Win64/../../../Engine/Shaders/SlateVertexShader.usf" 180
"C:/Program Files/Epic Games/4.7/Engine/Binaries/Win64/../../../Engine/Shaders/OneColorShader.usf" 181
"C:/Program Files/Epic Games/4.7/Engine/Binaries/Win64/../../../Engine/Shaders/ResolveVertexShader.usf" 182
"C:/Program Files/Epic Games/4.7/Engine/Binaries/Win64/../../../Engine/Shaders/ResolvePixelShader.usf" 183
"C:/Program Files/Epic Games/4.7/Engine/Binaries/Win64/../../../Engine/Shaders/VisualizeTexture.usf" 184
"C:/Program Files/Epic Games/4.7/Engine/Binaries/Win64/../../../Engine/Shaders/ScreenSpaceReflections.usf" 185
"C:/Program Files/Epic Games/4.7/Engine/Binaries/Win64/../../../Engine/Shaders/BRDF.usf" 186
"C:/Program Files/Epic Games/4.7/Engine/Binaries/Win64/../../../Engine/Shaders/MonteCarlo.usf" 187
"C:/Program Files/Epic Games/4.7/Engine/Binaries/Win64/../../../Engine/Shaders/FilterVertexShader.usf" 188
"C:/Program Files/Epic Games/4.7/Engine/Binaries/Win64/../../../Engine/Shaders/FilterPixelShader.usf" 189
"C:/Program Files/Epic Games/4.7/Engine/Binaries/Win64/../../../Engine/Shaders/PostProcessVisualizeHDR.usf" 190
"C:/Program Files/Epic Games/4.7/Engine/Binaries/Win64/../../../Engine/Shaders/PostProcessHistogramCommon.usf" 191
"C:/Program Files/Epic Games/4.7/Engine/Binaries/Win64/../../../Engine/Shaders/TonemapCommon.usf" 192
"C:/Program Files/Epic Games/4.7/Engine/Binaries/Win64/../../../Engine/Shaders/MiniFontCommon.usf" 193
"C:/Program Files/Epic Games/4.7/Engine/Binaries/Win64/../../../Engine/Shaders/PostProcessVisualizeBuffer.usf" 194
"C:/Program Files/Epic Games/4.7/Engine/Binaries/Win64/../../../Engine/Shaders/PostProcessUpscale.usf" 195
"C:/Program Files/Epic Games/4.7/Engine/Binaries/Win64/../../../Engine/Shaders/PostProcessTonemap.usf" 196
"C:/Program Files/Epic Games/4.7/Engine/Binaries/Win64/../../../Engine/Shaders/PostProcessTestImage.usf" 197
"C:/Program Files/Epic Games/4.7/Engine/Binaries/Win64/../../../Engine/Shaders/PostProcessTemporalAA.usf" 198
"C:/Program Files/Epic Games/4.7/Engine/Binaries/Win64/../../../Engine/Shaders/PostProcessTemporalCommon.usf" 199
"C:/Program Files/Epic Games/4.7/Engine/Binaries/Win64/../../../Engine/Shaders/PostProcessSubsurface.usf" 200
"C:/Program Files/Epic Games/4.7/Engine/Binaries/Win64/../../../Engine/Shaders/SeparableSSS.usf" 201
"C:/Program Files/Epic Games/4.7/Engine/Binaries/Win64/../../../Engine/Shaders/PostProcessSelectionOutline.usf" 202
"C:/Program Files/Epic Games/4.7/Engine/Binaries/Win64/../../../Engine/Shaders/PostProcessSceneColorFringe.usf" 203
"C:/Program Files/Epic Games/4.7/Engine/Binaries/Win64/../../../Engine/Shaders/PostProcessNoiseBlur.usf" 204
"C:/Program Files/Epic Games/4.7/Engine/Binaries/Win64/../../../Engine/Shaders/PostProcessMotionBlur.usf" 205
"C:/Program Files/Epic Games/4.7/Engine/Binaries/Win64/../../../Engine/Shaders/MorpheusInclude.usf" 206
"C:/Program Files/Epic Games/4.7/Engine/Binaries/Win64/../../../Engine/Shaders/PostProcessMobile.usf" 207
"C:/Program Files/Epic Games/4.7/Engine/Binaries/Win64/../../../Engine/Shaders/PostProcessMaterialShaders.usf" 208
"C:/Program Files/Epic Games/4.7/Engine/Binaries/Win64/../../../Engine/Shaders/PostProcessLensFlares.usf" 209
"C:/Program Files/Epic Games/4.7/Engine/Binaries/Win64/../../../Engine/Shaders/PostProcessLensBlur.usf" 210
"C:/Program Files/Epic Games/4.7/Engine/Binaries/Win64/../../../Engine/Shaders/PostProcessBloom.usf" 211
"C:/Program Files/Epic Games/4.7/Engine/Binaries/Win64/../../../Engine/Shaders/PostProcessHMD.usf" 212
"C:/Program Files/Epic Games/4.7/Engine/Binaries/Win64/../../../Engine/Shaders/PostProcessHistogramReduce.usf" 213
"C:/Program Files/Epic Games/4.7/Engine/Binaries/Win64/../../../Engine/Shaders/PostProcessHistogram.usf" 214
"C:/Program Files/Epic Games/4.7/Engine/Binaries/Win64/../../../Engine/Shaders/PostProcessGBufferHints.usf" 215
"C:/Program Files/Epic Games/4.7/Engine/Binaries/Win64/../../../Engine/Shaders/PostProcessEyeAdaptation.usf" 216
"C:/Program Files/Epic Games/4.7/Engine/Binaries/Win64/../../../Engine/Shaders/PostProcessDownsample.usf" 217
"C:/Program Files/Epic Games/4.7/Engine/Binaries/Win64/../../../Engine/Shaders/PostProcessDOF.usf" 218
"C:/Program Files/Epic Games/4.7/Engine/Binaries/Win64/../../../Engine/Shaders/PostProcessCompositeEditorPrimitives.usf" 219
"C:/Program Files/Epic Games/4.7/Engine/Binaries/Win64/../../../Engine/Shaders/PostProcessCombineLUTs.usf" 220
"C:/Program Files/Epic Games/4.7/Engine/Binaries/Win64/../../../Engine/Shaders/PostProcessBusyWait.usf" 221
"C:/Program Files/Epic Games/4.7/Engine/Binaries/Win64/../../../Engine/Shaders/PostProcessBokehDOF.usf" 222
"C:/Program Files/Epic Games/4.7/Engine/Binaries/Win64/../../../Engine/Shaders/FXAAShader.usf" 223
"C:/Program Files/Epic Games/4.7/Engine/Binaries/Win64/../../../Engine/Shaders/Fxaa3_11.usf" 224
"C:/Program Files/Epic Games/4.7/Engine/Binaries/Win64/../../../Engine/Shaders/PostProcessPassThrough.usf" 225
"C:/Program Files/Epic Games/4.7/Engine/Binaries/Win64/../../../Engine/Shaders/PostProcessLpvIndirect.usf" 226
"C:/Program Files/Epic Games/4.7/Engine/Binaries/Win64/../../../Engine/Shaders/DeferredLightingCommon.usf" 227
"C:/Program Files/Epic Games/4.7/Engine/Binaries/Win64/../../../Engine/Shaders/DynamicLightingCommon.usf" 228
"C:/Program Files/Epic Games/4.7/Engine/Binaries/Win64/../../../Engine/Shaders/IESLightProfilesCommon.usf" 229
"C:/Program Files/Epic Games/4.7/Engine/Binaries/Win64/../../../Engine/Shaders/LPVFinalPass.usf" 230
"C:/Program Files/Epic Games/4.7/Engine/Binaries/Win64/../../../Engine/Shaders/LPVCommon.usf" 231
"C:/Program Files/Epic Games/4.7/Engine/Binaries/Win64/../../../Engine/Shaders/DeferredDecal.usf" 232
"C:/Program Files/Epic Games/4.7/Engine/Binaries/Win64/../../../Engine/Shaders/PostProcessAmbientOcclusion.usf" 233
"C:/Program Files/Epic Games/4.7/Engine/Binaries/Win64/../../../Engine/Shaders/PostProcessAmbient.usf" 234
"C:/Program Files/Epic Games/4.7/Engine/Binaries/Win64/../../../Engine/Shaders/CubemapCommon.usf" 235
"C:/Program Files/Epic Games/4.7/Engine/Binaries/Win64/../../../Engine/Shaders/VelocityShader.usf" 236
"C:/Program Files/Epic Games/4.7/Engine/Binaries/Win64/../../../Engine/Shaders/Tessellation.usf" 237
"C:/Program Files/Epic Games/4.7/Engine/Binaries/Win64/../../../Engine/Shaders/FlatTessellation.usf" 238
"C:/Program Files/Epic Games/4.7/Engine/Binaries/Win64/../../../Engine/Shaders/PNTriangles.usf" 239
"C:/Program Files/Epic Games/4.7/Engine/Binaries/Win64/../../../Engine/Shaders/TranslucentLightingShaders.usf" 240
"C:/Program Files/Epic Games/4.7/Engine/Binaries/Win64/../../../Engine/Shaders/SHCommon.usf" 241
"C:/Program Files/Epic Games/4.7/Engine/Binaries/Win64/../../../Engine/Shaders/ShadowProjectionCommon.usf" 242
"C:/Program Files/Epic Games/4.7/Engine/Binaries/Win64/../../../Engine/Shaders/TranslucentLightInjectionShaders.usf" 243
"C:/Program Files/Epic Games/4.7/Engine/Binaries/Win64/../../../Engine/Shaders/LightFunctionCommon.usf" 244
"C:/Program Files/Epic Games/4.7/Engine/Binaries/Win64/../../../Engine/Shaders/TranslucentShadowDepthShaders.usf" 245
"C:/Program Files/Epic Games/4.7/Engine/Binaries/Win64/../../../Engine/Shaders/ShadowDepthCommon.usf" 246
"C:/Program Files/Epic Games/4.7/Engine/Binaries/Win64/../../../Engine/Shaders/TiledDeferredLightShaders.usf" 247
"C:/Program Files/Epic Games/4.7/Engine/Binaries/Win64/../../../Engine/Shaders/ShadowProjectionPixelShader.usf" 248
"C:/Program Files/Epic Games/4.7/Engine/Binaries/Win64/../../../Engine/Shaders/ShadowFilteringCommon.usf" 249
"C:/Program Files/Epic Games/4.7/Engine/Binaries/Win64/../../../Engine/Shaders/ShadowProjectionVertexShader.usf" 250
"C:/Program Files/Epic Games/4.7/Engine/Binaries/Win64/../../../Engine/Shaders/ShadowDepthPixelShader.usf" 251
"C:/Program Files/Epic Games/4.7/Engine/Binaries/Win64/../../../Engine/Shaders/LPVWriteVplCommon.usf" 252
"C:/Program Files/Epic Games/4.7/Engine/Binaries/Win64/../../../Engine/Shaders/LPVWriteCommon.usf" 253
"C:/Program Files/Epic Games/4.7/Engine/Binaries/Win64/../../../Engine/Shaders/ShadowDepthVertexShader.usf" 254
"C:/Program Files/Epic Games/4.7/Engine/Binaries/Win64/../../../Engine/Shaders/ShaderComplexityApplyPixelShader.usf" 255
"C:/Program Files/Epic Games/4.7/Engine/Binaries/Win64/../../../Engine/Shaders/ShaderComplexityApplyVertexShader.usf" 256
"C:/Program Files/Epic Games/4.7/Engine/Binaries/Win64/../../../Engine/Shaders/ShaderComplexityAccumulatePixelShader.usf" 257
"C:/Program Files/Epic Games/4.7/Engine/Binaries/Win64/../../../Engine/Shaders/HZBOcclusion.usf" 258
"C:/Program Files/Epic Games/4.7/Engine/Binaries/Win64/../../../Engine/Shaders/OcclusionQueryVertexShader.usf" 259
"C:/Program Files/Epic Games/4.7/Engine/Binaries/Win64/../../../Engine/Shaders/HitProxyPixelShader.usf" 260
"C:/Program Files/Epic Games/4.7/Engine/Binaries/Win64/../../../Engine/Shaders/HitProxyVertexShader.usf" 261
"C:/Program Files/Epic Games/4.7/Engine/Binaries/Win64/../../../Engine/Shaders/ReflectionEnvironmentShaders.usf" 262
"C:/Program Files/Epic Games/4.7/Engine/Binaries/Win64/../../../Engine/Shaders/ReflectionEnvironmentShared.usf" 263
"C:/Program Files/Epic Games/4.7/Engine/Binaries/Win64/../../../Engine/Shaders/SkyLightingShared.usf" 264
"C:/Program Files/Epic Games/4.7/Engine/Binaries/Win64/../../../Engine/Shaders/ReflectionEnvironmentComputeShaders.usf" 265
"C:/Program Files/Epic Games/4.7/Engine/Binaries/Win64/../../../Engine/Shaders/LightShaftShader.usf" 266
"C:/Program Files/Epic Games/4.7/Engine/Binaries/Win64/../../../Engine/Shaders/StationaryLightOverlapShaders.usf" 267
"C:/Program Files/Epic Games/4.7/Engine/Binaries/Win64/../../../Engine/Shaders/DeferredLightPixelShaders.usf" 268
"C:/Program Files/Epic Games/4.7/Engine/Binaries/Win64/../../../Engine/Shaders/DeferredLightVertexShaders.usf" 269
"C:/Program Files/Epic Games/4.7/Engine/Binaries/Win64/../../../Engine/Shaders/LPVVisualise.usf" 270
"C:/Program Files/Epic Games/4.7/Engine/Binaries/Win64/../../../Engine/Shaders/LPVGeometryVolumeCommon.usf" 271
"C:/Program Files/Epic Games/4.7/Engine/Binaries/Win64/../../../Engine/Shaders/LPVDirectLightInject.usf" 272
"C:/Program Files/Epic Games/4.7/Engine/Binaries/Win64/../../../Engine/Shaders/LPVPropagate.usf" 273
"C:/Program Files/Epic Games/4.7/Engine/Binaries/Win64/../../../Engine/Shaders/LPVBuildGeometryVolume.usf" 274
"C:/Program Files/Epic Games/4.7/Engine/Binaries/Win64/../../../Engine/Shaders/LPVInject_AccumulateVplLists.usf" 275
"C:/Program Files/Epic Games/4.7/Engine/Binaries/Win64/../../../Engine/Shaders/LPVInject_GenerateVplLists.usf" 276
"C:/Program Files/Epic Games/4.7/Engine/Binaries/Win64/../../../Engine/Shaders/LPVClearLists.usf" 277
"C:/Program Files/Epic Games/4.7/Engine/Binaries/Win64/../../../Engine/Shaders/LPVClear.usf" 278
"C:/Program Files/Epic Games/4.7/Engine/Binaries/Win64/../../../Engine/Shaders/LightMapDensityShader.usf" 279
"C:/Program Files/Epic Games/4.7/Engine/Binaries/Win64/../../../Engine/Shaders/LightFunctionPixelShader.usf" 280
"C:/Program Files/Epic Games/4.7/Engine/Binaries/Win64/../../../Engine/Shaders/LightFunctionVertexShader.usf" 281
"C:/Program Files/Epic Games/4.7/Engine/Binaries/Win64/../../../Engine/Shaders/HdrCustomResolveShaders.usf" 282
"C:/Program Files/Epic Games/4.7/Engine/Binaries/Win64/../../../Engine/Shaders/GPUBenchmark.usf" 283
"C:/Program Files/Epic Games/4.7/Engine/Binaries/Win64/../../../Engine/Shaders/GammaCorrection.usf" 284
"C:/Program Files/Epic Games/4.7/Engine/Binaries/Win64/../../../Engine/Shaders/BasePassForForwardShadingPixelShader.usf" 285
"C:/Program Files/Epic Games/4.7/Engine/Binaries/Win64/../../../Engine/Shaders/BasePassForForwardShadingCommon.usf" 286
"C:/Program Files/Epic Games/4.7/Engine/Binaries/Win64/../../../Engine/Shaders/LightmapCommon.usf" 287
"C:/Program Files/Epic Games/4.7/Engine/Binaries/Win64/../../../Engine/Shaders/BasePassForForwardShadingVertexShader.usf" 288
"C:/Program Files/Epic Games/4.7/Engine/Binaries/Win64/../../../Engine/Shaders/HeightFogCommon.usf" 289
"C:/Program Files/Epic Games/4.7/Engine/Binaries/Win64/../../../Engine/Shaders/HeightFogPixelShader.usf" 290
"C:/Program Files/Epic Games/4.7/Engine/Binaries/Win64/../../../Engine/Shaders/HeightFogVertexShader.usf" 291
"C:/Program Files/Epic Games/4.7/Engine/Binaries/Win64/../../../Engine/Shaders/DistortAccumulatePS.usf" 292
"C:/Program Files/Epic Games/4.7/Engine/Binaries/Win64/../../../Engine/Shaders/DistortAccumulateVS.usf" 293
"C:/Program Files/Epic Games/4.7/Engine/Binaries/Win64/../../../Engine/Shaders/DistortApplyScreenPS.usf" 294
"C:/Program Files/Epic Games/4.7/Engine/Binaries/Win64/../../../Engine/Shaders/DistanceFieldSurfaceCacheLighting.usf" 295
"C:/Program Files/Epic Games/4.7/Engine/Binaries/Win64/../../../Engine/Shaders/DistanceFieldLightingShared.usf" 296
"C:/Program Files/Epic Games/4.7/Engine/Binaries/Win64/../../../Engine/Shaders/DistanceFieldAOShared.usf" 297
"C:/Program Files/Epic Games/4.7/Engine/Binaries/Win64/../../../Engine/Shaders/SkyLighting.usf" 298
"C:/Program Files/Epic Games/4.7/Engine/Binaries/Win64/../../../Engine/Shaders/DistanceFieldSurfaceCacheLightingCompute.usf" 299
"C:/Program Files/Epic Games/4.7/Engine/Binaries/Win64/../../../Engine/Shaders/DistanceFieldShadowing.usf" 300
"C:/Program Files/Epic Games/4.7/Engine/Binaries/Win64/../../../Engine/Shaders/DepthOnlyPixelShader.usf" 301
"C:/Program Files/Epic Games/4.7/Engine/Binaries/Win64/../../../Engine/Shaders/DepthOnlyVertexShader.usf" 302
"C:/Program Files/Epic Games/4.7/Engine/Binaries/Win64/../../../Engine/Shaders/PositionOnlyDepthVertexShader.usf" 303
"C:/Program Files/Epic Games/4.7/Engine/Binaries/Win64/../../../Engine/Shaders/DownsampleDepthPixelShader.usf" 304
"C:/Program Files/Epic Games/4.7/Engine/Binaries/Win64/../../../Engine/Shaders/BasePassPixelShader.usf" 305
"C:/Program Files/Epic Games/4.7/Engine/Binaries/Win64/../../../Engine/Shaders/BasePassCommon.usf" 306
"C:/Program Files/Epic Games/4.7/Engine/Binaries/Win64/../../../Engine/Shaders/BasePassVertexShader.usf" 307
"C:/Program Files/Epic Games/4.7/Engine/Binaries/Win64/../../../Engine/Shaders/BasePassVertexCommon.usf" 308
"C:/Program Files/Epic Games/4.7/Engine/Binaries/Win64/../../../Engine/Shaders/BasePassTessellationShaders.usf" 309
"C:/Program Files/Epic Games/4.7/Engine/Binaries/Win64/../../../Engine/Shaders/AtmospherePrecompute.usf" 310
"C:/Program Files/Epic Games/4.7/Engine/Binaries/Win64/../../../Engine/Shaders/AtmospherePrecomputeCommon.usf" 311
"C:/Program Files/Epic Games/4.7/Engine/Binaries/Win64/../../../Engine/Shaders/AtmospherePrecomputeInscatter.usf" 312
"C:/Program Files/Epic Games/4.7/Engine/Binaries/Win64/../../../Engine/Shaders/AtmosphericFogShader.usf" 313
"C:/Program Files/Epic Games/4.7/Engine/Binaries/Win64/../../../Engine/Shaders/ParticleSortKeyGen.usf" 314
"C:/Program Files/Epic Games/4.7/Engine/Binaries/Win64/../../../Engine/Shaders/ParticleBoundsShader.usf" 315
"C:/Program Files/Epic Games/4.7/Engine/Binaries/Win64/../../../Engine/Shaders/ParticleSimVisualizeShader.usf" 316
"C:/Program Files/Epic Games/4.7/Engine/Binaries/Win64/../../../Engine/Shaders/ParticleInjectionShader.usf" 317
"C:/Program Files/Epic Games/4.7/Engine/Binaries/Win64/../../../Engine/Shaders/ParticleSimulationShader.usf" 318
"C:/Program Files/Epic Games/4.7/Engine/Binaries/Win64/../../../Engine/Shaders/ParticleCurveInjectionShader.usf" 319
"C:/Program Files/Epic Games/4.7/Engine/Binaries/Win64/../../../Engine/Shaders/VectorFieldCompositeShaders.usf" 320
"C:/Program Files/Epic Games/4.7/Engine/Binaries/Win64/../../../Engine/Shaders/UpdateTextureShaders.usf" 321
"C:/Program Files/Epic Games/4.7/Engine/Binaries/Win64/../../../Engine/Shaders/SimpleElementColorChannelMaskPixelShader.usf" 322
"C:/Program Files/Epic Games/4.7/Engine/Binaries/Win64/../../../Engine/Shaders/SimpleElementHitProxyPixelShader.usf" 323
"C:/Program Files/Epic Games/4.7/Engine/Binaries/Win64/../../../Engine/Shaders/SimpleElementPixelShader.usf" 324
"C:/Program Files/Epic Games/4.7/Engine/Binaries/Win64/../../../Engine/Shaders/ColorUtils.usf" 325
"C:/Program Files/Epic Games/4.7/Engine/Binaries/Win64/../../../Engine/Shaders/SimpleElementVertexShader.usf" 326
"C:/Program Files/Epic Games/4.7/Engine/Binaries/Win64/../../../Engine/Shaders/ScreenVertexShader.usf" 327
"C:/Program Files/Epic Games/4.7/Engine/Binaries/Win64/../../../Engine/Shaders/ScreenPixelShader.usf" 328
"C:/Program Files/Epic Games/4.7/Engine/Binaries/Win64/../../../Engine/Shaders/RadixSortShaders.usf" 329
"C:/Program Files/Epic Games/4.7/Engine/Binaries/Win64/../../../Engine/Shaders/GpuSkinCacheComputeShader.usf" 330
"C:/Program Files/Epic Games/4.7/Engine/Binaries/Win64/../../../Engine/Shaders/NullPixelShader.usf" 331
"C:/Program Files/Epic Games/4.7/Engine/Binaries/Win64/../../../Engine/Shaders/ClearReplacementShaders.usf" 332
"C:/Program Files/Epic Games/4.7/Engine/Binaries/Win64/../../../Engine/Shaders/SimpleElementTexture2DPreviewPixelShader.usf" 333
"C:/Program Files/Epic Games/4.7/Engine/Binaries/Win64/../../../Engine/Shaders/SimpleElementNormalMapPixelShader.usf" 334
"C:/Program Files/Epic Games/4.7/Engine/Binaries/Win64/../../../Engine/Shaders/meshpaintdilatepixelshader.usf" 335
"C:/Program Files/Epic Games/4.7/Engine/Binaries/Win64/../../../Engine/Shaders/meshpaintdilatevertexshader.usf" 336
"C:/Program Files/Epic Games/4.7/Engine/Binaries/Win64/../../../Engine/Shaders/MeshPaintPixelShader.usf" 337
"C:/Program Files/Epic Games/4.7/Engine/Binaries/Win64/../../../Engine/Shaders/MeshPaintVertexShader.usf" 338
"../../../Engine/Config/Android/AndroidEngine.ini" 339
"../../../Engine/Config/HTML5/HTML5Engine.ini" 340
"../../../Engine/Config/IOS/IOSEngine.ini" 341
"../../../Engine/Config/Linux/LinuxEngine.ini" 342
"C:/Users/Spellabbet/AppData/Local/UnrealEngine/4.7/DerivedDataCache/Boot.ddc" 343
"../../../Engine/DerivedDataCache/Compressed.ddp" 344
"../../../Engine/Content/EngineFonts/Roboto.uasset" 345
"../../../Engine/Content/EngineMaterials/Widget3DPassThrough_Translucent.uasset" 346
"../../../Engine/Content/EngineMaterials/Widget3DPassThrough.uasset" 347
"../../../Engine/Content/EngineResources/WhiteSquareTexture.uasset" 348
"../../../Engine/Content/Functions/Engine_MaterialFunctions01/Shading/PowerToRoughness.uasset" 349
"../../../Engine/Content/Functions/Engine_MaterialFunctions01/Shading/ConvertFromDiffSpec.uasset" 350
"../../../Engine/Content/EngineMaterials/WorldGridMaterial.uasset" 351
"../../../Engine/Content/Functions/Engine_MaterialFunctions01/Opacity/CameraDepthFade.uasset" 352
"../../../Engine/Content/EngineMaterials/T_Default_Material_Grid_M.uasset" 353
"../../../Engine/Content/EngineMaterials/T_Default_Material_Grid_N.uasset" 354
"../../../Engine/Content/EngineMaterials/DefaultDeferredDecalMaterial.uasset" 355
"../../../Engine/Content/EngineMaterials/DefaultDiffuse.uasset" 356
"../../../Engine/Content/EngineMaterials/DefaultLightFunctionMaterial.uasset" 357
"../../../Engine/Content/EngineMaterials/DefaultPostProcessMaterial.uasset" 358
"../../../Engine/Content/Functions/Engine_MaterialFunctions02/Utility/BreakOutFloat2Components.uasset" 359
"../../../Engine/Content/EngineResources/DefaultTexture.uasset" 360
"../../../Engine/Content/EngineMaterials/Widget3DPassThrough_Translucent_OneSided.uasset" 361
"../../../Engine/Content/EngineMaterials/Widget3DPassThrough_Opaque.uasset" 362
"../../../Engine/Content/EngineMaterials/Widget3DPassThrough_Opaque_OneSided.uasset" 363
"../../../Engine/Content/EditorResources/S_Actor.uasset" 364
"../../../Engine/Content/EditorLandscapeResources/DataLayer.uasset" 365
"../../../Engine/Content/Maps/Templates/Thumbnails/Default.uasset" 366
"../../../Engine/Content/EditorMaterials/ParticleSystems/PSysThumbnail_NoImage.uasset" 367
"../../../Engine/Content/EditorMaterials/ParticleSystems/PSysThumbnail_OOD.uasset" 368
"../../../Engine/Content/EngineDamageTypes/DmgTypeBP_Environmental.uasset" 369
"../../../Engine/Content/EngineMeshes/Sphere.uasset" 370
"../../../Engine/Content/EngineFonts/RobotoDistanceField.uasset" 371
"../../../Engine/Content/EngineMaterials/DefaultTextMaterialOpaque.uasset" 372
"../../../Engine/Content/EditorResources/S_Trigger.uasset" 373
"../../../Engine/Content/EngineResources/GradientTexture0.uasset" 374
"../../../Engine/Content/EngineResources/Black.uasset" 375
"../../../Engine/Content/EditorMaterials/MatineeGroups/MAT_Groups_Float.uasset" 376
"../../../Engine/Content/EditorMaterials/MatineeGroups/MAT_Groups_Director.uasset" 377
"../../../Engine/Content/EditorMaterials/MatineeGroups/MAT_Groups_Event.uasset" 378
"../../../Engine/Content/EditorMaterials/MatineeGroups/MAT_Groups_Anim.uasset" 379
"../../../Engine/Content/EditorMaterials/MatineeGroups/MAT_Groups_Fade.uasset" 380
"../../../Engine/Content/EditorMaterials/MatineeGroups/MAT_Groups_Move.uasset" 381
"../../../Engine/Content/EditorMaterials/MatineeGroups/MAT_Groups_Slomo.uasset" 382
"../../../Engine/Content/EditorMaterials/MatineeGroups/MAT_ColorTrack.uasset" 383
"../../../Engine/Content/EditorMaterials/MAT_Groups_Toggle.uasset" 384
"../../../Engine/Content/EditorMaterials/MatineeGroups/MAT_Groups_AudioMaster.uasset" 385
"../../../Engine/Content/EditorMaterials/MatineeGroups/MAT_Groups_Sound.uasset" 386
"../../../Engine/Content/EditorMaterials/MatineeGroups/MAT_Groups_Vector.uasset" 387
"../../../Engine/Content/EditorMaterials/MAT_Groups_Visibility.uasset" 388
"../../../Engine/Content/EngineResources/DefaultTextureCube.uasset" 389
"../../../Engine/Content/EngineSounds/Master.uasset" 390
"../../../Engine/Content/EngineSounds/Music.uasset" 391
"../../../Engine/Content/EngineSounds/SFX.uasset" 392
"../../../Engine/Content/EngineSounds/Normal_Attack.uasset" 393
"../../../Engine/Content/EngineSounds/Special_Attack_PSM.uasset" 394
"../../../Engine/Content/EngineSounds/Duck_Normal_Attack_MixMod.uasset" 395
"../../../Engine/Content/EngineSounds/Voice.uasset" 396
"../../../Engine/Content/EngineMeshes/Cylinder.uasset" 397
"../../../Engine/Content/EngineMaterials/DefaultMaterial.uasset" 398
"../../../Engine/Content/EngineTireTypes/DefaultTireType.uasset" 399
"../../../Engine/Content/Editor/Slate/Fonts/FontAwesome.ttf" 400
"../../../Engine/Content/Editor/Slate/Fonts/DroidSansMono.ttf" 401
"../../../Engine/Content/Editor/Slate/Fonts/Roboto-BoldCondensed.ttf" 402
"../../../Engine/Content/Editor/Slate/Fonts/Roboto-Black.ttf" 403
"../../../Engine/Content/Editor/Slate/Fonts/Roboto-Italic.ttf" 404
"../../../Engine/Content/Editor/Slate/Fonts/Roboto-BoldCondensedItalic.ttf" 405
"../../../Engine/Plugins/2D/Paper2D/Content/MaskedUnlitSpriteMaterial.uasset" 406
"../../../Engine/Plugins/2D/Paper2D/Content/DefaultSpriteMaterial.uasset" 407
"../../../Engine/Plugins/2D/Paper2D/Content/DummySpriteTexture.uasset" 408
"../../../Engine/Plugins/2D/Paper2D/Content/OpaqueUnlitSpriteMaterial.uasset" 409
"../../../Engine/Plugins/2D/Paper2D/Content/DefaultPaperTerrainMaterial.uasset" 410
"../../../Engine/Plugins/2D/Paper2D/Content/DummySprite.uasset" 411
"C:/Users/Spellabbet/AppData/Local/UnrealEngine/4.7/Saved/Config/Windows/SourceControlSettings.ini" 412
"E:/Kandra/Intermediate/Config/CoalescedSourceConfigs/SourceControlSettings.ini" 413
"E:/Kandra/Saved/Config/Windows/SourceControlSettings.ini" 414
"../../../Engine/Content/EngineMaterials/RemoveSurfaceMaterial.uasset" 415
"../../../Engine/Content/EngineDebugMaterials/DebugMeshMaterial.uasset" 416
"../../../Engine/Content/EngineMaterials/M_InvalidLightmapSettings.uasset" 417
"../../../Engine/Content/EngineMaterials/InvalidLightmapSettings.uasset" 418
"../../../Engine/Content/EditorMaterials/GizmoMaterial.uasset" 419
"../../../Engine/Content/EngineMaterials/Good64x64TilingNoiseHighFreq.uasset" 420
"../../../Engine/Content/EngineMaterials/DefaultBokeh.uasset" 421
"../../../Engine/Content/EngineMaterials/PreintegratedSkinBRDF.uasset" 422
"../../../Engine/Content/EngineMaterials/MiniFont.uasset" 423
"../../../Engine/Content/EngineMaterials/WeightMapPlaceholderTexture.uasset" 424
"../../../Engine/Content/EngineMaterials/DefaultWhiteGrid.uasset" 425
"../../../Engine/Content/EngineMaterials/DefaultPhysicalMaterial.uasset" 426
"../../../Engine/Content/EngineFonts/RobotoTiny.uasset" 427
"E:/Kandra/Intermediate/CachedAssetRegistry.bin" 428
"C:/Users/Spellabbet/AppData/Local/UnrealEngine/Common/DerivedDataCache/3/8/7/35C7D27E437A3CE93D0EE8B0DCBAF4BF.udd" 429
"C:/Users/Spellabbet/AppData/Local/UnrealEngine/Common/DerivedDataCache/6/0/9/67BCFD1443D8532E28F6CE89895EA918.udd" 430
"C:/Users/Spellabbet/AppData/Local/UnrealEngine/Common/DerivedDataCache/8/2/1/AF991A43496CAB6D186FBCA503A546FA.udd" 431
"C:/Users/Spellabbet/AppData/Local/UnrealEngine/Common/DerivedDataCache/8/9/6/F51815C0484DB091CA7E3AA3453E6B8A.udd" 432
"C:/Users/Spellabbet/AppData/Local/UnrealEngine/Common/DerivedDataCache/7/2/5/7D9D800B417C3DDC086749AC80F7D571.udd" 433
"C:/Users/Spellabbet/AppData/Local/UnrealEngine/Common/DerivedDataCache/8/9/2/3182F6AE464F13E8E2149BA8BFFC4C95.udd" 434
"C:/Users/Spellabbet/AppData/Local/UnrealEngine/Common/DerivedDataCache/7/0/0/692E53BF4ED77F3951A9029B879F04FB.udd" 435
"C:/Users/Spellabbet/AppData/Local/UnrealEngine/Common/DerivedDataCache/6/1/4/CCABD312498B9FF9D42DC095797E3BA8.udd" 436
"C:/Users/Spellabbet/AppData/Local/UnrealEngine/Common/DerivedDataCache/2/8/6/847E88F24C8BE58A12DA4DAD631D3BFE.udd" 437
"C:/Users/Spellabbet/AppData/Local/UnrealEngine/Common/DerivedDataCache/8/8/7/E87A6A77404164909992F5B884A26BDF.udd" 438
"C:/Users/Spellabbet/AppData/Local/UnrealEngine/Common/DerivedDataCache/2/5/0/36E6F69D4FE6BA597B6158BFF4F74687.udd" 439
"C:/Users/Spellabbet/AppData/Local/UnrealEngine/Common/DerivedDataCache/4/7/1/9A6A76164B19E4BB1DB807B82440F4BD.udd" 440
"C:/Users/Spellabbet/AppData/Local/UnrealEngine/Common/DerivedDataCache/8/9/0/1C919E7E4C96364EB6FAF3B559F901E2.udd" 441
"C:/Users/Spellabbet/AppData/Local/UnrealEngine/Common/DerivedDataCache/8/5/3/DB3D1D7A4BD1E6312D7C2ABEE29052EB.udd" 442
"C:/Users/Spellabbet/AppData/Local/UnrealEngine/Common/DerivedDataCache/3/0/3/FF13B67342D5282B5D9EC0AFFCCA7859.udd" 443
"C:/Users/Spellabbet/AppData/Local/UnrealEngine/Common/DerivedDataCache/7/5/2/BF37250A4DB7A2C8A5B0AB9D379480AA.udd" 444
"C:/Users/Spellabbet/AppData/Local/UnrealEngine/Common/DerivedDataCache/6/9/4/2A3E9E364976F233527C72BD854CE45C.udd" 445
"C:/Users/Spellabbet/AppData/Local/UnrealEngine/Common/DerivedDataCache/5/8/8/9288A84249B7C6784675C49306F3F748.udd" 446
"C:/Users/Spellabbet/AppData/Local/UnrealEngine/Common/DerivedDataCache/8/1/6/37A058E940ADDE14DAA98292B5FC6DAF.udd" 447
"../../../Engine/Content/MobileResources/HUD/VirtualJoystick_Thumb.uasset" 448
"../../../Engine/Content/MobileResources/HUD/VirtualJoystick_Background.uasset" 449
"../../../Engine/Content/MobileResources/HUD/T_Castle_ThumbstickOutter.uasset" 450
"../../../Engine/Content/MobileResources/HUD/T_Castle_ThumbstickInner.uasset" 451
"../../../Engine/Content/MobileResources/HUD/MobileHUDDirectionStick.uasset" 452
"../../../Engine/Content/MobileResources/HUD/MobileHUDDirectionPad3.uasset" 453
"../../../Engine/Content/MobileResources/HUD/MobileHUDDirectionPad2.uasset" 454
"../../../Engine/Content/MobileResources/HUD/MobileHUDDirectionPad.uasset" 455
"../../../Engine/Content/MobileResources/HUD/MobileHUDButtonFire.uasset" 456
"../../../Engine/Content/MobileResources/HUD/MobileHUDButton3.uasset" 457
"../../../Engine/Content/MobileResources/HUD/MobileHUDButton2_on.uasset" 458
"../../../Engine/Content/MobileResources/HUD/MobileHUDButton2_off.uasset" 459
"../../../Engine/Content/MobileResources/HUD/MobileHUDButton1_on.uasset" 460
"../../../Engine/Content/MobileResources/HUD/MobileHUDButton1_off.uasset" 461
"../../../Engine/Content/MobileResources/HUD/LeftVirtualJoystickOnly.uasset" 462
"../../../Engine/Content/MobileResources/HUD/DefaultVirtualJoysticks.uasset" 463
"../../../Engine/Content/MobileResources/HUD/AnalogHat.uasset" 464
"../../../Engine/Content/MobileResources/T_MobileMenu2.uasset" 465
"../../../Engine/Content/MobileResources/T_MobileControls_texture.uasset" 466
"E:/Kandra/Content/Blueprints/SmartTerrainGameMode.uasset" 467
"E:/Kandra/Content/Blueprints/KandraController.uasset" 468
"E:/Kandra/Content/Blueprints/Timer.uasset" 469
"../../../Engine/Content/BasicShapes/Cube.uasset" 470
"../../../Engine/Content/BasicShapes/Sphere.uasset" 471
"../../../Engine/Content/BasicShapes/Cylinder.uasset" 472
"../../../Engine/Content/BasicShapes/Cone.uasset" 473
"E:/Kandra/Content/HUD/SmartHUD.uasset" 474
"E:/Kandra/Content/HUD/HUDWidgets.uasset" 475
"../../../Engine/Content/Maps/Entry.umap" 476
"../../../Engine/Content/EngineMaterials/DefaultNormal.uasset" 477
"E:/Kandra/Content/Maps/SmartTerrainSmall.umap" 478
"E:/Kandra/Content/AI/SmartTerrain/SmartNPC_bp.uasset" 479
"E:/Kandra/Content/Character/HeroTPP_AnimBlueprint.uasset" 480
"E:/Kandra/Content/Animations/Jump_End.uasset" 481
"E:/Kandra/Content/Character/HeroTPP_Skeleton.uasset" 482
"E:/Kandra/Content/Animations/Jump_Loop.uasset" 483
"E:/Kandra/Content/Animations/Jump_Start.uasset" 484
"E:/Kandra/Content/Character/IdleRun_TPP.uasset" 485
"E:/Kandra/Content/Animations/Idle.uasset" 486
"E:/Kandra/Content/Animations/Run.uasset" 487
"E:/Kandra/Content/Animations/Walk.uasset" 488
"../../../Engine/Content/EditorBlueprintResources/StandardMacros.uasset" 489
"E:/Kandra/Content/AI/SmartTerrain/SmartTerrainNPCController.uasset" 490
"E:/Kandra/Content/AI/Scheduler/DefaultSchedule.uasset" 491
"E:/Kandra/Content/AI/Scheduler/ScehduleBB.uasset" 492
"E:/Kandra/Content/AI/Scheduler/NPCActivities.uasset" 493
"E:/Kandra/Content/AI/Scheduler/BTInit.uasset" 494
"E:/Kandra/Content/AI/Scheduler/CheckTime.uasset" 495
"E:/Kandra/Content/AI/Scheduler/ScheduleController.uasset" 496
"E:/Kandra/Content/AI/NPC.uasset" 497
"E:/Kandra/Content/Boningshus.uasset" 498
"E:/Kandra/Content/Character/HeroTPP.uasset" 499
"../../../Engine/Content/TemplateResources/MI_Template_BaseBlue.uasset" 500
"../../../Engine/Content/TemplateResources/M_Template_Master.uasset" 501
"E:/Kandra/Content/PublicHouse.uasset" 502
"E:/Kandra/Content/StarterContent/Props/Materials/M_Frame.uasset" 503
"E:/Kandra/Content/StarterContent/Textures/T_Frame_M.uasset" 504
"E:/Kandra/Content/StarterContent/Textures/T_Frame_N.uasset" 505
"../../../Engine/Content/BasicShapes/BasicShapeMaterial.uasset" 506
"E:/Kandra/Content/AI/Scheduler/DoOnce.uasset" 507
"E:/Kandra/Content/AI/Scheduler/DoTask.uasset" 508
"E:/Kandra/Content/AI/Scheduler/SecondsIntervallChecker.uasset" 509
"E:/Kandra/Content/AI/Scheduler/SetActivity.uasset" 510
"E:/Kandra/Content/SmartHouse.uasset" 511
"../../../Engine/Content/EngineSky/BP_Sky_Sphere.uasset" 512
"../../../Engine/Content/EngineSky/C_Sky_Cloud_Color.uasset" 513
"../../../Engine/Content/EngineSky/C_Sky_Horizon_Color.uasset" 514
"../../../Engine/Content/EngineSky/C_Sky_Zenith_Color.uasset" 515
"../../../Engine/Content/EngineSky/M_Sky_Panning_Clouds2.uasset" 516
"../../../Engine/Content/EngineSky/T_Sky_Blue.uasset" 517
"../../../Engine/Content/EngineSky/T_Sky_Clouds_M.uasset" 518
"../../../Engine/Content/EngineSky/T_Sky_Stars.uasset" 519
"../../../Engine/Content/EngineSky/SM_SkySphere.uasset" 520
"E:/Kandra/Content/Maps/Ground.uasset" 521
"C:/Users/Spellabbet/AppData/Local/UnrealEngine/Common/DerivedDataCache/9/7/0/TEXTURE_75F87CE100B546AAB8A1C4132AF9DB17_DXT1_68E3EEA640400B496B831787C6EE4BA3__A616F329AD67D0D472AFB03027854388F86E8972.udd" 522
"C:/Users/Spellabbet/AppData/Local/UnrealEngine/Common/DerivedDataCache/2/9/1/TEXTURE_75F87CE100B546AAB8A1C4132AF9DB17_DXT1_68E3EEA640400B496B831787C6EE4BA3__93FC647C9286D00D03D390885EA051AA655E943F.udd" 523
"C:/Users/Spellabbet/AppData/Local/UnrealEngine/Common/DerivedDataCache/3/4/1/TEXTURE_75F87CE100B546AAB8A1C4132AF9DB17_DXT1_68E3EEA640400B496B831787C6EE4BA3__0BA9A6C2C5F6EED23AEB69B1A054A1DF4C0029B7.udd" 524
"C:/Users/Spellabbet/AppData/Local/UnrealEngine/Common/DerivedDataCache/3/7/3/TEXTURE_75F87CE100B546AAB8A1C4132AF9DB17_DXT1_68E3EEA640400B496B831787C6EE4BA3__F9ED598E17898EA925DF6C625B5D5A09E71F99A9.udd" 525
"C:/Users/Spellabbet/AppData/Local/UnrealEngine/Common/DerivedDataCache/5/5/1/TEXTURE_75F87CE100B546AAB8A1C4132AF9DB17_DXT1_68E3EEA640400B496B831787C6EE4BA3__B1E0B5BCB4FFA2268C8E6E9054B6226AA2B1BB6C.udd" 526
"C:/Users/Spellabbet/AppData/Local/UnrealEngine/Common/DerivedDataCache/6/7/5/TEXTURE_75F87CE100B546AAB8A1C4132AF9DB17_DXT1_68E3EEA640400B496B831787C6EE4BA3__D8F81EBEB36CBA2F384615200ABEF7107B7D1808.udd" 527
"C:/Users/Spellabbet/AppData/Local/UnrealEngine/Common/DerivedDataCache/0/7/5/TEXTURE_75F87CE100B546AAB8A1C4132AF9DB17_BC5_D2927087403840A19B238099B8DD1460___739AD94F24994B63C058A048DB9D571B1726E5FE.udd" 528
"C:/Users/Spellabbet/AppData/Local/UnrealEngine/Common/DerivedDataCache/8/8/8/MATSM_85DD00DAF10D45C79D4ED0306AF2628B_PCD3D_SM5_2__BC5N_DEV_SL_NODBUFB694B97C__875B6EFA98F4DA2F17AE22355C0C27C598356446.udd" 529
"C:/Users/Spellabbet/AppData/Local/UnrealEngine/Common/DerivedDataCache/3/9/7/TEXTURE_75F87CE100B546AAB8A1C4132AF9DB17_BC5_D2927087403840A19B238099B8DD1460___674A74DE79B354D702249EC7E7E626CA5B77C36D.udd" 530
"C:/Users/Spellabbet/AppData/Local/UnrealEngine/Common/DerivedDataCache/6/4/4/TEXTURE_75F87CE100B546AAB8A1C4132AF9DB17_BC5_D2927087403840A19B238099B8DD1460___20E4E61D84F66FBA604938A1F16E36B7F5486C78.udd" 531
"C:/Users/Spellabbet/AppData/Local/UnrealEngine/Common/DerivedDataCache/3/4/7/TEXTURE_75F87CE100B546AAB8A1C4132AF9DB17_BC5_D2927087403840A19B238099B8DD1460___595FBB13FCE9C0908D3B5CCB749480C282A246E3.udd" 532
"C:/Users/Spellabbet/AppData/Local/UnrealEngine/Common/DerivedDataCache/4/7/9/TEXTURE_75F87CE100B546AAB8A1C4132AF9DB17_BC5_D2927087403840A19B238099B8DD1460___F590B97538909833FC57B29BB3166BA694005634.udd" 533
"C:/Users/Spellabbet/AppData/Local/UnrealEngine/Common/DerivedDataCache/2/6/6/TEXTURE_75F87CE100B546AAB8A1C4132AF9DB17_BC5_D2927087403840A19B238099B8DD1460___EA3CA226986CF3A201397DE6DB2417216FFE8E6B.udd" 534
"C:/Users/Spellabbet/AppData/Local/UnrealEngine/Common/DerivedDataCache/8/7/9/PHYSX_$7B1F0627AE$2DABEB$2D4206$2D8D78$2DE16BEB5DDC7E$7D_PHYSXPC_63CD08E6439064FF403817A85D53580E__1_0_13075_0.udd" 535
"E:/Kandra/Intermediate/Shaders/WorkingDirectory/2444/2/WorkerOutputOnly.out" 536
"E:/Kandra/Intermediate/Shaders/WorkingDirectory/2444/1/WorkerOutputOnly.out" 537
"E:/Kandra/Intermediate/Shaders/WorkingDirectory/2444/0/WorkerOutputOnly.out" 538
"../../../Engine/Content/EditorResources/EmptyActor.uasset" 539
"E:/Kandra/Content/Maps/SmartTerrainMap.umap" 540
"C:/Users/Spellabbet/AppData/Local/UnrealEngine/Common/DerivedDataCache/7/5/7/MATSM_85DD00DAF10D45C79D4ED0306AF2628B_PCD3D_SM4_2__BC5N_DEV_SL_NODBUFB694B97C__624DF1B8EEA802A8ABCEEA3B2EC2A006E6AC94D8.udd" 541
"C:/Users/Spellabbet/AppData/Local/UnrealEngine/Common/DerivedDataCache/7/0/2/PHYSX_$7B1F0627AE$2DABEB$2D4206$2D8D78$2DE16BEB5DDC7E$7D_PHYSXPC_C89C5AE04910D5B01B3BFABEFCB73931__1_0_13075_0.udd" 542
"E:/Kandra/Content/Maps/NewWorld.umap" 543
"E:/Kandra/Content/Workplace.uasset" 544
"E:/Kandra/Content/AI/Scheduler/NightTimeWorker.uasset" 545
"E:/Kandra/Content/AI/Scheduler/TownDrunk.uasset" 546
"E:/Kandra/Content/Blueprints/TimerUtility.uasset" 547
"E:/Kandra/Content/OtherPlace.uasset" 548
"E:/Kandra/Content/StarterContent/Materials/M_Ground_Grass.uasset" 549
"E:/Kandra/Content/StarterContent/Textures/T_Ground_Grass_D.uasset" 550
"E:/Kandra/Content/StarterContent/Textures/T_Ground_Grass_N.uasset" 551
"E:/Kandra/Content/StarterContent/Textures/T_MacroVariation.uasset" 552
"E:/Kandra/Content/StarterContent/Textures/T_Perlin_Noise_M.uasset" 553
"C:/Users/Spellabbet/AppData/Local/UnrealEngine/Common/DerivedDataCache/4/1/6/TEXTURE_75F87CE100B546AAB8A1C4132AF9DB17_AUTODXT_4D70213649E1512D78FAE78AAD267__A21BFC71991BCCBA81347AEBE634ED91B1F9028F.udd" 554
"C:/Users/Spellabbet/AppData/Local/UnrealEngine/Common/DerivedDataCache/1/8/3/TEXTURE_75F87CE100B546AAB8A1C4132AF9DB17_AUTODXT_4D70213649E1512D78FAE78AAD267__9992C59F662D7A8B857785EAD9FDA391EFB8CD64.udd" 555
"C:/Users/Spellabbet/AppData/Local/UnrealEngine/Common/DerivedDataCache/3/2/8/TEXTURE_75F87CE100B546AAB8A1C4132AF9DB17_AUTODXT_4D70213649E1512D78FAE78AAD267__D500818863DDD6AFBB4A094F2FAB8CCB73BBB650.udd" 556
"C:/Users/Spellabbet/AppData/Local/UnrealEngine/Common/DerivedDataCache/9/2/5/TEXTURE_75F87CE100B546AAB8A1C4132AF9DB17_AUTODXT_4D70213649E1512D78FAE78AAD267__D32EF6030FDA2726811970DC2ED0A4BEBA46B37E.udd" 557
"C:/Users/Spellabbet/AppData/Local/UnrealEngine/Common/DerivedDataCache/4/9/8/TEXTURE_75F87CE100B546AAB8A1C4132AF9DB17_AUTODXT_4D70213649E1512D78FAE78AAD267__30C8BC0B890A9E9595E72A2727D2D53E7A2C565D.udd" 558
"C:/Users/Spellabbet/AppData/Local/UnrealEngine/Common/DerivedDataCache/5/8/1/TEXTURE_75F87CE100B546AAB8A1C4132AF9DB17_BC5_E2F950034A19F2DA43AC93A421189BE6___C4DC5CDC710D66946ADD38CD3781BEF7BF12D06F.udd" 559
"C:/Users/Spellabbet/AppData/Local/UnrealEngine/Common/DerivedDataCache/7/6/4/TEXTURE_75F87CE100B546AAB8A1C4132AF9DB17_AUTODXT_4D70213649E1512D78FAE78AAD267__368456AF81C7E1B6218B65CFDFE78056C2B9CE19.udd" 560
"C:/Users/Spellabbet/AppData/Local/UnrealEngine/Common/DerivedDataCache/0/5/1/TEXTURE_75F87CE100B546AAB8A1C4132AF9DB17_BC5_E2F950034A19F2DA43AC93A421189BE6___8D7122F7E707C8E6D4D08C5CD2707BDD34E61604.udd" 561
"C:/Users/Spellabbet/AppData/Local/UnrealEngine/Common/DerivedDataCache/3/5/3/TEXTURE_75F87CE100B546AAB8A1C4132AF9DB17_AUTODXT_0A0241DA4286C10A694E268F48981__B36BC3D049F9B2E078079AFA272FAEEF295B0CBD.udd" 562
"C:/Users/Spellabbet/AppData/Local/UnrealEngine/Common/DerivedDataCache/0/4/0/MATSM_85DD00DAF10D45C79D4ED0306AF2628B_PCD3D_SM5_2__BC5N_DEV_SL_NODBUFAE6CFB32__BF828FAC3F0A0799CCE94A4FE65F717DC8A5E71F.udd" 563
"C:/Users/Spellabbet/AppData/Local/UnrealEngine/Common/DerivedDataCache/2/0/1/TEXTURE_75F87CE100B546AAB8A1C4132AF9DB17_BC5_E2F950034A19F2DA43AC93A421189BE6___CC05D96150B515F37F52B31A88CDA3B1F9E4BE0D.udd" 564
"C:/Users/Spellabbet/AppData/Local/UnrealEngine/Common/DerivedDataCache/7/4/5/TEXTURE_75F87CE100B546AAB8A1C4132AF9DB17_AUTODXT_0A0241DA4286C10A694E268F48981__DBD6E1CAEE7F919A605850618D42C00F675F5D2B.udd" 565
"C:/Users/Spellabbet/AppData/Local/UnrealEngine/Common/DerivedDataCache/0/0/7/TEXTURE_75F87CE100B546AAB8A1C4132AF9DB17_BC5_E2F950034A19F2DA43AC93A421189BE6___3D0E6C76F7CFA3C4115D61DD3DDBF37B91A91A85.udd" 566
"C:/Users/Spellabbet/AppData/Local/UnrealEngine/Common/DerivedDataCache/5/5/5/PHYSX_$7B1F0627AE$2DABEB$2D4206$2D8D78$2DE16BEB5DDC7E$7D_PHYSXPC_A43B38F844338140A330209314F406FE__1_0_13075_0.udd" 567
"C:/Users/Spellabbet/AppData/Local/UnrealEngine/Common/DerivedDataCache/2/2/2/PHYSX_$7B1F0627AE$2DABEB$2D4206$2D8D78$2DE16BEB5DDC7E$7D_PHYSXPC_7F35BB164A5947C17E53A4AECAF70C9B__1_0_13075_0.udd" 568
"C:/Users/Spellabbet/AppData/Local/UnrealEngine/Common/DerivedDataCache/4/7/5/PHYSX_$7B1F0627AE$2DABEB$2D4206$2D8D78$2DE16BEB5DDC7E$7D_PHYSXPC_4DA908F342F49AD35493658170F5294A__1_0_13075_0.udd" 569
"C:/Users/Spellabbet/AppData/Local/UnrealEngine/Common/DerivedDataCache/4/8/6/TEXTURE_75F87CE100B546AAB8A1C4132AF9DB17_BC5_E2F950034A19F2DA43AC93A421189BE6___EEB3335BD70C1D5B78776D810E15834C618E146D.udd" 570
"C:/Users/Spellabbet/AppData/Local/UnrealEngine/Common/DerivedDataCache/3/9/5/TEXTURE_75F87CE100B546AAB8A1C4132AF9DB17_AUTODXT_0A0241DA4286C10A694E268F48981__23C7C9C85F600780C2EDE770DA7FFB266185F991.udd" 571
"C:/Users/Spellabbet/AppData/Local/UnrealEngine/Common/DerivedDataCache/0/7/3/PHYSX_$7B1F0627AE$2DABEB$2D4206$2D8D78$2DE16BEB5DDC7E$7D_PHYSXPC_EE334B644722A33C7CD2E1A11D5EAD36__1_0_13075_0.udd" 572
"C:/Users/Spellabbet/AppData/Local/UnrealEngine/Common/DerivedDataCache/5/0/7/TEXTURE_75F87CE100B546AAB8A1C4132AF9DB17_AUTODXT_0A0241DA4286C10A694E268F48981__9BCAFDB8E31C7350A2169671B176DC63CA849E40.udd" 573
"C:/Users/Spellabbet/AppData/Local/UnrealEngine/Common/DerivedDataCache/1/3/4/PHYSX_$7B1F0627AE$2DABEB$2D4206$2D8D78$2DE16BEB5DDC7E$7D_PHYSXPC_7DDA421448620B7E71AC00A10948AA8D__1_0_13075_0.udd" 574
"C:/Users/Spellabbet/AppData/Local/UnrealEngine/Common/DerivedDataCache/1/8/0/TEXTURE_75F87CE100B546AAB8A1C4132AF9DB17_AUTODXT_0A0241DA4286C10A694E268F48981__ADB623AEED514F232BA07F915485305BB7C39AB0.udd" 575
"C:/Users/Spellabbet/AppData/Local/UnrealEngine/Common/DerivedDataCache/0/7/8/PHYSX_$7B1F0627AE$2DABEB$2D4206$2D8D78$2DE16BEB5DDC7E$7D_PHYSXPC_64E67CE84A89C2ECF57940955AD1EA54__1_0_13075_0.udd" 576
"C:/Users/Spellabbet/AppData/Local/UnrealEngine/Common/DerivedDataCache/3/3/9/TEXTURE_75F87CE100B546AAB8A1C4132AF9DB17_AUTODXT_0A0241DA4286C10A694E268F48981__7D2D8DE0D8FAE7C7AB4D777A851BC78778852B55.udd" 577
"C:/Users/Spellabbet/AppData/Local/UnrealEngine/Common/DerivedDataCache/8/5/3/PHYSX_$7B1F0627AE$2DABEB$2D4206$2D8D78$2DE16BEB5DDC7E$7D_PHYSXPC_7186D6524B864FA2C77AACBD9FC59319__1_0_13075_0.udd" 578
"C:/Users/Spellabbet/AppData/Local/UnrealEngine/Common/DerivedDataCache/1/4/8/TEXTURE_75F87CE100B546AAB8A1C4132AF9DB17_BC5_E2F950034A19F2DA43AC93A421189BE6___7EDF04ADDF926353E594902266F79469FD45AF45.udd" 579
"../../../Engine/Content/EditorResources/LightIcons/S_LightError.uasset" 580
"E:/Kandra/Content/Maps/NewMap2.umap" 581
"E:/Kandra/Content/Maps/NewMap.umap" 582
"E:/Kandra/Content/Maps/kandra-karta_Mat.uasset" 583
"E:/Kandra/Content/Maps/kandra-karta.uasset" 584
"C:/Users/Spellabbet/AppData/Local/UnrealEngine/Common/DerivedDataCache/9/3/1/TEXTURE_75F87CE100B546AAB8A1C4132AF9DB17_BGRA8_8528F23B44F76C1DC130BBBFFE5023D__3A07A3681CD1BD9056A01F6524E6D068C9CB21DF.udd" 585
"C:/Users/Spellabbet/AppData/Local/UnrealEngine/Common/DerivedDataCache/6/0/8/TEXTURE_75F87CE100B546AAB8A1C4132AF9DB17_AUTODXT_67B50A884B4C1F707DA739B009F76__7D32E6A509B53412DC129F0FAA42ABE4E4C47642.udd" 586
"C:/Users/Spellabbet/AppData/Local/UnrealEngine/Common/DerivedDataCache/6/6/3/TEXTURE_75F87CE100B546AAB8A1C4132AF9DB17_DXT1_332939AA4794C457C838F19FA5346CE5__598795FEFCBB2A6B815418C3AA69168E7BB53A00.udd" 587
"C:/Users/Spellabbet/AppData/Local/UnrealEngine/Common/DerivedDataCache/0/8/4/TEXTURE_75F87CE100B546AAB8A1C4132AF9DB17_BGRA8_56E687B647DB688389E267A71F5A2DF__44B2806A069CA788E7AE97602FC4A6E7237DAE3C.udd" 588
"C:/Users/Spellabbet/AppData/Local/UnrealEngine/Common/DerivedDataCache/9/6/3/PHYSX_$7B1F0627AE$2DABEB$2D4206$2D8D78$2DE16BEB5DDC7E$7D_PHYSXPC_983EC17D427BE4BBFE7990A93707AEE8__1_0_13075_0.udd" 589
"C:/Users/Spellabbet/AppData/Local/UnrealEngine/Common/DerivedDataCache/4/6/4/MATSM_85DD00DAF10D45C79D4ED0306AF2628B_PCD3D_SM5_2__BC5N_DEV_SL_NODBUF2476A297__23CBD818C76D6CA1A530035C05A7448BC44C5007.udd" 590
"C:/Users/Spellabbet/AppData/Local/UnrealEngine/Common/DerivedDataCache/8/5/3/PHYSX_$7B1F0627AE$2DABEB$2D4206$2D8D78$2DE16BEB5DDC7E$7D_PHYSXPC_D07B3ED5473528E6063C79B36AC59A7F__1_0_13075_0.udd" 591
"C:/Users/Spellabbet/AppData/Local/UnrealEngine/Common/DerivedDataCache/0/8/6/PHYSX_$7B1F0627AE$2DABEB$2D4206$2D8D78$2DE16BEB5DDC7E$7D_PHYSXPC_56F697334979BC6811F750B8E410E760__1_0_13075_0.udd" 592
"C:/Users/Spellabbet/AppData/Local/UnrealEngine/Common/DerivedDataCache/6/6/4/PHYSX_$7B1F0627AE$2DABEB$2D4206$2D8D78$2DE16BEB5DDC7E$7D_PHYSXPC_8F63EE3649274EBF146AEF9E173A2383__1_0_13075_0.udd" 593
"C:/Users/Spellabbet/AppData/Local/UnrealEngine/Common/DerivedDataCache/4/7/2/PHYSX_$7B1F0627AE$2DABEB$2D4206$2D8D78$2DE16BEB5DDC7E$7D_PHYSXPC_0D4DEA3E420A3DCF0ED10099ACCE8359__1_0_13075_0.udd" 594
"C:/Users/Spellabbet/AppData/Local/UnrealEngine/Common/DerivedDataCache/3/1/5/PHYSX_$7B1F0627AE$2DABEB$2D4206$2D8D78$2DE16BEB5DDC7E$7D_PHYSXPC_7F324C5440468BA9BC2AE8B46F433116__1_0_13075_0.udd" 595
"C:/Users/Spellabbet/AppData/Local/UnrealEngine/Common/DerivedDataCache/0/7/2/PHYSX_$7B1F0627AE$2DABEB$2D4206$2D8D78$2DE16BEB5DDC7E$7D_PHYSXPC_C89FF872445F04D0840A32AD34D48D72__1_0_13075_0.udd" 596
"E:/Kandra/Content/NewMap.umap" 597
"../../../Engine/Content/MapTemplates/SM_Template_Map_Floor.uasset" 598
"C:/Users/Spellabbet/AppData/Local/UnrealEngine/Common/DerivedDataCache/7/7/2/TEXTURE_75F87CE100B546AAB8A1C4132AF9DB17_DXT1_FEA6D1D245B28CD198AA96B320F42987__F0414238AD719F94CA0F98954F406F7B9FC53C29.udd" 599
"C:/Users/Spellabbet/AppData/Local/UnrealEngine/Common/DerivedDataCache/5/8/2/TEXTURE_75F87CE100B546AAB8A1C4132AF9DB17_DXT1_FEA6D1D245B28CD198AA96B320F42987__3CE8B69BBA0EAC6C3B8F47316D26DCCAC291A374.udd" 600
"C:/Users/Spellabbet/AppData/Local/UnrealEngine/Common/DerivedDataCache/2/3/8/TEXTURE_75F87CE100B546AAB8A1C4132AF9DB17_DXT1_FEA6D1D245B28CD198AA96B320F42987__F236780ADCD9028073A4A0E0031FD2F2D205011D.udd" 601
"E:/Kandra/Content/StarterContent/Props/SM_CornerFrame.uasset" 602
"C:/Users/Spellabbet/AppData/Local/UnrealEngine/Common/DerivedDataCache/3/2/7/STATICMESH_46A8778361B442A9523C54440EA1E9D_2C1BC8F50A7A43818AFE266EB43D9060_C5__807022F23C111F982560EE4A0432712E5305280E.udd" 603
"C:/Users/Spellabbet/AppData/Local/UnrealEngine/Common/DerivedDataCache/8/0/1/PHYSX_$7B1F0627AE$2DABEB$2D4206$2D8D78$2DE16BEB5DDC7E$7D_PHYSXPC_5184434E48ECC__FFD63A344FDAEA035A565DAA33C79D2FFCB7FDAA.udd" 604
"E:/Kandra/Content/StarterContent/Audio/Collapse01.uasset" 605
"C:/Users/Spellabbet/AppData/Local/UnrealEngine/Common/DerivedDataCache/7/4/9/AUDIO_0002_0000_OGG_0001_1FFCDDAF446F0A5DB5CD53804F454EE7.udd" 606
"E:/Kandra/Content/Maps/TestObject.uasset" 607
"E:/Kandra/Content/Circle_Mat.uasset" 608
"E:/Kandra/Content/Circle.uasset" 609
"C:/Users/Spellabbet/AppData/Local/UnrealEngine/Common/DerivedDataCache/6/1/8/TEXTURE_75F87CE100B546AAB8A1C4132AF9DB17_AUTODXT_C492E8994B4542D1361E32AFEB08D__5CE41E7604FC3BD7A5885F06E5BC3FDBE0B5EBE6.udd" 610
"C:/Users/Spellabbet/AppData/Local/UnrealEngine/Common/DerivedDataCache/3/7/8/MATSM_85DD00DAF10D45C79D4ED0306AF2628B_PCD3D_SM5_2__BC5N_DEV_SL_NODBUFA2665B69__846634B50EA87308E2F6C34071C94767857E0819.udd" 611
"E:/Kandra/Content/Blueprints/MyCharacter.uasset" 612
"E:/Kandra/Content/Blueprints/House.uasset" 613
"E:/Kandra/Content/Blueprints/BillboardingInfoText.uasset" 614
"E:/Kandra/Content/AI/Scheduler/SetRandomActivity.uasset" 615
"E:/Kandra/Content/AI/Scheduler/SetActivity_New.uasset" 616
"E:/Kandra/Content/AI/Scheduler/ScheduleTree.uasset" 617
"E:/Kandra/Content/AI/Scheduler/BTTask_BlueprintBase_New.uasset" 618
"E:/Kandra/Content/AI/Scheduler/BTService_BlueprintBase_New.uasset" 619
"E:/Kandra/Content/AI/Scheduler/BTDecorator_BlueprintBase_New.uasset" 620
"E:/Kandra/Content/AI/BTT_Set_BB_Bool.uasset" 621
"E:/Kandra/Content/AI/BTT_Set_BB_Actor.uasset" 622
"E:/Kandra/Content/AI/BTService_DistanceToObject.uasset" 623
"E:/Kandra/Content/AI/AIGuardNPC.uasset" 624
"E:/Kandra/Content/AI/AIGuardController.uasset" 625
"E:/Kandra/Content/AI/AIGuardBehaviorTree.uasset" 626
"E:/Kandra/Content/AI/AIGuardBB.uasset" 627
"E:/Kandra/Content/SmallTown.uasset" 628
"E:/Kandra/Content/HouseTextWidget.uasset" 629
"E:/Kandra/Content/Boningshus_Child.uasset" 630
