Thu Apr 16 13:44:51 2015

Tid	Sleep	Eat	VE Work	Leisure	
00:01:03	0.600000	0.200000	0.600000	0.600000	
00:02:02	0.600000	0.200000	0.600000	0.600000	
00:03:02	0.600000	0.200000	0.600000	0.600000	
00:04:03	0.600000	0.200000	0.600000	0.600000	
00:05:02	0.600000	0.200000	0.600000	0.600000	
00:06:02	0.600000	0.210000	0.590000	0.600000	
00:07:03	0.600000	0.220000	0.580000	0.600000	
00:08:02	0.600000	0.230000	0.570000	0.600000	
00:09:02	0.600000	0.240000	0.560000	0.600000	
00:10:03	0.600000	0.250000	0.550000	0.600000	
00:11:02	0.600000	0.260000	0.540000	0.600000	
00:12:02	0.600000	0.270000	0.530000	0.600000	
00:13:03	0.600000	0.280000	0.520000	0.600000	
00:14:02	0.600000	0.290000	0.510000	0.600000	
00:15:02	0.600000	0.300000	0.500000	0.600000	
00:16:03	0.600000	0.310000	0.490000	0.600000	
00:17:03	0.600000	0.320000	0.480000	0.600000	
00:18:02	0.600000	0.330000	0.470000	0.600000	
00:19:03	0.600000	0.340000	0.460000	0.600000	
00:20:03	0.600000	0.350000	0.450000	0.600000	
00:21:03	0.600000	0.360000	0.440000	0.600000	
00:22:02	0.600000	0.370000	0.430000	0.600000	
00:23:02	0.600000	0.380000	0.420000	0.600000	
00:24:03	0.600000	0.390000	0.410000	0.600000	
00:25:03	0.600000	0.400000	0.400000	0.600000	
00:26:02	0.600000	0.410000	0.390000	0.600000	
00:27:02	0.600000	0.420000	0.380000	0.600000	
00:28:03	0.600000	0.430000	0.370000	0.600000	
00:29:03	0.600000	0.440000	0.360000	0.600000	
00:30:02	0.600000	0.450000	0.350000	0.600000	
00:31:02	0.600000	0.460000	0.340000	0.600000	
00:32:02	0.600000	0.470000	0.330000	0.600000	
00:33:03	0.600000	0.480000	0.320000	0.600000	
00:34:03	0.600000	0.490000	0.310000	0.600000	
00:35:02	0.600000	0.500000	0.300000	0.600000	
00:36:02	0.600000	0.510000	0.290000	0.600000	
00:37:02	0.600000	0.520000	0.280000	0.600000	
00:38:02	0.600000	0.530000	0.270000	0.600000	
00:39:02	0.600000	0.540000	0.260000	0.600000	
00:40:03	0.600000	0.550000	0.250000	0.600000	
00:41:02	0.600000	0.560000	0.240000	0.600000	
00:42:03	0.600000	0.570000	0.230000	0.600000	
00:43:02	0.600000	0.580000	0.220000	0.600000	
00:44:02	0.600000	0.590000	0.210000	0.600000	
00:45:03	0.600000	0.600000	0.200000	0.600000	
00:46:03	0.600000	0.610000	0.190000	0.600000	
00:47:02	0.600000	0.620000	0.180000	0.600000	
00:48:02	0.600000	0.630000	0.170000	0.600000	
00:49:02	0.600000	0.640000	0.160000	0.600000	
00:50:03	0.600000	0.650000	0.150000	0.600000	
00:51:03	0.600000	0.660000	0.140000	0.600000	
00:52:02	0.600000	0.670000	0.130000	0.600000	
00:53:02	0.600000	0.680000	0.120000	0.600000	
00:54:02	0.600000	0.690000	0.110000	0.600000	
00:55:03	0.600000	0.700000	0.100000	0.600000	
00:56:03	0.600000	0.710000	0.090000	0.600000	
00:57:03	0.600000	0.720000	0.080000	0.600000	
00:58:02	0.600000	0.730000	0.070000	0.600000	
00:59:02	0.600000	0.740000	0.060000	0.600000	
00:60:03	0.600000	0.750000	0.050000	0.600000	
01:01:03	0.600000	0.760000	0.040000	0.600000	
01:02:02	0.600000	0.770000	0.030000	0.600000	
01:03:02	0.600000	0.780000	0.020000	0.600000	
01:04:02	0.600000	0.780000	0.020000	0.600000	
01:05:02	0.600000	0.780000	0.020000	0.600000	
01:06:03	0.600000	0.780000	0.030000	0.590000	
01:07:03	0.600000	0.780000	0.040000	0.580000	
01:08:02	0.600000	0.780000	0.050000	0.570000	
01:09:02	0.600000	0.780000	0.060000	0.560000	
01:10:02	0.600000	0.780000	0.070000	0.550000	
01:11:03	0.600000	0.780000	0.080000	0.540000	
01:12:02	0.600000	0.780000	0.090000	0.530000	
01:13:02	0.600000	0.780000	0.100000	0.520000	
01:14:02	0.600000	0.780000	0.110000	0.510000	
01:15:03	0.600000	0.780000	0.120000	0.500000	
01:16:03	0.600000	0.780000	0.130000	0.490000	
01:17:02	0.600000	0.780000	0.140000	0.480000	
01:18:02	0.600000	0.780000	0.150000	0.470000	
01:19:03	0.600000	0.780000	0.160000	0.460000	
01:20:03	0.600000	0.780000	0.170000	0.450000	
01:21:02	0.600000	0.780000	0.180000	0.440000	
01:22:02	0.600000	0.780000	0.190000	0.430000	
01:23:02	0.600000	0.780000	0.200000	0.420000	
01:24:02	0.600000	0.780000	0.210000	0.410000	
01:25:03	0.600000	0.780000	0.220000	0.400000	
01:26:03	0.600000	0.780000	0.230000	0.390000	
01:27:02	0.600000	0.780000	0.240000	0.380000	
01:28:02	0.600000	0.780000	0.250000	0.370000	
01:29:02	0.600000	0.780000	0.260000	0.360000	
01:30:03	0.600000	0.780000	0.270000	0.350000	
01:31:03	0.600000	0.780000	0.280000	0.340000	
01:32:02	0.600000	0.780000	0.290000	0.330000	
01:33:02	0.600000	0.780000	0.300000	0.320000	
01:34:02	0.600000	0.780000	0.310000	0.310000	
01:35:03	0.600000	0.780000	0.320000	0.300000	
01:36:03	0.600000	0.780000	0.330000	0.290000	
01:37:02	0.600000	0.780000	0.340000	0.280000	
01:38:02	0.600000	0.780000	0.350000	0.270000	
01:39:02	0.600000	0.780000	0.360000	0.260000	
01:40:03	0.600000	0.780000	0.370000	0.250000	
01:41:03	0.600000	0.780000	0.380000	0.240000	
01:42:02	0.600000	0.780000	0.390000	0.230000	
01:43:02	0.600000	0.780000	0.400000	0.220000	
01:44:03	0.600000	0.780000	0.410000	0.210000	
01:45:03	0.600000	0.780000	0.420000	0.200000	
01:46:02	0.600000	0.780000	0.430000	0.190000	
01:47:02	0.600000	0.780000	0.440000	0.180000	
01:48:02	0.600000	0.780000	0.450000	0.170000	
01:49:03	0.600000	0.780000	0.460000	0.160000	
01:50:03	0.600000	0.780000	0.470000	0.150000	
01:51:02	0.600000	0.780000	0.480000	0.140000	
01:52:02	0.600000	0.780000	0.490000	0.130000	
01:53:03	0.600000	0.780000	0.500000	0.120000	
01:54:03	0.600000	0.780000	0.510000	0.110000	
01:55:03	0.600000	0.780000	0.520000	0.100000	
01:56:02	0.600000	0.780000	0.530000	0.090000	
01:57:02	0.600000	0.780000	0.540000	0.080000	
01:58:02	0.600000	0.780000	0.550000	0.070000	
01:59:03	0.600000	0.780000	0.560000	0.060000	
01:60:03	0.600000	0.780000	0.570000	0.050000	
02:01:02	0.600000	0.780000	0.580000	0.040000	
02:02:02	0.600000	0.780000	0.590000	0.030000	
02:03:03	0.600000	0.780000	0.600000	0.020000	
02:04:03	0.600000	0.780000	0.610000	0.010000	
02:05:02	0.600000	0.780000	0.620000	0.000000	
02:06:02	0.600000	0.780000	0.620000	0.000000	
02:07:02	0.600000	0.780000	0.620000	0.000000	
02:08:03	0.590000	0.780000	0.620000	0.010000	
02:09:03	0.580000	0.780000	0.620000	0.020000	
02:10:02	0.570000	0.780000	0.620000	0.030000	
02:11:02	0.560000	0.780000	0.620000	0.040000	
02:12:03	0.550000	0.780000	0.620000	0.050000	
02:13:03	0.540000	0.780000	0.620000	0.060000	
02:14:02	0.530000	0.780000	0.620000	0.070000	
02:15:02	0.520000	0.780000	0.620000	0.080000	
02:16:03	0.510000	0.780000	0.620000	0.090000	
02:17:03	0.500000	0.780000	0.620000	0.100000	
02:18:02	0.490000	0.780000	0.620000	0.110000	
02:19:02	0.480000	0.780000	0.620000	0.120000	
02:20:02	0.470000	0.780000	0.620000	0.130000	
02:21:02	0.460000	0.780000	0.620000	0.140000	
02:22:02	0.450000	0.780000	0.620000	0.150000	
02:23:02	0.440000	0.780000	0.620000	0.160000	
02:24:02	0.430000	0.780000	0.620000	0.170000	
02:25:02	0.420000	0.780000	0.620000	0.180000	
02:26:03	0.410000	0.780000	0.620000	0.190000	
02:27:03	0.400000	0.780000	0.620000	0.200000	
02:28:03	0.390000	0.780000	0.620000	0.210000	
02:29:03	0.380000	0.780000	0.620000	0.220000	
02:30:03	0.370000	0.780000	0.620000	0.230000	
02:31:03	0.360000	0.780000	0.620000	0.240000	
02:32:03	0.350000	0.780000	0.620000	0.250000	
02:33:03	0.340000	0.780000	0.620000	0.260000	
02:34:02	0.330000	0.780000	0.620000	0.270000	
02:35:02	0.320000	0.780000	0.620000	0.280000	
02:36:02	0.310000	0.780000	0.620000	0.290000	
02:37:02	0.300000	0.780000	0.620000	0.300000	
02:38:02	0.290000	0.780000	0.620000	0.310000	
02:39:02	0.280000	0.780000	0.620000	0.320000	
02:40:02	0.270000	0.780000	0.620000	0.330000	
02:41:03	0.260000	0.780000	0.620000	0.340000	
02:42:03	0.250000	0.780000	0.620000	0.350000	
02:43:02	0.240000	0.780000	0.620000	0.360000	
02:44:02	0.230000	0.780000	0.620000	0.370000	
02:45:02	0.220000	0.780000	0.620000	0.380000	
02:46:02	0.210000	0.780000	0.620000	0.390000	
02:47:02	0.200000	0.780000	0.620000	0.400000	
02:48:02	0.190000	0.780000	0.620000	0.410000	
02:49:03	0.180000	0.780000	0.620000	0.420000	
02:50:03	0.170000	0.780000	0.620000	0.430000	
02:51:03	0.160000	0.780000	0.620000	0.440000	
02:52:03	0.150000	0.780000	0.620000	0.450000	
02:53:03	0.140000	0.780000	0.620000	0.460000	
02:54:02	0.130000	0.780000	0.620000	0.470000	
02:55:02	0.120000	0.780000	0.620000	0.480000	
02:56:02	0.110000	0.780000	0.620000	0.490000	
02:57:02	0.100000	0.780000	0.620000	0.500000	
02:58:02	0.090000	0.780000	0.620000	0.510000	
02:59:02	0.080000	0.780000	0.620000	0.520000	
02:60:02	0.070000	0.780000	0.620000	0.530000	
03:01:02	0.060000	0.780000	0.620000	0.540000	
03:02:03	0.050000	0.780000	0.620000	0.550000	
03:03:03	0.040000	0.780000	0.620000	0.560000	
03:04:02	0.030000	0.780000	0.620000	0.570000	
03:05:02	0.020000	0.780000	0.620000	0.580000	
03:06:02	0.010000	0.780000	0.620000	0.590000	
03:07:02	0.010000	0.780000	0.620000	0.590000	
03:08:02	0.010000	0.780000	0.620000	0.590000	
03:09:02	0.020000	0.770000	0.620000	0.590000	
03:10:03	0.030000	0.760000	0.620000	0.590000	
03:11:03	0.040000	0.750000	0.620000	0.590000	
03:12:03	0.050000	0.740000	0.620000	0.590000	
03:13:02	0.060000	0.730000	0.620000	0.590000	
03:14:02	0.070000	0.720000	0.620000	0.590000	
03:15:02	0.080000	0.710000	0.620000	0.590000	
03:16:02	0.090000	0.700000	0.620000	0.590000	
03:17:02	0.100000	0.690000	0.620000	0.590000	
03:18:02	0.110000	0.680000	0.620000	0.590000	
03:19:03	0.120000	0.670000	0.620000	0.590000	
03:20:03	0.130000	0.660000	0.620000	0.590000	
03:21:03	0.140000	0.650000	0.620000	0.590000	
03:22:02	0.150000	0.640000	0.620000	0.590000	
03:23:02	0.160000	0.630000	0.620000	0.590000	
03:24:02	0.170000	0.620000	0.620000	0.590000	
03:25:02	0.180000	0.610000	0.620000	0.590000	
03:26:02	0.190000	0.600000	0.620000	0.590000	
03:27:03	0.200000	0.590000	0.620000	0.590000	
03:28:03	0.210000	0.580000	0.620000	0.590000	
03:29:03	0.220000	0.570000	0.620000	0.590000	
03:30:02	0.230000	0.560000	0.620000	0.590000	
03:31:02	0.240000	0.550000	0.620000	0.590000	
03:32:02	0.250000	0.540000	0.620000	0.590000	
03:33:03	0.260000	0.530000	0.620000	0.590000	
03:34:03	0.270000	0.520000	0.620000	0.590000	
03:35:03	0.280000	0.510000	0.620000	0.590000	
03:36:03	0.290000	0.500000	0.620000	0.590000	
03:37:03	0.300000	0.490000	0.620000	0.590000	
03:38:03	0.310000	0.480000	0.620000	0.590000	
03:39:02	0.320000	0.470000	0.620000	0.590000	
03:40:02	0.330000	0.460000	0.620000	0.590000	
03:41:02	0.340000	0.450000	0.620000	0.590000	
03:42:02	0.350000	0.440000	0.620000	0.590000	
03:43:02	0.360000	0.430000	0.620000	0.590000	
03:44:02	0.370000	0.420000	0.620000	0.590000	
03:45:02	0.380000	0.410000	0.620000	0.590000	
03:46:03	0.390000	0.400000	0.620000	0.590000	
03:47:03	0.400000	0.390000	0.620000	0.590000	
03:48:03	0.410000	0.380000	0.620000	0.590000	
03:49:02	0.420000	0.370000	0.620000	0.590000	
03:50:02	0.430000	0.360000	0.620000	0.590000	
03:51:02	0.440000	0.350000	0.620000	0.590000	
03:52:02	0.450000	0.340000	0.620000	0.590000	
03:53:02	0.460000	0.330000	0.620000	0.590000	
03:54:02	0.470000	0.320000	0.620000	0.590000	
03:55:03	0.480000	0.310000	0.620000	0.590000	
03:56:03	0.490000	0.300000	0.620000	0.590000	
03:57:03	0.500000	0.290000	0.620000	0.590000	
03:58:03	0.510000	0.280000	0.620000	0.590000	
03:59:03	0.520000	0.270000	0.620000	0.590000	
03:60:03	0.530000	0.260000	0.620000	0.590000	
04:01:03	0.540000	0.250000	0.620000	0.590000	
04:02:02	0.550000	0.240000	0.620000	0.590000	
04:03:02	0.560000	0.230000	0.620000	0.590000	
04:04:02	0.570000	0.220000	0.620000	0.590000	
04:05:02	0.580000	0.210000	0.620000	0.590000	
04:06:02	0.590000	0.200000	0.620000	0.590000	
04:07:02	0.600000	0.190000	0.620000	0.590000	
04:08:02	0.610000	0.180000	0.620000	0.590000	
04:09:02	0.620000	0.170000	0.620000	0.590000	
04:10:02	0.630000	0.160000	0.620000	0.590000	
04:11:03	0.640000	0.150000	0.620000	0.590000	
04:12:03	0.650000	0.140000	0.620000	0.590000	
04:13:03	0.660000	0.130000	0.620000	0.590000	
04:14:02	0.670000	0.120000	0.620000	0.590000	
04:15:02	0.680000	0.110000	0.620000	0.590000	
04:16:02	0.690000	0.100000	0.620000	0.590000	
04:17:02	0.700000	0.090000	0.620000	0.590000	
04:18:02	0.710000	0.080000	0.620000	0.590000	
04:19:02	0.720000	0.070000	0.620000	0.590000	
04:20:02	0.730000	0.060000	0.620000	0.590000	
04:21:02	0.740000	0.050000	0.620000	0.590000	
04:22:02	0.750000	0.040000	0.620000	0.590000	
04:23:02	0.760000	0.030000	0.620000	0.590000	
04:24:02	0.770000	0.020000	0.620000	0.590000	
04:25:03	0.780000	0.010000	0.620000	0.590000	
04:26:03	0.780000	0.010000	0.620000	0.590000	
04:27:03	0.780000	0.010000	0.620000	0.590000	
04:28:02	0.780000	0.010000	0.620000	0.590000	
04:29:02	0.780000	0.020000	0.610000	0.590000	
04:30:02	0.780000	0.030000	0.600000	0.590000	
04:31:02	0.780000	0.040000	0.590000	0.590000	
04:32:02	0.780000	0.050000	0.580000	0.590000	
04:33:03	0.780000	0.060000	0.570000	0.590000	
04:34:03	0.780000	0.070000	0.560000	0.590000	
04:35:03	0.780000	0.080000	0.550000	0.590000	
04:36:03	0.780000	0.090000	0.540000	0.590000	
04:37:03	0.780000	0.100000	0.530000	0.590000	
04:38:02	0.780000	0.110000	0.520000	0.590000	
04:39:02	0.780000	0.120000	0.510000	0.590000	
04:40:02	0.780000	0.130000	0.500000	0.590000	
04:41:02	0.780000	0.140000	0.490000	0.590000	
04:42:03	0.780000	0.150000	0.480000	0.590000	
04:43:03	0.780000	0.160000	0.470000	0.590000	
04:44:02	0.780000	0.170000	0.460000	0.590000	
04:45:02	0.780000	0.180000	0.450000	0.590000	
04:46:02	0.780000	0.190000	0.440000	0.590000	
04:47:03	0.780000	0.200000	0.430000	0.590000	
04:48:03	0.780000	0.210000	0.420000	0.590000	
04:49:02	0.780000	0.220000	0.410000	0.590000	
04:50:02	0.780000	0.230000	0.400000	0.590000	
04:51:02	0.780000	0.240000	0.390000	0.590000	
04:52:02	0.780000	0.250000	0.380000	0.590000	
04:53:02	0.780000	0.260000	0.370000	0.590000	
04:54:02	0.780000	0.270000	0.360000	0.590000	
04:55:02	0.780000	0.280000	0.350000	0.590000	
04:56:02	0.780000	0.290000	0.340000	0.590000	
04:57:02	0.780000	0.300000	0.330000	0.590000	
04:58:03	0.780000	0.310000	0.320000	0.590000	
04:59:03	0.780000	0.320000	0.310000	0.590000	
04:60:03	0.780000	0.330000	0.300000	0.590000	
05:01:03	0.780000	0.340000	0.290000	0.590000	
05:02:02	0.780000	0.350000	0.280000	0.590000	
05:03:02	0.780000	0.360000	0.270000	0.590000	
05:04:02	0.780000	0.370000	0.260000	0.590000	
05:05:02	0.780000	0.380000	0.250000	0.590000	
05:06:02	0.780000	0.390000	0.240000	0.590000	
05:07:02	0.780000	0.400000	0.230000	0.590000	
05:08:02	0.780000	0.410000	0.220000	0.590000	
05:09:02	0.780000	0.420000	0.210000	0.590000	
05:10:03	0.780000	0.430000	0.200000	0.590000	
05:11:03	0.780000	0.440000	0.190000	0.590000	
05:12:03	0.780000	0.450000	0.180000	0.590000	
05:13:03	0.780000	0.460000	0.170000	0.590000	
05:14:03	0.780000	0.470000	0.160000	0.590000	
05:15:03	0.780000	0.480000	0.150000	0.590000	
05:16:02	0.780000	0.490000	0.140000	0.590000	
05:17:02	0.780000	0.500000	0.130000	0.590000	
05:18:02	0.780000	0.510000	0.120000	0.590000	
05:19:03	0.780000	0.520000	0.110000	0.590000	
05:20:03	0.780000	0.530000	0.100000	0.590000	
05:21:03	0.780000	0.540000	0.090000	0.590000	
05:22:03	0.780000	0.550000	0.080000	0.590000	
05:23:03	0.780000	0.560000	0.070000	0.590000	
05:24:02	0.780000	0.570000	0.060000	0.590000	
05:25:02	0.780000	0.580000	0.050000	0.590000	
05:26:02	0.780000	0.590000	0.040000	0.590000	
05:27:02	0.780000	0.600000	0.030000	0.590000	
05:28:03	0.780000	0.610000	0.020000	0.590000	
05:29:03	0.780000	0.620000	0.010000	0.590000	
05:30:02	0.780000	0.620000	0.010000	0.590000	
05:31:02	0.780000	0.620000	0.010000	0.590000	
05:32:02	0.780000	0.620000	0.020000	0.580000	
05:33:03	0.780000	0.620000	0.030000	0.570000	
05:34:03	0.780000	0.620000	0.040000	0.560000	
05:35:03	0.780000	0.620000	0.050000	0.550000	
05:36:03	0.780000	0.620000	0.060000	0.540000	
05:37:03	0.780000	0.620000	0.070000	0.530000	
05:38:02	0.780000	0.620000	0.080000	0.520000	
05:39:02	0.780000	0.620000	0.090000	0.510000	
05:40:02	0.780000	0.620000	0.100000	0.500000	
05:41:02	0.780000	0.620000	0.110000	0.490000	
05:42:02	0.780000	0.620000	0.120000	0.480000	
05:43:03	0.780000	0.620000	0.130000	0.470000	
05:44:03	0.780000	0.620000	0.140000	0.460000	
05:45:03	0.780000	0.620000	0.150000	0.450000	
05:46:02	0.780000	0.620000	0.160000	0.440000	
05:47:02	0.780000	0.620000	0.170000	0.430000	
05:48:02	0.780000	0.620000	0.180000	0.420000	
05:49:03	0.780000	0.620000	0.190000	0.410000	
05:50:03	0.780000	0.620000	0.200000	0.400000	
05:51:03	0.780000	0.620000	0.210000	0.390000	
05:52:03	0.780000	0.620000	0.220000	0.380000	
05:53:02	0.780000	0.620000	0.230000	0.370000	
05:54:02	0.780000	0.620000	0.240000	0.360000	
05:55:02	0.780000	0.620000	0.250000	0.350000	
05:56:02	0.780000	0.620000	0.260000	0.340000	
05:57:02	0.780000	0.620000	0.270000	0.330000	
05:58:02	0.780000	0.620000	0.280000	0.320000	
05:59:03	0.780000	0.620000	0.290000	0.310000	
05:60:03	0.780000	0.620000	0.300000	0.300000	
06:01:03	0.780000	0.620000	0.310000	0.290000	
06:02:03	0.780000	0.620000	0.320000	0.280000	
06:03:03	0.780000	0.620000	0.330000	0.270000	
06:04:03	0.780000	0.620000	0.340000	0.260000	
06:05:02	0.780000	0.620000	0.350000	0.250000	
06:06:02	0.780000	0.620000	0.360000	0.240000	
06:07:03	0.780000	0.620000	0.370000	0.230000	
06:08:03	0.780000	0.620000	0.380000	0.220000	
06:09:03	0.780000	0.620000	0.390000	0.210000	
06:10:02	0.780000	0.620000	0.400000	0.200000	
06:11:02	0.780000	0.620000	0.410000	0.190000	
06:12:02	0.780000	0.620000	0.420000	0.180000	
06:13:02	0.780000	0.620000	0.430000	0.170000	
06:14:02	0.780000	0.620000	0.440000	0.160000	
06:15:02	0.780000	0.620000	0.450000	0.150000	
06:16:02	0.780000	0.620000	0.460000	0.140000	
06:17:03	0.780000	0.620000	0.470000	0.130000	
06:18:03	0.780000	0.620000	0.480000	0.120000	
06:19:02	0.780000	0.620000	0.490000	0.110000	
06:20:02	0.780000	0.620000	0.500000	0.100000	
06:21:02	0.780000	0.620000	0.510000	0.090000	
06:22:02	0.780000	0.620000	0.520000	0.080000	
06:23:02	0.780000	0.620000	0.530000	0.070000	
06:24:02	0.780000	0.620000	0.540000	0.060000	
06:25:02	0.780000	0.620000	0.550000	0.050000	
06:26:02	0.780000	0.620000	0.560000	0.040000	
06:27:02	0.780000	0.620000	0.570000	0.030000	
06:28:03	0.780000	0.620000	0.580000	0.020000	
06:29:03	0.780000	0.620000	0.590000	0.010000	
06:30:03	0.780000	0.620000	0.600000	0.000000	
06:31:02	0.780000	0.620000	0.610000	-0.010000	
06:32:02	0.780000	0.620000	0.610000	-0.010000	
06:33:02	0.780000	0.620000	0.610000	-0.010000	
06:34:02	0.780000	0.620000	0.610000	-0.010000	
06:35:02	0.770000	0.620000	0.610000	0.000000	
06:36:03	0.760000	0.620000	0.610000	0.010000	
06:37:03	0.750000	0.620000	0.610000	0.020000	
06:38:03	0.740000	0.620000	0.610000	0.030000	
06:39:02	0.730000	0.620000	0.610000	0.040000	
06:40:02	0.720000	0.620000	0.610000	0.050000	
06:41:02	0.710000	0.620000	0.610000	0.060000	
06:42:03	0.700000	0.620000	0.610000	0.070000	
06:43:03	0.690000	0.620000	0.610000	0.080000	
06:44:03	0.680000	0.620000	0.610000	0.090000	
06:45:03	0.670000	0.620000	0.610000	0.100000	
06:46:03	0.660000	0.620000	0.610000	0.110000	
06:47:02	0.650000	0.620000	0.610000	0.120000	
06:48:02	0.640000	0.620000	0.610000	0.130000	
06:49:02	0.630000	0.620000	0.610000	0.140000	
06:50:02	0.620000	0.620000	0.610000	0.150000	
06:51:02	0.610000	0.620000	0.610000	0.160000	
06:52:02	0.600000	0.620000	0.610000	0.170000	
06:53:03	0.590000	0.620000	0.610000	0.180000	
06:54:03	0.580000	0.620000	0.610000	0.190000	
06:55:02	0.570000	0.620000	0.610000	0.200000	
06:56:02	0.560000	0.620000	0.610000	0.210000	
06:57:02	0.550000	0.620000	0.610000	0.220000	
06:58:02	0.540000	0.620000	0.610000	0.230000	
06:59:02	0.530000	0.620000	0.610000	0.240000	
06:60:02	0.520000	0.620000	0.610000	0.250000	
07:01:02	0.510000	0.620000	0.610000	0.260000	
07:02:02	0.500000	0.620000	0.610000	0.270000	
07:03:03	0.490000	0.620000	0.610000	0.280000	
07:04:03	0.480000	0.620000	0.610000	0.290000	
07:05:03	0.470000	0.620000	0.610000	0.300000	
07:06:02	0.460000	0.620000	0.610000	0.310000	
07:07:02	0.450000	0.620000	0.610000	0.320000	
07:08:02	0.440000	0.620000	0.610000	0.330000	
07:09:02	0.430000	0.620000	0.610000	0.340000	
07:10:02	0.420000	0.620000	0.610000	0.350000	
07:11:03	0.410000	0.620000	0.610000	0.360000	
07:12:03	0.400000	0.620000	0.610000	0.370000	
07:13:03	0.390000	0.620000	0.610000	0.380000	
07:14:02	0.380000	0.620000	0.610000	0.390000	
07:15:02	0.370000	0.620000	0.610000	0.400000	
07:16:02	0.360000	0.620000	0.610000	0.410000	
07:17:02	0.350000	0.620000	0.610000	0.420000	
07:18:02	0.340000	0.620000	0.610000	0.430000	
07:19:02	0.330000	0.620000	0.610000	0.440000	
07:20:02	0.320000	0.620000	0.610000	0.450000	
07:21:02	0.310000	0.620000	0.610000	0.460000	
07:22:03	0.300000	0.620000	0.610000	0.470000	
07:23:03	0.290000	0.620000	0.610000	0.480000	
07:24:03	0.280000	0.620000	0.610000	0.490000	
07:25:03	0.270000	0.620000	0.610000	0.500000	
07:26:02	0.260000	0.620000	0.610000	0.510000	
07:27:02	0.250000	0.620000	0.610000	0.520000	
07:28:03	0.240000	0.620000	0.610000	0.530000	
07:29:03	0.230000	0.620000	0.610000	0.540000	
07:30:02	0.220000	0.620000	0.610000	0.550000	
07:31:02	0.210000	0.620000	0.610000	0.560000	
07:32:02	0.200000	0.620000	0.610000	0.570000	
07:33:02	0.190000	0.620000	0.610000	0.580000	
07:34:03	0.180000	0.620000	0.610000	0.590000	
07:35:03	0.170000	0.620000	0.610000	0.600000	
07:36:03	0.160000	0.620000	0.610000	0.610000	
07:37:03	0.150000	0.620000	0.610000	0.620000	
07:38:03	0.140000	0.620000	0.610000	0.630000	
07:39:03	0.130000	0.620000	0.610000	0.640000	
07:40:02	0.120000	0.620000	0.610000	0.650000	
07:41:02	0.110000	0.620000	0.610000	0.660000	
07:42:02	0.100000	0.620000	0.610000	0.670000	
07:43:02	0.090000	0.620000	0.610000	0.680000	
07:44:02	0.080000	0.620000	0.610000	0.690000	
07:45:02	0.070000	0.620000	0.610000	0.700000	
07:46:03	0.060000	0.620000	0.610000	0.710000	
07:47:03	0.050000	0.620000	0.610000	0.720000	
07:48:03	0.040000	0.620000	0.610000	0.730000	
07:49:03	0.030000	0.620000	0.610000	0.740000	
07:50:03	0.020000	0.620000	0.610000	0.750000	
07:51:02	0.020000	0.620000	0.610000	0.750000	
07:52:02	0.020000	0.620000	0.610000	0.750000	
07:53:02	0.030000	0.610000	0.610000	0.750000	
07:54:02	0.040000	0.600000	0.610000	0.750000	
07:55:02	0.050000	0.590000	0.610000	0.750000	
07:56:02	0.060000	0.580000	0.610000	0.750000	
07:57:03	0.070000	0.570000	0.610000	0.750000	
07:58:03	0.080000	0.560000	0.610000	0.750000	
07:59:03	0.090000	0.550000	0.610000	0.750000	
07:60:03	0.100000	0.540000	0.610000	0.750000	
08:01:02	0.110000	0.530000	0.610000	0.750000	
08:02:02	0.120000	0.520000	0.610000	0.750000	
08:03:02	0.130000	0.510000	0.610000	0.750000	
08:04:03	0.140000	0.500000	0.610000	0.750000	
08:05:03	0.150000	0.490000	0.610000	0.750000	
08:06:02	0.160000	0.480000	0.610000	0.750000	
08:07:02	0.170000	0.470000	0.610000	0.750000	
08:08:02	0.180000	0.460000	0.610000	0.750000	
08:09:03	0.190000	0.450000	0.610000	0.750000	
08:10:03	0.200000	0.440000	0.610000	0.750000	
08:11:03	0.210000	0.430000	0.610000	0.750000	
08:12:02	0.220000	0.420000	0.610000	0.750000	
08:13:02	0.230000	0.410000	0.610000	0.750000	
08:14:02	0.240000	0.400000	0.610000	0.750000	
08:15:03	0.250000	0.390000	0.610000	0.750000	
08:16:03	0.260000	0.380000	0.610000	0.750000	
08:17:03	0.270000	0.370000	0.610000	0.750000	
08:18:03	0.280000	0.360000	0.610000	0.750000	
08:19:02	0.290000	0.350000	0.610000	0.750000	
08:20:02	0.300000	0.340000	0.610000	0.750000	
08:21:02	0.310000	0.330000	0.610000	0.750000	
08:22:02	0.320000	0.320000	0.610000	0.750000	
08:23:02	0.330000	0.310000	0.610000	0.750000	
08:24:02	0.340000	0.300000	0.610000	0.750000	
08:25:02	0.350000	0.290000	0.610000	0.750000	
08:26:03	0.360000	0.280000	0.610000	0.750000	
08:27:03	0.370000	0.270000	0.610000	0.750000	
08:28:03	0.380000	0.260000	0.610000	0.750000	
08:29:02	0.390000	0.250000	0.610000	0.750000	
08:30:02	0.400000	0.240000	0.610000	0.750000	
08:31:02	0.410000	0.230000	0.610000	0.750000	
08:32:02	0.420000	0.220000	0.610000	0.750000	
08:33:03	0.430000	0.210000	0.610000	0.750000	
08:34:03	0.440000	0.200000	0.610000	0.750000	
08:35:03	0.450000	0.190000	0.610000	0.750000	
08:36:03	0.460000	0.180000	0.610000	0.750000	
08:37:03	0.470000	0.170000	0.610000	0.750000	
08:38:03	0.480000	0.160000	0.610000	0.750000	
08:39:02	0.490000	0.150000	0.610000	0.750000	
08:40:02	0.500000	0.140000	0.610000	0.750000	
08:41:02	0.510000	0.130000	0.610000	0.750000	
08:42:03	0.520000	0.120000	0.610000	0.750000	
08:43:03	0.530000	0.110000	0.610000	0.750000	
08:44:03	0.540000	0.100000	0.610000	0.750000	
08:45:02	0.550000	0.090000	0.610000	0.750000	
08:46:02	0.560000	0.080000	0.610000	0.750000	
08:47:02	0.570000	0.070000	0.610000	0.750000	
08:48:03	0.580000	0.060000	0.610000	0.750000	
08:49:03	0.590000	0.050000	0.610000	0.750000	
08:50:03	0.600000	0.040000	0.610000	0.750000	
08:51:02	0.610000	0.030000	0.610000	0.750000	
08:52:02	0.620000	0.020000	0.610000	0.750000	
08:53:02	0.630000	0.010000	0.610000	0.750000	
08:54:02	0.640000	0.000000	0.610000	0.750000	
08:55:02	0.640000	0.000000	0.610000	0.750000	
08:56:03	0.640000	0.000000	0.610000	0.750000	
08:57:03	0.640000	0.000000	0.610000	0.750000	
08:58:03	0.640000	0.010000	0.600000	0.750000	
08:59:03	0.640000	0.020000	0.590000	0.750000	
08:60:02	0.640000	0.030000	0.580000	0.750000	
09:01:02	0.640000	0.040000	0.570000	0.750000	
09:02:02	0.640000	0.050000	0.560000	0.750000	
09:03:03	0.640000	0.060000	0.550000	0.750000	
09:04:03	0.640000	0.070000	0.540000	0.750000	
09:05:03	0.640000	0.080000	0.530000	0.750000	
09:06:03	0.640000	0.090000	0.520000	0.750000	
09:07:02	0.640000	0.100000	0.510000	0.750000	
09:08:02	0.640000	0.110000	0.500000	0.750000	
09:09:02	0.640000	0.120000	0.490000	0.750000	
09:10:02	0.640000	0.130000	0.480000	0.750000	
09:11:02	0.640000	0.140000	0.470000	0.750000	
09:12:02	0.640000	0.150000	0.460000	0.750000	
09:13:02	0.640000	0.160000	0.450000	0.750000	
09:14:02	0.640000	0.170000	0.440000	0.750000	
09:15:02	0.640000	0.180000	0.430000	0.750000	
09:16:02	0.640000	0.190000	0.420000	0.750000	
09:17:02	0.640000	0.200000	0.410000	0.750000	
09:18:02	0.640000	0.210000	0.400000	0.750000	
09:19:03	0.640000	0.220000	0.390000	0.750000	
09:20:03	0.640000	0.230000	0.380000	0.750000	
09:21:03	0.640000	0.240000	0.370000	0.750000	
09:22:03	0.640000	0.250000	0.360000	0.750000	
09:23:02	0.640000	0.260000	0.350000	0.750000	
09:24:02	0.640000	0.270000	0.340000	0.750000	
09:25:02	0.640000	0.280000	0.330000	0.750000	
09:26:03	0.640000	0.290000	0.320000	0.750000	
09:27:03	0.640000	0.300000	0.310000	0.750000	
09:28:03	0.640000	0.310000	0.300000	0.750000	
09:29:02	0.640000	0.320000	0.290000	0.750000	
09:30:02	0.640000	0.330000	0.280000	0.750000	
09:31:02	0.640000	0.340000	0.270000	0.750000	
09:32:03	0.640000	0.350000	0.260000	0.750000	
09:33:03	0.640000	0.360000	0.250000	0.750000	
09:34:03	0.640000	0.370000	0.240000	0.750000	
09:35:02	0.640000	0.380000	0.230000	0.750000	
09:36:02	0.640000	0.390000	0.220000	0.750000	
09:37:02	0.640000	0.400000	0.210000	0.750000	
09:38:02	0.640000	0.410000	0.200000	0.750000	
09:39:02	0.640000	0.420000	0.190000	0.750000	
09:40:03	0.640000	0.430000	0.180000	0.750000	
09:41:03	0.640000	0.440000	0.170000	0.750000	
09:42:02	0.640000	0.450000	0.160000	0.750000	
09:43:02	0.640000	0.460000	0.150000	0.750000	
09:44:02	0.640000	0.470000	0.140000	0.750000	
09:45:02	0.640000	0.480000	0.130000	0.750000	
09:46:03	0.640000	0.490000	0.120000	0.750000	
09:47:03	0.640000	0.500000	0.110000	0.750000	
09:48:03	0.640000	0.510000	0.100000	0.750000	
09:49:02	0.640000	0.520000	0.090000	0.750000	
09:50:02	0.640000	0.530000	0.080000	0.750000	
09:51:02	0.640000	0.540000	0.070000	0.750000	
09:52:02	0.640000	0.550000	0.060000	0.750000	
09:53:02	0.640000	0.560000	0.050000	0.750000	
09:54:02	0.640000	0.570000	0.040000	0.750000	
09:55:02	0.640000	0.580000	0.030000	0.750000	
09:56:03	0.640000	0.590000	0.020000	0.750000	
09:57:03	0.640000	0.590000	0.020000	0.750000	
09:58:03	0.640000	0.590000	0.020000	0.750000	
09:59:02	0.640000	0.590000	0.030000	0.740000	
09:60:02	0.640000	0.590000	0.040000	0.730000	
10:01:02	0.640000	0.590000	0.050000	0.720000	
10:02:03	0.640000	0.590000	0.060000	0.710000	
10:03:03	0.640000	0.590000	0.070000	0.700000	
10:04:03	0.640000	0.590000	0.080000	0.690000	
10:05:02	0.640000	0.590000	0.090000	0.680000	
10:06:02	0.640000	0.590000	0.100000	0.670000	
10:07:02	0.640000	0.590000	0.110000	0.660000	
10:08:02	0.640000	0.590000	0.120000	0.650000	
10:09:03	0.640000	0.590000	0.130000	0.640000	
10:10:03	0.640000	0.590000	0.140000	0.630000	
10:11:02	0.640000	0.590000	0.150000	0.620000	
10:12:02	0.640000	0.590000	0.160000	0.610000	
10:13:02	0.640000	0.590000	0.170000	0.600000	
10:14:03	0.640000	0.590000	0.180000	0.590000	
10:15:03	0.640000	0.590000	0.190000	0.580000	
10:16:02	0.640000	0.590000	0.200000	0.570000	
10:17:02	0.640000	0.590000	0.210000	0.560000	
10:18:02	0.640000	0.590000	0.220000	0.550000	
10:19:03	0.640000	0.590000	0.230000	0.540000	
10:20:03	0.640000	0.590000	0.240000	0.530000	
10:21:03	0.640000	0.590000	0.250000	0.520000	
10:22:02	0.640000	0.590000	0.260000	0.510000	
10:23:02	0.640000	0.590000	0.270000	0.500000	
10:24:02	0.640000	0.590000	0.280000	0.490000	
10:25:03	0.640000	0.590000	0.290000	0.480000	
10:26:02	0.640000	0.590000	0.300000	0.470000	
10:27:02	0.640000	0.590000	0.310000	0.460000	
10:28:02	0.640000	0.590000	0.320000	0.450000	
10:29:02	0.640000	0.590000	0.330000	0.440000	
10:30:02	0.640000	0.590000	0.340000	0.430000	
10:31:03	0.640000	0.590000	0.350000	0.420000	
10:32:03	0.640000	0.590000	0.360000	0.410000	
10:33:03	0.640000	0.590000	0.370000	0.400000	
10:34:02	0.640000	0.590000	0.380000	0.390000	
10:35:02	0.640000	0.590000	0.390000	0.380000	
10:36:02	0.640000	0.590000	0.400000	0.370000	
10:37:02	0.640000	0.590000	0.410000	0.360000	
10:38:02	0.640000	0.590000	0.420000	0.350000	
10:39:03	0.640000	0.590000	0.430000	0.340000	
10:40:03	0.640000	0.590000	0.440000	0.330000	
10:41:02	0.640000	0.590000	0.450000	0.320000	
10:42:02	0.640000	0.590000	0.460000	0.310000	
10:43:02	0.640000	0.590000	0.470000	0.300000	
10:44:02	0.640000	0.590000	0.480000	0.290000	
10:45:03	0.640000	0.590000	0.490000	0.280000	
10:46:03	0.640000	0.590000	0.500000	0.270000	
10:47:03	0.640000	0.590000	0.510000	0.260000	
10:48:02	0.640000	0.590000	0.520000	0.250000	
10:49:02	0.640000	0.590000	0.530000	0.240000	
10:50:02	0.640000	0.590000	0.540000	0.230000	
10:51:02	0.640000	0.590000	0.550000	0.220000	
10:52:03	0.640000	0.590000	0.560000	0.210000	
10:53:03	0.640000	0.590000	0.570000	0.200000	
10:54:03	0.640000	0.590000	0.580000	0.190000	
10:55:02	0.640000	0.590000	0.590000	0.180000	
10:56:02	0.640000	0.590000	0.600000	0.170000	
10:57:02	0.640000	0.590000	0.610000	0.160000	
10:58:03	0.640000	0.590000	0.620000	0.150000	
10:59:03	0.640000	0.590000	0.630000	0.140000	
10:60:02	0.640000	0.590000	0.640000	0.130000	
11:01:02	0.640000	0.590000	0.650000	0.120000	
11:02:02	0.640000	0.590000	0.660000	0.110000	
11:03:02	0.640000	0.590000	0.670000	0.100000	
11:04:03	0.640000	0.590000	0.680000	0.090000	
11:05:03	0.640000	0.590000	0.690000	0.080000	
11:06:03	0.640000	0.590000	0.700000	0.070000	
11:07:02	0.640000	0.590000	0.710000	0.060000	
11:08:02	0.640000	0.590000	0.720000	0.050000	
11:09:02	0.640000	0.590000	0.730000	0.040000	
11:10:02	0.640000	0.590000	0.740000	0.030000	
11:11:02	0.640000	0.590000	0.750000	0.020000	
11:12:02	0.640000	0.590000	0.760000	0.010000	
11:13:03	0.640000	0.590000	0.760000	0.010000	
11:14:03	0.640000	0.590000	0.760000	0.010000	
11:15:03	0.640000	0.590000	0.760000	0.010000	
11:16:02	0.630000	0.590000	0.760000	0.020000	
11:17:02	0.620000	0.590000	0.760000	0.030000	
11:18:02	0.610000	0.590000	0.760000	0.040000	
11:19:03	0.600000	0.590000	0.760000	0.050000	
11:20:03	0.590000	0.590000	0.760000	0.060000	
11:21:02	0.580000	0.590000	0.760000	0.070000	
11:22:02	0.570000	0.590000	0.760000	0.080000	
11:23:02	0.560000	0.590000	0.760000	0.090000	
11:24:02	0.550000	0.590000	0.760000	0.100000	
11:25:03	0.540000	0.590000	0.760000	0.110000	
11:26:03	0.530000	0.590000	0.760000	0.120000	
11:27:02	0.520000	0.590000	0.760000	0.130000	
11:28:02	0.510000	0.590000	0.760000	0.140000	
11:29:02	0.500000	0.590000	0.760000	0.150000	
11:30:02	0.490000	0.590000	0.760000	0.160000	
11:31:03	0.480000	0.590000	0.760000	0.170000	
11:32:03	0.470000	0.590000	0.760000	0.180000	
11:33:02	0.460000	0.590000	0.760000	0.190000	
11:34:02	0.450000	0.590000	0.760000	0.200000	
11:35:02	0.440000	0.590000	0.760000	0.210000	
11:36:03	0.430000	0.590000	0.760000	0.220000	
11:37:03	0.420000	0.590000	0.760000	0.230000	
11:38:02	0.410000	0.590000	0.760000	0.240000	
11:39:02	0.400000	0.590000	0.760000	0.250000	
11:40:02	0.390000	0.590000	0.760000	0.260000	
11:41:03	0.380000	0.590000	0.760000	0.270000	
11:42:03	0.370000	0.590000	0.760000	0.280000	
11:43:02	0.360000	0.590000	0.760000	0.290000	
11:44:02	0.350000	0.590000	0.760000	0.300000	
11:45:02	0.340000	0.590000	0.760000	0.310000	
11:46:02	0.330000	0.590000	0.760000	0.320000	
11:47:03	0.320000	0.590000	0.760000	0.330000	
11:48:03	0.310000	0.590000	0.760000	0.340000	
11:49:03	0.300000	0.590000	0.760000	0.350000	
11:50:02	0.290000	0.590000	0.760000	0.360000	
11:51:02	0.280000	0.590000	0.760000	0.370000	
11:52:02	0.270000	0.590000	0.760000	0.380000	
11:53:02	0.260000	0.590000	0.760000	0.390000	
11:54:03	0.250000	0.590000	0.760000	0.400000	
11:55:03	0.240000	0.590000	0.760000	0.410000	
11:56:02	0.230000	0.590000	0.760000	0.420000	
11:57:02	0.220000	0.590000	0.760000	0.430000	
11:58:02	0.210000	0.590000	0.760000	0.440000	
11:59:02	0.200000	0.590000	0.760000	0.450000	
11:60:03	0.190000	0.590000	0.760000	0.460000	
12:01:03	0.180000	0.590000	0.760000	0.470000	
12:02:02	0.170000	0.590000	0.760000	0.480000	
12:03:02	0.160000	0.590000	0.760000	0.490000	
12:04:02	0.150000	0.590000	0.760000	0.500000	
12:05:03	0.140000	0.590000	0.760000	0.510000	
12:06:03	0.130000	0.590000	0.760000	0.520000	
12:07:02	0.120000	0.590000	0.760000	0.530000	
12:08:02	0.110000	0.590000	0.760000	0.540000	
12:09:02	0.100000	0.590000	0.760000	0.550000	
12:10:02	0.090000	0.590000	0.760000	0.560000	
12:11:02	0.080000	0.590000	0.760000	0.570000	
12:12:03	0.070000	0.590000	0.760000	0.580000	
12:13:03	0.060000	0.590000	0.760000	0.590000	
12:14:02	0.050000	0.590000	0.760000	0.600000	
12:15:02	0.040000	0.590000	0.760000	0.610000	
12:16:02	0.030000	0.590000	0.760000	0.620000	
12:17:03	0.020000	0.590000	0.760000	0.630000	
12:18:03	0.020000	0.590000	0.760000	0.630000	
12:19:03	0.020000	0.590000	0.760000	0.630000	
12:20:02	0.030000	0.580000	0.760000	0.630000	
12:21:03	0.040000	0.570000	0.760000	0.630000	
12:22:03	0.050000	0.560000	0.760000	0.630000	
12:23:02	0.060000	0.550000	0.760000	0.630000	
12:24:02	0.070000	0.540000	0.760000	0.630000	
12:25:02	0.080000	0.530000	0.760000	0.630000	
12:26:02	0.090000	0.520000	0.760000	0.630000	
12:27:03	0.100000	0.510000	0.760000	0.630000	
12:28:03	0.110000	0.500000	0.760000	0.630000	
12:29:03	0.120000	0.490000	0.760000	0.630000	
12:30:02	0.130000	0.480000	0.760000	0.630000	
12:31:02	0.140000	0.470000	0.760000	0.630000	
12:32:02	0.150000	0.460000	0.760000	0.630000	
12:33:02	0.160000	0.450000	0.760000	0.630000	
12:34:03	0.170000	0.440000	0.760000	0.630000	
12:35:03	0.180000	0.430000	0.760000	0.630000	
12:36:03	0.190000	0.420000	0.760000	0.630000	
12:37:02	0.200000	0.410000	0.760000	0.630000	
12:38:02	0.210000	0.400000	0.760000	0.630000	
12:39:02	0.220000	0.390000	0.760000	0.630000	
12:40:02	0.230000	0.380000	0.760000	0.630000	
12:41:03	0.240000	0.370000	0.760000	0.630000	
12:42:03	0.250000	0.360000	0.760000	0.630000	
12:43:03	0.260000	0.350000	0.760000	0.630000	
12:44:02	0.270000	0.340000	0.760000	0.630000	
12:45:02	0.280000	0.330000	0.760000	0.630000	
12:46:02	0.290000	0.320000	0.760000	0.630000	
12:47:02	0.300000	0.310000	0.760000	0.630000	
12:48:03	0.310000	0.300000	0.760000	0.630000	
12:49:02	0.320000	0.290000	0.760000	0.630000	
12:50:02	0.330000	0.280000	0.760000	0.630000	
12:51:02	0.340000	0.270000	0.760000	0.630000	
12:52:02	0.350000	0.260000	0.760000	0.630000	
12:53:03	0.360000	0.250000	0.760000	0.630000	
12:54:03	0.370000	0.240000	0.760000	0.630000	
12:55:03	0.380000	0.230000	0.760000	0.630000	
12:56:02	0.390000	0.220000	0.760000	0.630000	
12:57:02	0.400000	0.210000	0.760000	0.630000	
12:58:02	0.410000	0.200000	0.760000	0.630000	
12:59:02	0.420000	0.190000	0.760000	0.630000	
12:60:03	0.430000	0.180000	0.760000	0.630000	
13:01:03	0.440000	0.170000	0.760000	0.630000	
13:02:03	0.450000	0.160000	0.760000	0.630000	
13:03:02	0.460000	0.150000	0.760000	0.630000	
13:04:02	0.470000	0.140000	0.760000	0.630000	
13:05:02	0.480000	0.130000	0.760000	0.630000	
13:06:02	0.490000	0.120000	0.760000	0.630000	
13:07:03	0.500000	0.110000	0.760000	0.630000	
13:08:03	0.510000	0.100000	0.760000	0.630000	
13:09:02	0.520000	0.090000	0.760000	0.630000	
13:10:02	0.530000	0.080000	0.760000	0.630000	
13:11:02	0.540000	0.070000	0.760000	0.630000	
13:12:03	0.550000	0.060000	0.760000	0.630000	
13:13:03	0.560000	0.050000	0.760000	0.630000	
13:14:03	0.570000	0.040000	0.760000	0.630000	
13:15:02	0.580000	0.030000	0.760000	0.630000	
13:16:02	0.590000	0.020000	0.760000	0.630000	
13:17:03	0.600000	0.010000	0.760000	0.630000	
13:18:03	0.610000	0.000000	0.760000	0.630000	
13:19:02	0.610000	0.000000	0.760000	0.630000	
13:20:02	0.610000	0.000000	0.760000	0.630000	
13:21:02	0.610000	0.000000	0.760000	0.630000	
13:22:02	0.610000	0.010000	0.750000	0.630000	
13:23:02	0.610000	0.020000	0.740000	0.630000	
13:24:02	0.610000	0.030000	0.730000	0.630000	
13:25:03	0.610000	0.040000	0.720000	0.630000	
13:26:03	0.610000	0.050000	0.710000	0.630000	
13:27:02	0.610000	0.060000	0.700000	0.630000	
13:28:02	0.610000	0.070000	0.690000	0.630000	
13:29:03	0.610000	0.080000	0.680000	0.630000	
13:30:03	0.610000	0.090000	0.670000	0.630000	
13:31:03	0.610000	0.100000	0.660000	0.630000	
13:32:02	0.610000	0.110000	0.650000	0.630000	
13:33:02	0.610000	0.120000	0.640000	0.630000	
13:34:02	0.610000	0.130000	0.630000	0.630000	
13:35:03	0.610000	0.140000	0.620000	0.630000	
13:36:03	0.610000	0.150000	0.610000	0.630000	
13:37:03	0.610000	0.160000	0.600000	0.630000	
13:38:02	0.610000	0.170000	0.590000	0.630000	
13:39:02	0.610000	0.180000	0.580000	0.630000	
13:40:02	0.610000	0.190000	0.570000	0.630000	
13:41:03	0.610000	0.200000	0.560000	0.630000	
13:42:03	0.610000	0.210000	0.550000	0.630000	
13:43:02	0.610000	0.220000	0.540000	0.630000	
13:44:02	0.610000	0.230000	0.530000	0.630000	
13:45:02	0.610000	0.240000	0.520000	0.630000	
13:46:03	0.610000	0.250000	0.510000	0.630000	
13:47:02	0.610000	0.260000	0.500000	0.630000	
13:48:02	0.610000	0.270000	0.490000	0.630000	
13:49:02	0.610000	0.280000	0.480000	0.630000	
13:50:03	0.610000	0.290000	0.470000	0.630000	
13:51:03	0.610000	0.300000	0.460000	0.630000	
13:52:03	0.610000	0.310000	0.450000	0.630000	
13:53:02	0.610000	0.320000	0.440000	0.630000	
13:54:02	0.610000	0.330000	0.430000	0.630000	
13:55:02	0.610000	0.340000	0.420000	0.630000	
13:56:03	0.610000	0.350000	0.410000	0.630000	
13:57:03	0.610000	0.360000	0.400000	0.630000	
13:58:03	0.610000	0.370000	0.390000	0.630000	
13:59:02	0.610000	0.380000	0.380000	0.630000	
13:60:02	0.610000	0.390000	0.370000	0.630000	
14:01:02	0.610000	0.400000	0.360000	0.630000	
14:02:02	0.610000	0.410000	0.350000	0.630000	
14:03:03	0.610000	0.420000	0.340000	0.630000	
14:04:03	0.610000	0.430000	0.330000	0.630000	
14:05:03	0.610000	0.440000	0.320000	0.630000	
14:06:02	0.610000	0.450000	0.310000	0.630000	
14:07:02	0.610000	0.460000	0.300000	0.630000	
14:08:02	0.610000	0.470000	0.290000	0.630000	
14:09:02	0.610000	0.480000	0.280000	0.630000	
14:10:03	0.610000	0.490000	0.270000	0.630000	
14:11:03	0.610000	0.500000	0.260000	0.630000	
14:12:02	0.610000	0.510000	0.250000	0.630000	
14:13:02	0.610000	0.520000	0.240000	0.630000	
14:14:02	0.610000	0.530000	0.230000	0.630000	
14:15:03	0.610000	0.540000	0.220000	0.630000	
14:16:03	0.610000	0.550000	0.210000	0.630000	
14:17:03	0.610000	0.560000	0.200000	0.630000	
14:18:02	0.610000	0.570000	0.190000	0.630000	
14:19:02	0.610000	0.580000	0.180000	0.630000	
14:20:02	0.610000	0.590000	0.170000	0.630000	
14:21:02	0.610000	0.600000	0.160000	0.630000	
14:22:03	0.610000	0.610000	0.150000	0.630000	
14:23:03	0.610000	0.620000	0.140000	0.630000	
14:24:03	0.610000	0.630000	0.130000	0.630000	
14:25:03	0.610000	0.640000	0.120000	0.630000	
14:26:03	0.610000	0.650000	0.110000	0.630000	
14:27:02	0.610000	0.660000	0.100000	0.630000	
14:28:02	0.610000	0.670000	0.090000	0.630000	
14:29:02	0.610000	0.680000	0.080000	0.630000	
14:30:03	0.610000	0.690000	0.070000	0.630000	
14:31:03	0.610000	0.700000	0.060000	0.630000	
14:32:02	0.610000	0.710000	0.050000	0.630000	
14:33:02	0.610000	0.720000	0.040000	0.630000	
14:34:02	0.610000	0.730000	0.030000	0.630000	
14:35:02	0.610000	0.740000	0.020000	0.630000	
14:36:02	0.610000	0.740000	0.020000	0.630000	
14:37:02	0.610000	0.740000	0.020000	0.630000	
14:38:02	0.610000	0.740000	0.030000	0.620000	
14:39:03	0.610000	0.740000	0.040000	0.610000	
14:40:03	0.610000	0.740000	0.050000	0.600000	
14:41:02	0.610000	0.740000	0.060000	0.590000	
14:42:02	0.610000	0.740000	0.070000	0.580000	
14:43:02	0.610000	0.740000	0.080000	0.570000	
14:44:02	0.610000	0.740000	0.090000	0.560000	
14:45:03	0.610000	0.740000	0.100000	0.550000	
14:46:03	0.610000	0.740000	0.110000	0.540000	
14:47:03	0.610000	0.740000	0.120000	0.530000	
14:48:02	0.610000	0.740000	0.130000	0.520000	
14:49:02	0.610000	0.740000	0.140000	0.510000	
14:50:02	0.610000	0.740000	0.150000	0.500000	
14:51:02	0.610000	0.740000	0.160000	0.490000	
14:52:03	0.610000	0.740000	0.170000	0.480000	
14:53:03	0.610000	0.740000	0.180000	0.470000	
14:54:02	0.610000	0.740000	0.190000	0.460000	
14:55:02	0.610000	0.740000	0.200000	0.450000	
14:56:02	0.610000	0.740000	0.210000	0.440000	
14:57:03	0.610000	0.740000	0.220000	0.430000	
14:58:03	0.610000	0.740000	0.230000	0.420000	
14:59:03	0.610000	0.740000	0.240000	0.410000	
14:60:02	0.610000	0.740000	0.250000	0.400000	
15:01:02	0.610000	0.740000	0.260000	0.390000	
15:02:02	0.610000	0.740000	0.270000	0.380000	
15:03:02	0.610000	0.740000	0.280000	0.370000	
15:04:02	0.610000	0.740000	0.290000	0.360000	
15:05:03	0.610000	0.740000	0.300000	0.350000	
15:06:03	0.610000	0.740000	0.310000	0.340000	
15:07:02	0.610000	0.740000	0.320000	0.330000	
15:08:02	0.610000	0.740000	0.330000	0.320000	
15:09:02	0.610000	0.740000	0.340000	0.310000	
15:10:02	0.610000	0.740000	0.350000	0.300000	
15:11:03	0.610000	0.740000	0.360000	0.290000	
15:12:03	0.610000	0.740000	0.370000	0.280000	
15:13:03	0.610000	0.740000	0.380000	0.270000	
15:14:02	0.610000	0.740000	0.390000	0.260000	
15:15:02	0.610000	0.740000	0.400000	0.250000	
15:16:02	0.610000	0.740000	0.410000	0.240000	
15:17:02	0.610000	0.740000	0.420000	0.230000	
15:18:03	0.610000	0.740000	0.430000	0.220000	
15:19:03	0.610000	0.740000	0.440000	0.210000	
15:20:02	0.610000	0.740000	0.450000	0.200000	
15:21:02	0.610000	0.740000	0.460000	0.190000	
15:22:02	0.610000	0.740000	0.470000	0.180000	
15:23:03	0.610000	0.740000	0.480000	0.170000	
15:24:03	0.610000	0.740000	0.490000	0.160000	
15:25:02	0.610000	0.740000	0.500000	0.150000	
15:26:02	0.610000	0.740000	0.510000	0.140000	
15:27:03	0.610000	0.740000	0.520000	0.130000	
15:28:03	0.610000	0.740000	0.530000	0.120000	
15:29:03	0.610000	0.740000	0.540000	0.110000	
15:30:03	0.610000	0.740000	0.550000	0.100000	
15:31:02	0.610000	0.740000	0.560000	0.090000	
15:32:02	0.610000	0.740000	0.570000	0.080000	
15:33:02	0.610000	0.740000	0.580000	0.070000	
15:34:02	0.610000	0.740000	0.590000	0.060000	
15:35:03	0.610000	0.740000	0.600000	0.050000	
15:36:03	0.610000	0.740000	0.610000	0.040000	
15:37:03	0.610000	0.740000	0.620000	0.030000	
15:38:02	0.610000	0.740000	0.630000	0.020000	
15:39:02	0.610000	0.740000	0.640000	0.010000	
15:40:02	0.610000	0.740000	0.640000	0.010000	
15:41:02	0.610000	0.740000	0.640000	0.010000	
15:42:03	0.610000	0.740000	0.640000	0.010000	
15:43:03	0.600000	0.740000	0.640000	0.020000	
15:44:03	0.590000	0.740000	0.640000	0.030000	
15:45:03	0.580000	0.740000	0.640000	0.040000	
15:46:02	0.570000	0.740000	0.640000	0.050000	
15:47:02	0.560000	0.740000	0.640000	0.060000	
15:48:02	0.550000	0.740000	0.640000	0.070000	
15:49:03	0.540000	0.740000	0.640000	0.080000	
15:50:03	0.530000	0.740000	0.640000	0.090000	
15:51:02	0.520000	0.740000	0.640000	0.100000	
15:52:03	0.510000	0.740000	0.640000	0.110000	
15:53:02	0.500000	0.740000	0.640000	0.120000	
15:54:02	0.490000	0.740000	0.640000	0.130000	
15:55:02	0.480000	0.740000	0.640000	0.140000	
15:56:02	0.470000	0.740000	0.640000	0.150000	
15:57:03	0.460000	0.740000	0.640000	0.160000	
15:58:02	0.450000	0.740000	0.640000	0.170000	
15:59:02	0.440000	0.740000	0.640000	0.180000	
15:60:02	0.430000	0.740000	0.640000	0.190000	
16:01:02	0.420000	0.740000	0.640000	0.200000	
16:02:03	0.410000	0.740000	0.640000	0.210000	
16:03:03	0.400000	0.740000	0.640000	0.220000	
16:04:02	0.390000	0.740000	0.640000	0.230000	
16:05:02	0.380000	0.740000	0.640000	0.240000	
16:06:02	0.370000	0.740000	0.640000	0.250000	
16:07:02	0.360000	0.740000	0.640000	0.260000	
16:08:03	0.350000	0.740000	0.640000	0.270000	
16:09:03	0.340000	0.740000	0.640000	0.280000	
16:10:03	0.330000	0.740000	0.640000	0.290000	
16:11:02	0.320000	0.740000	0.640000	0.300000	
16:12:02	0.310000	0.740000	0.640000	0.310000	
16:13:02	0.300000	0.740000	0.640000	0.320000	
16:14:03	0.290000	0.740000	0.640000	0.330000	
16:15:03	0.280000	0.740000	0.640000	0.340000	
16:16:03	0.270000	0.740000	0.640000	0.350000	
16:17:02	0.260000	0.740000	0.640000	0.360000	
16:18:02	0.250000	0.740000	0.640000	0.370000	
16:19:02	0.240000	0.740000	0.640000	0.380000	
16:20:02	0.230000	0.740000	0.640000	0.390000	
16:21:03	0.220000	0.740000	0.640000	0.400000	
16:22:03	0.210000	0.740000	0.640000	0.410000	
16:23:03	0.200000	0.740000	0.640000	0.420000	
16:24:02	0.190000	0.740000	0.640000	0.430000	
16:25:02	0.180000	0.740000	0.640000	0.440000	
16:26:02	0.170000	0.740000	0.640000	0.450000	
16:27:03	0.160000	0.740000	0.640000	0.460000	
16:28:03	0.150000	0.740000	0.640000	0.470000	
16:29:03	0.140000	0.740000	0.640000	0.480000	
16:30:02	0.130000	0.740000	0.640000	0.490000	
16:31:02	0.120000	0.740000	0.640000	0.500000	
16:32:02	0.110000	0.740000	0.640000	0.510000	
16:33:02	0.100000	0.740000	0.640000	0.520000	
16:34:02	0.090000	0.740000	0.640000	0.530000	
16:35:03	0.080000	0.740000	0.640000	0.540000	
16:36:03	0.070000	0.740000	0.640000	0.550000	
16:37:03	0.060000	0.740000	0.640000	0.560000	
16:38:02	0.050000	0.740000	0.640000	0.570000	
16:39:02	0.040000	0.740000	0.640000	0.580000	
16:40:02	0.030000	0.740000	0.640000	0.590000	
16:41:03	0.020000	0.740000	0.640000	0.600000	
16:42:03	0.020000	0.740000	0.640000	0.600000	
16:43:02	0.020000	0.740000	0.640000	0.600000	
16:44:02	0.030000	0.730000	0.640000	0.600000	
16:45:02	0.040000	0.720000	0.640000	0.600000	
16:46:02	0.050000	0.710000	0.640000	0.600000	
16:47:02	0.060000	0.700000	0.640000	0.600000	
16:48:03	0.070000	0.690000	0.640000	0.600000	
16:49:03	0.080000	0.680000	0.640000	0.600000	
16:50:03	0.090000	0.670000	0.640000	0.600000	
16:51:02	0.100000	0.660000	0.640000	0.600000	
16:52:02	0.110000	0.650000	0.640000	0.600000	
16:53:02	0.120000	0.640000	0.640000	0.600000	
16:54:02	0.130000	0.630000	0.640000	0.600000	
16:55:03	0.140000	0.620000	0.640000	0.600000	
16:56:03	0.150000	0.610000	0.640000	0.600000	
16:57:03	0.160000	0.600000	0.640000	0.600000	
16:58:02	0.170000	0.590000	0.640000	0.600000	
16:59:02	0.180000	0.580000	0.640000	0.600000	
16:60:02	0.190000	0.570000	0.640000	0.600000	
17:01:02	0.200000	0.560000	0.640000	0.600000	
17:02:03	0.210000	0.550000	0.640000	0.600000	
17:03:03	0.220000	0.540000	0.640000	0.600000	
17:04:02	0.230000	0.530000	0.640000	0.600000	
17:05:02	0.240000	0.520000	0.640000	0.600000	
17:06:02	0.250000	0.510000	0.640000	0.600000	
17:07:02	0.260000	0.500000	0.640000	0.600000	
17:08:03	0.270000	0.490000	0.640000	0.600000	
17:09:03	0.280000	0.480000	0.640000	0.600000	
17:10:03	0.290000	0.470000	0.640000	0.600000	
17:11:02	0.300000	0.460000	0.640000	0.600000	
17:12:02	0.310000	0.450000	0.640000	0.600000	
17:13:02	0.320000	0.440000	0.640000	0.600000	
17:14:03	0.330000	0.430000	0.640000	0.600000	
17:15:03	0.340000	0.420000	0.640000	0.600000	
17:16:02	0.350000	0.410000	0.640000	0.600000	
17:17:02	0.360000	0.400000	0.640000	0.600000	
17:18:02	0.370000	0.390000	0.640000	0.600000	
17:19:02	0.380000	0.380000	0.640000	0.600000	
17:20:03	0.390000	0.370000	0.640000	0.600000	
17:21:03	0.400000	0.360000	0.640000	0.600000	
17:22:03	0.410000	0.350000	0.640000	0.600000	
17:23:02	0.420000	0.340000	0.640000	0.600000	
17:24:02	0.430000	0.330000	0.640000	0.600000	
17:25:02	0.440000	0.320000	0.640000	0.600000	
17:26:03	0.450000	0.310000	0.640000	0.600000	
17:27:03	0.460000	0.300000	0.640000	0.600000	
17:28:03	0.470000	0.290000	0.640000	0.600000	
17:29:02	0.480000	0.280000	0.640000	0.600000	
17:30:02	0.490000	0.270000	0.640000	0.600000	
17:31:02	0.500000	0.260000	0.640000	0.600000	
17:32:03	0.510000	0.250000	0.640000	0.600000	
17:33:03	0.520000	0.240000	0.640000	0.600000	
17:34:03	0.530000	0.230000	0.640000	0.600000	
17:35:03	0.540000	0.220000	0.640000	0.600000	
17:36:02	0.550000	0.210000	0.640000	0.600000	
17:37:02	0.560000	0.200000	0.640000	0.600000	
17:38:02	0.570000	0.190000	0.640000	0.600000	
17:39:03	0.580000	0.180000	0.640000	0.600000	
17:40:03	0.590000	0.170000	0.640000	0.600000	
17:41:02	0.600000	0.160000	0.640000	0.600000	
17:42:02	0.610000	0.150000	0.640000	0.600000	
17:43:03	0.620000	0.140000	0.640000	0.600000	
17:44:03	0.630000	0.130000	0.640000	0.600000	
17:45:03	0.640000	0.120000	0.640000	0.600000	
17:46:02	0.650000	0.110000	0.640000	0.600000	
17:47:02	0.660000	0.100000	0.640000	0.600000	
17:48:02	0.670000	0.090000	0.640000	0.600000	
17:49:02	0.680000	0.080000	0.640000	0.600000	
17:50:03	0.690000	0.070000	0.640000	0.600000	
17:51:02	0.700000	0.060000	0.640000	0.600000	
17:52:02	0.710000	0.050000	0.640000	0.600000	
17:53:02	0.720000	0.040000	0.640000	0.600000	
17:54:02	0.730000	0.030000	0.640000	0.600000	
17:55:02	0.740000	0.020000	0.640000	0.600000	
17:56:02	0.750000	0.010000	0.640000	0.600000	
17:57:02	0.760000	0.000000	0.640000	0.600000	
17:58:03	0.760000	0.000000	0.640000	0.600000	
17:59:03	0.760000	0.000000	0.640000	0.600000	
17:60:03	0.760000	0.000000	0.640000	0.600000	
18:01:02	0.760000	0.010000	0.630000	0.600000	
18:02:02	0.760000	0.020000	0.620000	0.600000	
18:03:02	0.760000	0.030000	0.610000	0.600000	
18:04:03	0.760000	0.040000	0.600000	0.600000	
18:05:03	0.760000	0.050000	0.590000	0.600000	
18:06:03	0.760000	0.060000	0.580000	0.600000	
18:07:02	0.760000	0.070000	0.570000	0.600000	
18:08:02	0.760000	0.080000	0.560000	0.600000	
18:09:02	0.760000	0.090000	0.550000	0.600000	
18:10:02	0.760000	0.100000	0.540000	0.600000	
18:11:03	0.760000	0.110000	0.530000	0.600000	
18:12:02	0.760000	0.120000	0.520000	0.600000	
18:13:02	0.760000	0.130000	0.510000	0.600000	
18:14:02	0.760000	0.140000	0.500000	0.600000	
18:15:03	0.760000	0.150000	0.490000	0.600000	
18:16:03	0.760000	0.160000	0.480000	0.600000	
18:17:03	0.760000	0.170000	0.470000	0.600000	
18:18:02	0.760000	0.180000	0.460000	0.600000	
18:19:02	0.760000	0.190000	0.450000	0.600000	
18:20:02	0.760000	0.200000	0.440000	0.600000	
18:21:03	0.760000	0.210000	0.430000	0.600000	
18:22:03	0.760000	0.220000	0.420000	0.600000	
18:23:02	0.760000	0.230000	0.410000	0.600000	
18:24:02	0.760000	0.240000	0.400000	0.600000	
18:25:03	0.760000	0.250000	0.390000	0.600000	
18:26:03	0.760000	0.260000	0.380000	0.600000	
18:27:03	0.760000	0.270000	0.370000	0.600000	
18:28:02	0.760000	0.280000	0.360000	0.600000	
18:29:02	0.760000	0.290000	0.350000	0.600000	
18:30:02	0.760000	0.300000	0.340000	0.600000	
18:31:03	0.760000	0.310000	0.330000	0.600000	
18:32:03	0.760000	0.320000	0.320000	0.600000	
18:33:03	0.760000	0.330000	0.310000	0.600000	
18:34:02	0.760000	0.340000	0.300000	0.600000	
18:35:02	0.760000	0.350000	0.290000	0.600000	
18:36:02	0.760000	0.360000	0.280000	0.600000	
18:37:02	0.760000	0.370000	0.270000	0.600000	
18:38:02	0.760000	0.380000	0.260000	0.600000	
18:39:03	0.760000	0.390000	0.250000	0.600000	
18:40:03	0.760000	0.400000	0.240000	0.600000	
18:41:03	0.760000	0.410000	0.230000	0.600000	
18:42:02	0.760000	0.420000	0.220000	0.600000	
18:43:02	0.760000	0.430000	0.210000	0.600000	
18:44:02	0.760000	0.440000	0.200000	0.600000	
18:45:02	0.760000	0.450000	0.190000	0.600000	
18:46:02	0.760000	0.460000	0.180000	0.600000	
18:47:03	0.760000	0.470000	0.170000	0.600000	
18:48:03	0.760000	0.480000	0.160000	0.600000	
18:49:03	0.760000	0.490000	0.150000	0.600000	
18:50:03	0.760000	0.500000	0.140000	0.600000	
18:51:02	0.760000	0.510000	0.130000	0.600000	
18:52:02	0.760000	0.520000	0.120000	0.600000	
18:53:02	0.760000	0.530000	0.110000	0.600000	
18:54:02	0.760000	0.540000	0.100000	0.600000	
18:55:03	0.760000	0.550000	0.090000	0.600000	
18:56:03	0.760000	0.560000	0.080000	0.600000	
18:57:03	0.760000	0.570000	0.070000	0.600000	
18:58:02	0.760000	0.580000	0.060000	0.600000	
18:59:02	0.760000	0.590000	0.050000	0.600000	
18:60:02	0.760000	0.600000	0.040000	0.600000	
19:01:02	0.760000	0.610000	0.030000	0.600000	
19:02:03	0.760000	0.620000	0.020000	0.600000	
19:03:03	0.760000	0.620000	0.020000	0.600000	
19:04:03	0.760000	0.620000	0.020000	0.600000	
19:05:02	0.760000	0.620000	0.030000	0.590000	
19:06:02	0.760000	0.620000	0.040000	0.580000	
19:07:02	0.760000	0.620000	0.050000	0.570000	
19:08:02	0.760000	0.620000	0.060000	0.560000	
19:09:03	0.760000	0.620000	0.070000	0.550000	
19:10:03	0.760000	0.620000	0.080000	0.540000	
19:11:02	0.760000	0.620000	0.090000	0.530000	
19:12:02	0.760000	0.620000	0.100000	0.520000	
19:13:02	0.760000	0.620000	0.110000	0.510000	
19:14:02	0.760000	0.620000	0.120000	0.500000	
19:15:03	0.760000	0.620000	0.130000	0.490000	
19:16:03	0.760000	0.620000	0.140000	0.480000	
19:17:03	0.760000	0.620000	0.150000	0.470000	
19:18:02	0.760000	0.620000	0.160000	0.460000	
19:19:02	0.760000	0.620000	0.170000	0.450000	
19:20:02	0.760000	0.620000	0.180000	0.440000	
19:21:02	0.760000	0.620000	0.190000	0.430000	
19:22:02	0.760000	0.620000	0.200000	0.420000	
19:23:02	0.760000	0.620000	0.210000	0.410000	
19:24:03	0.760000	0.620000	0.220000	0.400000	
19:25:03	0.760000	0.620000	0.230000	0.390000	
19:26:03	0.760000	0.620000	0.240000	0.380000	
19:27:02	0.760000	0.620000	0.250000	0.370000	
19:28:02	0.760000	0.620000	0.260000	0.360000	
19:29:02	0.760000	0.620000	0.270000	0.350000	
19:30:03	0.760000	0.620000	0.280000	0.340000	
19:31:03	0.760000	0.620000	0.290000	0.330000	
19:32:02	0.760000	0.620000	0.300000	0.320000	
19:33:02	0.760000	0.620000	0.310000	0.310000	
19:34:02	0.760000	0.620000	0.320000	0.300000	
19:35:02	0.760000	0.620000	0.330000	0.290000	
19:36:02	0.760000	0.620000	0.340000	0.280000	
19:37:03	0.760000	0.620000	0.350000	0.270000	
19:38:03	0.760000	0.620000	0.360000	0.260000	
19:39:03	0.760000	0.620000	0.370000	0.250000	
19:40:03	0.760000	0.620000	0.380000	0.240000	
19:41:02	0.760000	0.620000	0.390000	0.230000	
19:42:02	0.760000	0.620000	0.400000	0.220000	
19:43:02	0.760000	0.620000	0.410000	0.210000	
19:44:02	0.760000	0.620000	0.420000	0.200000	
19:45:02	0.760000	0.620000	0.430000	0.190000	
19:46:03	0.760000	0.620000	0.440000	0.180000	
19:47:03	0.760000	0.620000	0.450000	0.170000	
19:48:02	0.760000	0.620000	0.460000	0.160000	
19:49:02	0.760000	0.620000	0.470000	0.150000	
19:50:02	0.760000	0.620000	0.480000	0.140000	
19:51:02	0.760000	0.620000	0.490000	0.130000	
19:52:03	0.760000	0.620000	0.500000	0.120000	
19:53:03	0.760000	0.620000	0.510000	0.110000	
19:54:03	0.760000	0.620000	0.520000	0.100000	
19:55:02	0.760000	0.620000	0.530000	0.090000	
19:56:02	0.760000	0.620000	0.540000	0.080000	
19:57:03	0.760000	0.620000	0.550000	0.070000	
19:58:03	0.760000	0.620000	0.560000	0.060000	
19:59:02	0.760000	0.620000	0.570000	0.050000	
19:60:02	0.760000	0.620000	0.580000	0.040000	
20:01:02	0.760000	0.620000	0.590000	0.030000	
20:02:02	0.760000	0.620000	0.600000	0.020000	
20:03:03	0.760000	0.620000	0.610000	0.010000	
20:04:03	0.760000	0.620000	0.610000	0.010000	
20:05:03	0.760000	0.620000	0.610000	0.010000	
20:06:02	0.760000	0.620000	0.610000	0.010000	
20:07:02	0.750000	0.620000	0.610000	0.020000	
20:08:02	0.740000	0.620000	0.610000	0.030000	
20:09:03	0.730000	0.620000	0.610000	0.040000	
20:10:03	0.720000	0.620000	0.610000	0.050000	
20:11:02	0.710000	0.620000	0.610000	0.060000	
20:12:02	0.700000	0.620000	0.610000	0.070000	
20:13:02	0.690000	0.620000	0.610000	0.080000	
20:14:03	0.680000	0.620000	0.610000	0.090000	
20:15:03	0.670000	0.620000	0.610000	0.100000	
20:16:03	0.660000	0.620000	0.610000	0.110000	
20:17:02	0.650000	0.620000	0.610000	0.120000	
20:18:02	0.640000	0.620000	0.610000	0.130000	
20:19:02	0.630000	0.620000	0.610000	0.140000	
20:20:03	0.620000	0.620000	0.610000	0.150000	
20:21:03	0.610000	0.620000	0.610000	0.160000	
20:22:03	0.600000	0.620000	0.610000	0.170000	
20:23:02	0.590000	0.620000	0.610000	0.180000	
20:24:02	0.580000	0.620000	0.610000	0.190000	
20:25:02	0.570000	0.620000	0.610000	0.200000	
20:26:02	0.560000	0.620000	0.610000	0.210000	
20:27:03	0.550000	0.620000	0.610000	0.220000	
20:28:03	0.540000	0.620000	0.610000	0.230000	
20:29:02	0.530000	0.620000	0.610000	0.240000	
20:30:02	0.520000	0.620000	0.610000	0.250000	
20:31:02	0.510000	0.620000	0.610000	0.260000	
20:32:03	0.500000	0.620000	0.610000	0.270000	
20:33:03	0.490000	0.620000	0.610000	0.280000	
20:34:03	0.480000	0.620000	0.610000	0.290000	
20:35:02	0.470000	0.620000	0.610000	0.300000	
20:36:02	0.460000	0.620000	0.610000	0.310000	
20:37:02	0.450000	0.620000	0.610000	0.320000	
20:38:02	0.440000	0.620000	0.610000	0.330000	
20:39:03	0.430000	0.620000	0.610000	0.340000	
20:40:03	0.420000	0.620000	0.610000	0.350000	
20:41:02	0.410000	0.620000	0.610000	0.360000	
20:42:02	0.400000	0.620000	0.610000	0.370000	
20:43:02	0.390000	0.620000	0.610000	0.380000	
20:44:03	0.380000	0.620000	0.610000	0.390000	
20:45:03	0.370000	0.620000	0.610000	0.400000	
20:46:03	0.360000	0.620000	0.610000	0.410000	
20:47:02	0.350000	0.620000	0.610000	0.420000	
20:48:02	0.340000	0.620000	0.610000	0.430000	
20:49:02	0.330000	0.620000	0.610000	0.440000	
20:50:03	0.320000	0.620000	0.610000	0.450000	
20:51:03	0.310000	0.620000	0.610000	0.460000	
20:52:03	0.300000	0.620000	0.610000	0.470000	
20:53:02	0.290000	0.620000	0.610000	0.480000	
20:54:02	0.280000	0.620000	0.610000	0.490000	
20:55:02	0.270000	0.620000	0.610000	0.500000	
20:56:02	0.260000	0.620000	0.610000	0.510000	
20:57:03	0.250000	0.620000	0.610000	0.520000	
20:58:03	0.240000	0.620000	0.610000	0.530000	
20:59:03	0.230000	0.620000	0.610000	0.540000	
20:60:03	0.220000	0.620000	0.610000	0.550000	
21:01:02	0.210000	0.620000	0.610000	0.560000	
21:02:02	0.200000	0.620000	0.610000	0.570000	
21:03:02	0.190000	0.620000	0.610000	0.580000	
21:04:02	0.180000	0.620000	0.610000	0.590000	
21:05:03	0.170000	0.620000	0.610000	0.600000	
21:06:03	0.160000	0.620000	0.610000	0.610000	
21:07:03	0.150000	0.620000	0.610000	0.620000	
21:08:02	0.140000	0.620000	0.610000	0.630000	
21:09:02	0.130000	0.620000	0.610000	0.640000	
21:10:02	0.120000	0.620000	0.610000	0.650000	
21:11:02	0.110000	0.620000	0.610000	0.660000	
21:12:03	0.100000	0.620000	0.610000	0.670000	
21:13:03	0.090000	0.620000	0.610000	0.680000	
21:14:02	0.080000	0.620000	0.610000	0.690000	
21:15:02	0.070000	0.620000	0.610000	0.700000	
21:16:02	0.060000	0.620000	0.610000	0.710000	
21:17:02	0.050000	0.620000	0.610000	0.720000	
21:18:03	0.040000	0.620000	0.610000	0.730000	
21:19:03	0.030000	0.620000	0.610000	0.740000	
21:20:03	0.020000	0.620000	0.610000	0.750000	
21:21:03	0.020000	0.620000	0.610000	0.750000	
21:22:02	0.020000	0.620000	0.610000	0.750000	
21:23:02	0.030000	0.610000	0.610000	0.750000	
21:24:02	0.040000	0.600000	0.610000	0.750000	
21:25:02	0.050000	0.590000	0.610000	0.750000	
21:26:03	0.060000	0.580000	0.610000	0.750000	
21:27:03	0.070000	0.570000	0.610000	0.750000	
21:28:02	0.080000	0.560000	0.610000	0.750000	
21:29:02	0.090000	0.550000	0.610000	0.750000	
21:30:02	0.100000	0.540000	0.610000	0.750000	
21:31:03	0.110000	0.530000	0.610000	0.750000	
21:32:03	0.120000	0.520000	0.610000	0.750000	
21:33:03	0.130000	0.510000	0.610000	0.750000	
21:34:02	0.140000	0.500000	0.610000	0.750000	
21:35:02	0.150000	0.490000	0.610000	0.750000	
21:36:02	0.160000	0.480000	0.610000	0.750000	
21:37:02	0.170000	0.470000	0.610000	0.750000	
21:38:03	0.180000	0.460000	0.610000	0.750000	
21:39:03	0.190000	0.450000	0.610000	0.750000	
21:40:03	0.200000	0.440000	0.610000	0.750000	
21:41:02	0.210000	0.430000	0.610000	0.750000	
21:42:02	0.220000	0.420000	0.610000	0.750000	
21:43:02	0.230000	0.410000	0.610000	0.750000	
21:44:03	0.240000	0.400000	0.610000	0.750000	
21:45:03	0.250000	0.390000	0.610000	0.750000	
21:46:03	0.260000	0.380000	0.610000	0.750000	
21:47:03	0.270000	0.370000	0.610000	0.750000	
21:48:03	0.280000	0.360000	0.610000	0.750000	
21:49:02	0.290000	0.350000	0.610000	0.750000	
21:50:02	0.300000	0.340000	0.610000	0.750000	
21:51:02	0.310000	0.330000	0.610000	0.750000	
21:52:02	0.320000	0.320000	0.610000	0.750000	
21:53:03	0.330000	0.310000	0.610000	0.750000	
21:54:03	0.340000	0.300000	0.610000	0.750000	
21:55:03	0.350000	0.290000	0.610000	0.750000	
21:56:02	0.360000	0.280000	0.610000	0.750000	
21:57:02	0.370000	0.270000	0.610000	0.750000	
21:58:02	0.380000	0.260000	0.610000	0.750000	
21:59:02	0.390000	0.250000	0.610000	0.750000	
21:60:03	0.400000	0.240000	0.610000	0.750000	
22:01:03	0.410000	0.230000	0.610000	0.750000	
22:02:02	0.420000	0.220000	0.610000	0.750000	
22:03:02	0.430000	0.210000	0.610000	0.750000	
22:04:02	0.440000	0.200000	0.610000	0.750000	
22:05:02	0.450000	0.190000	0.610000	0.750000	
22:06:03	0.460000	0.180000	0.610000	0.750000	
22:07:03	0.470000	0.170000	0.610000	0.750000	
22:08:03	0.480000	0.160000	0.610000	0.750000	
22:09:02	0.490000	0.150000	0.610000	0.750000	
22:10:02	0.500000	0.140000	0.610000	0.750000	
22:11:02	0.510000	0.130000	0.610000	0.750000	
22:12:03	0.520000	0.120000	0.610000	0.750000	
22:13:03	0.530000	0.110000	0.610000	0.750000	
22:14:02	0.540000	0.100000	0.610000	0.750000	
22:15:02	0.550000	0.090000	0.610000	0.750000	
22:16:02	0.560000	0.080000	0.610000	0.750000	
22:17:02	0.570000	0.070000	0.610000	0.750000	
22:18:03	0.580000	0.060000	0.610000	0.750000	
22:19:03	0.590000	0.050000	0.610000	0.750000	
22:20:03	0.600000	0.040000	0.610000	0.750000	
22:21:03	0.610000	0.030000	0.610000	0.750000	
22:22:02	0.620000	0.020000	0.610000	0.750000	
22:23:02	0.630000	0.010000	0.610000	0.750000	
22:24:02	0.640000	0.000000	0.610000	0.750000	
22:25:02	0.640000	0.000000	0.610000	0.750000	
22:26:02	0.640000	0.000000	0.610000	0.750000	
22:27:03	0.640000	0.000000	0.610000	0.750000	
22:28:03	0.640000	0.010000	0.600000	0.750000	
22:29:02	0.640000	0.020000	0.590000	0.750000	
22:30:02	0.640000	0.030000	0.580000	0.750000	
22:31:02	0.640000	0.040000	0.570000	0.750000	
22:32:03	0.640000	0.050000	0.560000	0.750000	
22:33:03	0.640000	0.060000	0.550000	0.750000	
22:34:03	0.640000	0.070000	0.540000	0.750000	
22:35:02	0.640000	0.080000	0.530000	0.750000	
22:36:02	0.640000	0.090000	0.520000	0.750000	
22:37:02	0.640000	0.100000	0.510000	0.750000	
22:38:02	0.640000	0.110000	0.500000	0.750000	
22:39:02	0.640000	0.120000	0.490000	0.750000	
22:40:03	0.640000	0.130000	0.480000	0.750000	
22:41:03	0.640000	0.140000	0.470000	0.750000	
22:42:02	0.640000	0.150000	0.460000	0.750000	
22:43:02	0.640000	0.160000	0.450000	0.750000	
22:44:02	0.640000	0.170000	0.440000	0.750000	
22:45:03	0.640000	0.180000	0.430000	0.750000	
22:46:03	0.640000	0.190000	0.420000	0.750000	
22:47:03	0.640000	0.200000	0.410000	0.750000	
22:48:03	0.640000	0.210000	0.400000	0.750000	
22:49:02	0.640000	0.220000	0.390000	0.750000	
22:50:02	0.640000	0.230000	0.380000	0.750000	
22:51:02	0.640000	0.240000	0.370000	0.750000	
22:52:02	0.640000	0.250000	0.360000	0.750000	
22:53:02	0.640000	0.260000	0.350000	0.750000	
22:54:02	0.640000	0.270000	0.340000	0.750000	
22:55:02	0.640000	0.280000	0.330000	0.750000	
22:56:03	0.640000	0.290000	0.320000	0.750000	
22:57:02	0.640000	0.300000	0.310000	0.750000	
22:58:02	0.640000	0.310000	0.300000	0.750000	
22:59:02	0.640000	0.320000	0.290000	0.750000	
22:60:03	0.640000	0.330000	0.280000	0.750000	
23:01:03	0.640000	0.340000	0.270000	0.750000	
23:02:03	0.640000	0.350000	0.260000	0.750000	
23:03:03	0.640000	0.360000	0.250000	0.750000	
23:04:02	0.640000	0.370000	0.240000	0.750000	
23:05:02	0.640000	0.380000	0.230000	0.750000	
23:06:02	0.640000	0.390000	0.220000	0.750000	
23:07:02	0.640000	0.400000	0.210000	0.750000	
23:08:02	0.640000	0.410000	0.200000	0.750000	
23:09:03	0.640000	0.420000	0.190000	0.750000	
23:10:03	0.640000	0.430000	0.180000	0.750000	
23:11:03	0.640000	0.440000	0.170000	0.750000	
23:12:03	0.640000	0.450000	0.160000	0.750000	
23:13:02	0.640000	0.460000	0.150000	0.750000	
23:14:02	0.640000	0.470000	0.140000	0.750000	
23:15:02	0.640000	0.480000	0.130000	0.750000	
23:16:03	0.640000	0.490000	0.120000	0.750000	
23:17:03	0.640000	0.500000	0.110000	0.750000	
23:18:03	0.640000	0.510000	0.100000	0.750000	
23:19:02	0.640000	0.520000	0.090000	0.750000	
23:20:02	0.640000	0.530000	0.080000	0.750000	
23:21:02	0.640000	0.540000	0.070000	0.750000	
23:22:03	0.640000	0.550000	0.060000	0.750000	
23:23:03	0.640000	0.560000	0.050000	0.750000	
23:24:03	0.640000	0.570000	0.040000	0.750000	
23:25:02	0.640000	0.580000	0.030000	0.750000	
23:26:02	0.640000	0.590000	0.020000	0.750000	
23:27:02	0.640000	0.590000	0.020000	0.750000	
23:28:03	0.640000	0.590000	0.020000	0.750000	
23:29:03	0.640000	0.590000	0.030000	0.740000	
23:30:02	0.640000	0.590000	0.040000	0.730000	
23:31:02	0.640000	0.590000	0.050000	0.720000	
23:32:02	0.640000	0.590000	0.060000	0.710000	
23:33:03	0.640000	0.590000	0.070000	0.700000	
23:34:03	0.640000	0.590000	0.080000	0.690000	
23:35:02	0.640000	0.590000	0.090000	0.680000	
23:36:02	0.640000	0.590000	0.100000	0.670000	
23:37:02	0.640000	0.590000	0.110000	0.660000	
23:38:02	0.640000	0.590000	0.120000	0.650000	
23:39:02	0.640000	0.590000	0.130000	0.640000	
23:40:03	0.640000	0.590000	0.140000	0.630000	
23:41:02	0.640000	0.590000	0.150000	0.620000	
23:42:02	0.640000	0.590000	0.160000	0.610000	
23:43:02	0.640000	0.590000	0.170000	0.600000	
23:44:03	0.640000	0.590000	0.180000	0.590000	
23:45:03	0.640000	0.590000	0.190000	0.580000	
23:46:03	0.640000	0.590000	0.200000	0.570000	
23:47:02	0.640000	0.590000	0.210000	0.560000	
23:48:02	0.640000	0.590000	0.220000	0.550000	
23:49:02	0.640000	0.590000	0.230000	0.540000	
23:50:03	0.640000	0.590000	0.240000	0.530000	
23:51:03	0.640000	0.590000	0.250000	0.520000	
23:52:03	0.640000	0.590000	0.260000	0.510000	
23:53:02	0.640000	0.590000	0.270000	0.500000	
23:54:02	0.640000	0.590000	0.280000	0.490000	
23:55:03	0.640000	0.590000	0.290000	0.480000	
23:56:03	0.640000	0.590000	0.300000	0.470000	
23:57:03	0.640000	0.590000	0.310000	0.460000	
23:58:02	0.640000	0.590000	0.320000	0.450000	
23:59:02	0.640000	0.590000	0.330000	0.440000	
23:60:03	0.640000	0.590000	0.340000	0.430000	
24:01:03	0.640000	0.590000	0.350000	0.420000	
24:02:02	0.640000	0.590000	0.360000	0.410000	
24:03:02	0.640000	0.590000	0.370000	0.400000	
24:04:02	0.640000	0.590000	0.380000	0.390000	
24:05:03	0.640000	0.590000	0.390000	0.380000	
24:06:03	0.640000	0.590000	0.400000	0.370000	
24:07:02	0.640000	0.590000	0.410000	0.360000	
24:08:02	0.640000	0.590000	0.420000	0.350000	
24:09:02	0.640000	0.590000	0.430000	0.340000	
24:10:02	0.640000	0.590000	0.440000	0.330000	
24:11:02	0.640000	0.590000	0.450000	0.320000	
24:12:02	0.640000	0.590000	0.460000	0.310000	
24:13:03	0.640000	0.590000	0.470000	0.300000	
24:14:03	0.640000	0.590000	0.480000	0.290000	
24:15:02	0.640000	0.590000	0.490000	0.280000	
24:16:02	0.640000	0.590000	0.500000	0.270000	
24:17:02	0.640000	0.590000	0.510000	0.260000	
